2022-07-09 01:24:31.291 [NOTI] {"bg_img":"2/2022/07/SHf1y4.webp","created_at":"2022-07-03 14:25:52","desc":"","file_path":"/sys/tool/urls.html","icon":"2/2022/07/SHf1y4.webp","id":136,"name":"站点导航","path":"/to/urls","pid":132,"sort":2.2,"status":1,"type":1,"updated_at":"2022-07-03 18:41:45"} 
2022-07-09 01:24:33.629 [NOTI] {"bgImg":"","desc":"","filePath":"/sys/tool/urls.html","icon":"2/2022/07/SHf1y4.webp","id":136,"name":"站点导航","path":"/to/urls","pid":132,"sort":2.2,"status":1,"type":1,"updatedAt":null} 
2022-07-09 01:24:33.643 [NOTI] {"bg_img":"","created_at":"2022-07-03 14:25:52","desc":"","file_path":"/sys/tool/urls.html","icon":"2/2022/07/SHf1y4.webp","id":136,"name":"站点导航","path":"/to/urls","pid":132,"sort":2.2,"status":1,"type":1,"updated_at":"2022-07-09 01:24:33"} 
2022-07-09 10:53:34.572 [INFO] Server start at :http://localhost:1211/login 
2022-07-09 12:24:28.455 [INFO] Server start at :http://localhost:1211/login 
2022-07-09 12:46:11.434 [INFO] Server start at :http://localhost:1211/login 
2022-07-09 15:44:07.673 [INFO] Server start at :http://localhost:1211/login 
2022-07-09 16:08:21.940 [NOTI] {"bg_img":"2/2022/07/qMBDps.png","created_at":"2022-03-04 16:57:14","desc":"","file_path":null,"icon":"1/2022/03/IdGUqj.png","id":3,"name":"角色","path":"/role/path","pid":1,"sort":1.3,"status":1,"type":1,"updated_at":"2022-07-03 12:49:23"} 
2022-07-09 16:08:31.487 [NOTI] {"bgImg":"","desc":"","filePath":"\"\"","icon":"1/2022/03/IdGUqj.png","id":3,"name":"角色","path":"/role/path","pid":1,"sort":1.3,"status":1,"type":1,"updatedAt":null} 
2022-07-09 16:08:31.538 [NOTI] {"bg_img":"","created_at":"2022-03-04 16:57:14","desc":"","file_path":"\"\"","icon":"1/2022/03/IdGUqj.png","id":3,"name":"角色","path":"/role/path","pid":1,"sort":1.3,"status":1,"type":1,"updated_at":"2022-07-09 16:08:31"} 
2022-07-09 16:08:41.154 [NOTI] {"bg_img":"2/2022/07/SHf1y4.webp","created_at":"2022-03-08 15:45:04","desc":"","file_path":"","icon":"1/2022/03/5Eoxb1.png","id":5,"name":"管理员","path":"/admin/path","pid":1,"sort":1.4,"status":1,"type":1,"updated_at":"2022-07-03 18:38:36"} 
2022-07-09 16:09:22.280 [NOTI] {"bg_img":"","created_at":"2022-06-29 16:58:46","desc":"","file_path":"\"\"","icon":"","id":132,"name":"工具","path":"\"\"","pid":-1,"sort":2,"status":1,"type":2,"updated_at":"2022-07-05 13:29:15"} 
2022-07-09 16:09:35.613 [NOTI] {"bg_img":"","created_at":"2022-06-29 16:58:46","desc":"","file_path":"\"\"","icon":"","id":132,"name":"工具","path":"\"\"","pid":-1,"sort":2,"status":1,"type":2,"updated_at":"2022-07-05 13:29:15"} 
2022-07-09 16:09:37.596 [NOTI] {"bgImg":"","desc":"","filePath":"","icon":"","id":132,"name":"工具","path":"","pid":-1,"sort":2,"status":1,"type":2,"updatedAt":null} 
2022-07-09 16:09:37.610 [NOTI] {"bg_img":"","created_at":"2022-06-29 16:58:46","desc":"","file_path":"","icon":"","id":132,"name":"工具","path":"","pid":-1,"sort":2,"status":1,"type":2,"updated_at":"2022-07-09 16:09:37"} 
2022-07-09 16:09:46.031 [NOTI] {"bg_img":null,"created_at":"2022-06-24 14:18:55","desc":"","file_path":null,"icon":"","id":1,"name":"系统","path":"\"\"","pid":-1,"sort":1,"status":1,"type":2,"updated_at":"2022-06-25 16:28:25"} 
2022-07-09 16:09:47.697 [NOTI] {"bgImg":"","desc":"","filePath":"","icon":"","id":1,"name":"系统","path":"","pid":-1,"sort":1,"status":1,"type":2,"updatedAt":null} 
2022-07-09 16:09:47.704 [NOTI] {"bg_img":"","created_at":"2022-06-24 14:18:55","desc":"","file_path":"","icon":"","id":1,"name":"系统","path":"","pid":-1,"sort":1,"status":1,"type":2,"updated_at":"2022-07-09 16:09:47"} 
2022-07-09 16:10:04.865 [NOTI] {"bg_img":"2/2022/07/SHf1y4.webp","created_at":"2022-03-08 15:45:04","desc":"","file_path":"","icon":"1/2022/03/5Eoxb1.png","id":5,"name":"管理员","path":"/admin/path","pid":1,"sort":1.4,"status":1,"type":1,"updated_at":"2022-07-03 18:38:36"} 
2022-07-09 16:10:07.050 [NOTI] {"bgImg":"","desc":"","filePath":"","icon":"1/2022/03/5Eoxb1.png","id":5,"name":"管理员","path":"/admin/path","pid":1,"sort":1.4,"status":1,"type":1,"updatedAt":null} 
2022-07-09 16:10:07.102 [NOTI] {"bg_img":"","created_at":"2022-03-08 15:45:04","desc":"","file_path":"","icon":"1/2022/03/5Eoxb1.png","id":5,"name":"管理员","path":"/admin/path","pid":1,"sort":1.4,"status":1,"type":1,"updated_at":"2022-07-09 16:10:07"} 
2022-07-09 16:19:49.294 [NOTI] {"bg_img":"","created_at":"2022-06-13 19:59:57","desc":"","file_path":null,"icon":"","id":78,"name":"操作日志","path":"/operationLog/path","pid":1,"sort":1.8,"status":1,"type":1,"updated_at":"2022-07-03 13:12:45"} 
2022-07-09 16:19:58.672 [NOTI] {"bgImg":"","desc":"","filePath":"","icon":"2/2022/07/lSCC0m.webp","id":78,"name":"操作日志","path":"/operationLog/path","pid":1,"sort":1.8,"status":1,"type":1,"updatedAt":null} 
2022-07-09 16:19:58.686 [NOTI] {"bg_img":"","created_at":"2022-06-13 19:59:57","desc":"","file_path":"","icon":"2/2022/07/lSCC0m.webp","id":78,"name":"操作日志","path":"/operationLog/path","pid":1,"sort":1.8,"status":1,"type":1,"updated_at":"2022-07-09 16:19:58"} 
2022-07-09 16:20:31.615 [NOTI] {"bg_img":"","created_at":"2022-07-05 19:01:03","desc":"这里是node页面可以对数据进行相应的操作。","file_path":"“”","icon":"https://www.gravatar.com/avatar/2470424680?d=identicon\u0026f=y","id":138,"name":"备忘录","path":"/node/path","pid":132,"sort":2.4,"status":1,"type":1,"updated_at":"2022-07-08 19:38:29"} 
2022-07-09 16:20:37.881 [NOTI] {"bgImg":"","desc":"这里是node页面可以对数据进行相应的操作。","filePath":"“”","icon":"2/2022/07/CQVqgn.webp","id":138,"name":"备忘录","path":"/node/path","pid":132,"sort":2.4,"status":1,"type":1,"updatedAt":null} 
2022-07-09 16:20:37.894 [NOTI] {"bg_img":"","created_at":"2022-07-05 19:01:03","desc":"这里是node页面可以对数据进行相应的操作。","file_path":"“”","icon":"2/2022/07/CQVqgn.webp","id":138,"name":"备忘录","path":"/node/path","pid":132,"sort":2.4,"status":1,"type":1,"updated_at":"2022-07-09 16:20:37"} 
2022-07-09 16:20:54.053 [NOTI] {"bg_img":"","created_at":"2022-07-05 19:01:03","desc":"这里是node页面可以对数据进行相应的操作。","file_path":"“”","icon":"2/2022/07/CQVqgn.webp","id":138,"name":"备忘录","path":"/node/path","pid":132,"sort":2.4,"status":1,"type":1,"updated_at":"2022-07-09 16:20:37"} 
2022-07-09 16:21:04.320 [NOTI] {"bgImg":"","desc":"我的备忘录","filePath":"","icon":"2/2022/07/CQVqgn.webp","id":138,"name":"备忘录","path":"/node/path","pid":132,"sort":2.4,"status":1,"type":1,"updatedAt":null} 
2022-07-09 16:21:04.334 [NOTI] {"bg_img":"","created_at":"2022-07-05 19:01:03","desc":"我的备忘录","file_path":"","icon":"2/2022/07/CQVqgn.webp","id":138,"name":"备忘录","path":"/node/path","pid":132,"sort":2.4,"status":1,"type":1,"updated_at":"2022-07-09 16:21:04"} 
2022-07-09 16:32:14.432 [INFO] Server start at :http://localhost:1211/login 
2022-07-09 16:32:37.143 [INFO] Server start at :http://localhost:1211/login 
2022-07-09 16:32:43.018 [INFO] Server start at :http://localhost:1211/login 
2022-07-09 16:32:51.871 [INFO] Server start at :http://localhost:1211/login 
2022-07-09 16:33:26.883 [INFO] Server start at :http://localhost:1211/login 
2022-07-09 16:33:58.020 [INFO] Server start at :http://localhost:1211/login 
2022-07-09 16:34:17.467 [NOTI] {"bg_img":"","created_at":"2022-06-29 16:58:46","desc":"","file_path":"","icon":"","id":132,"name":"工具","path":"","pid":-1,"sort":2,"status":1,"type":2,"updated_at":"2022-07-09 16:09:37"} 
2022-07-09 16:34:19.237 [NOTI] {"BgImg":"","CreatedAt":null,"Desc":"","FilePath":"","Icon":"","Id":"132","Name":"工具","Path":"","Pid":"-1","Sort":"2","Status":"1","Type":"2","UpdatedAt":null} 
2022-07-09 16:34:19.253 [NOTI] {"bg_img":"","created_at":null,"desc":"","file_path":"","icon":"","id":132,"name":"工具","path":"","pid":-1,"sort":2,"status":1,"type":2,"updated_at":"2022-07-09 16:34:19"} 
2022-07-09 16:34:23.954 [NOTI] {"bg_img":"","created_at":null,"desc":"","file_path":"","icon":"","id":132,"name":"工具","path":"","pid":-1,"sort":2,"status":1,"type":2,"updated_at":"2022-07-09 16:34:19"} 
2022-07-09 16:34:31.662 [NOTI] {"BgImg":"","CreatedAt":null,"Desc":"","FilePath":"","Icon":"","Id":"132","Name":"工具","Path":"2222222","Pid":"-1","Sort":"2","Status":"1","Type":"2","UpdatedAt":null} 
2022-07-09 16:34:31.671 [NOTI] {"bg_img":"","created_at":null,"desc":"","file_path":"","icon":"","id":132,"name":"工具","path":"2222222","pid":-1,"sort":2,"status":1,"type":2,"updated_at":"2022-07-09 16:34:31"} 
2022-07-09 16:34:35.342 [NOTI] {"bg_img":"","created_at":null,"desc":"","file_path":"","icon":"","id":132,"name":"工具","path":"2222222","pid":-1,"sort":2,"status":1,"type":2,"updated_at":"2022-07-09 16:34:31"} 
2022-07-09 16:34:38.216 [NOTI] {"BgImg":"","CreatedAt":null,"Desc":"","FilePath":"","Icon":"","Id":"132","Name":"工具","Path":"","Pid":"-1","Sort":"2","Status":"1","Type":"2","UpdatedAt":null} 
2022-07-09 16:34:38.231 [NOTI] {"bg_img":"","created_at":null,"desc":"","file_path":"","icon":"","id":132,"name":"工具","path":"","pid":-1,"sort":2,"status":1,"type":2,"updated_at":"2022-07-09 16:34:38"} 
2022-07-09 16:35:04.912 [INFO] Server start at :http://localhost:1211/login 
2022-07-09 16:35:11.968 [NOTI] {"bg_img":"","created_at":null,"desc":"","file_path":"","icon":"","id":132,"name":"工具","path":"","pid":-1,"sort":2,"status":1,"type":2,"updated_at":"2022-07-09 16:34:38"} 
2022-07-09 16:35:16.506 [NOTI] {"BgImg":"","CreatedAt":null,"Desc":"","FilePath":"","Icon":"","Id":"132","Name":"工具","Path":"","Pid":"-1","Sort":"2","Status":"1","Type":"2","UpdatedAt":null} 
2022-07-09 16:35:16.521 [NOTI] {"bg_img":"","created_at":null,"desc":"","file_path":"","icon":"","id":132,"name":"工具","path":"","pid":-1,"sort":2,"status":1,"type":2,"updated_at":"2022-07-09 16:35:16"} 
2022-07-09 16:35:40.913 [INFO] Server start at :http://localhost:1211/login 
2022-07-09 16:37:03.008 [NOTI] {"bg_img":"","created_at":"2022-07-09 16:35:16","desc":"","file_path":"","icon":"","id":132,"name":"工具","path":"","pid":-1,"sort":2,"status":1,"type":2,"updated_at":"2022-07-09 16:35:16"} 
2022-07-09 16:37:06.723 [NOTI] {"BgImg":"","CreatedAt":null,"Desc":"","FilePath":"","Icon":"","Id":"132","Name":"工具","Path":"","Pid":"-1","Sort":"2","Status":"1","Type":"2","UpdatedAt":null} 
2022-07-09 16:37:06.743 [NOTI] {"bg_img":"","created_at":null,"desc":"","file_path":"","icon":"","id":132,"name":"工具","path":"","pid":-1,"sort":2,"status":1,"type":2,"updated_at":"2022-07-09 16:37:06"} 
2022-07-09 16:37:20.002 [NOTI] {"bg_img":"","created_at":null,"desc":"","file_path":"","icon":"","id":132,"name":"工具","path":"","pid":-1,"sort":2,"status":1,"type":2,"updated_at":"2022-07-09 16:37:06"} 
2022-07-09 16:37:58.620 [INFO] Server start at :http://localhost:1211/login 
2022-07-09 16:39:08.765 [NOTI] {"BgImg":"","CreatedAt":null,"Desc":"","FilePath":"","Icon":"","Id":"132","Name":"工具","Path":"","Pid":"-1","Sort":"2","Status":"1","Type":"2","UpdatedAt":null} 
2022-07-09 16:39:08.781 [NOTI] {"bg_img":"","created_at":null,"desc":"","file_path":"","icon":"","id":132,"name":"工具","path":"","pid":-1,"sort":2,"status":1,"type":2,"updated_at":"2022-07-09 16:39:08"} 
2022-07-09 16:39:44.688 [INFO] Server start at :http://localhost:1211/login 
2022-07-09 16:39:46.825 [NOTI] {"BgImg":"","Desc":"","FilePath":"","Icon":"","Id":"132","Name":"工具","Path":"","Pid":"-1","Sort":"2","Status":"1","Type":"2","UpdatedAt":null} 
2022-07-09 16:39:46.841 [NOTI] {"bg_img":"","created_at":null,"desc":"","file_path":"","icon":"","id":132,"name":"工具","path":"","pid":-1,"sort":2,"status":1,"type":2,"updated_at":"2022-07-09 16:39:46"} 
2022-07-09 16:44:44.871 [NOTI] {"bg_img":"","created_at":null,"desc":"","file_path":"","icon":"","id":132,"name":"工具","path":"","pid":-1,"sort":2,"status":1,"type":2,"updated_at":"2022-07-09 16:39:46"} 
2022-07-09 16:44:45.866 [NOTI] {"bg_img":"","created_at":null,"desc":"","file_path":"","icon":"","id":132,"name":"工具","path":"","pid":-1,"sort":2,"status":1,"type":2,"updated_at":"2022-07-09 16:39:46"} 
2022-07-09 16:44:46.510 [NOTI] {"bg_img":"","created_at":null,"desc":"","file_path":"","icon":"","id":132,"name":"工具","path":"","pid":-1,"sort":2,"status":1,"type":2,"updated_at":"2022-07-09 16:39:46"} 
2022-07-09 16:44:47.907 [NOTI] {"bg_img":"","created_at":null,"desc":"","file_path":"","icon":"","id":132,"name":"工具","path":"","pid":-1,"sort":2,"status":1,"type":2,"updated_at":"2022-07-09 16:39:46"} 
2022-07-09 16:44:48.345 [NOTI] {"bg_img":"","created_at":null,"desc":"","file_path":"","icon":"","id":132,"name":"工具","path":"","pid":-1,"sort":2,"status":1,"type":2,"updated_at":"2022-07-09 16:39:46"} 
2022-07-09 16:44:48.532 [NOTI] {"bg_img":"","created_at":null,"desc":"","file_path":"","icon":"","id":132,"name":"工具","path":"","pid":-1,"sort":2,"status":1,"type":2,"updated_at":"2022-07-09 16:39:46"} 
2022-07-09 16:44:48.683 [NOTI] {"bg_img":"","created_at":null,"desc":"","file_path":"","icon":"","id":132,"name":"工具","path":"","pid":-1,"sort":2,"status":1,"type":2,"updated_at":"2022-07-09 16:39:46"} 
2022-07-09 16:44:48.837 [NOTI] {"bg_img":"","created_at":null,"desc":"","file_path":"","icon":"","id":132,"name":"工具","path":"","pid":-1,"sort":2,"status":1,"type":2,"updated_at":"2022-07-09 16:39:46"} 
2022-07-09 16:44:49.015 [NOTI] {"bg_img":"","created_at":null,"desc":"","file_path":"","icon":"","id":132,"name":"工具","path":"","pid":-1,"sort":2,"status":1,"type":2,"updated_at":"2022-07-09 16:39:46"} 
2022-07-09 16:44:49.234 [NOTI] {"bg_img":"","created_at":null,"desc":"","file_path":"","icon":"","id":132,"name":"工具","path":"","pid":-1,"sort":2,"status":1,"type":2,"updated_at":"2022-07-09 16:39:46"} 
2022-07-09 16:44:49.337 [NOTI] {"bg_img":"","created_at":null,"desc":"","file_path":"","icon":"","id":132,"name":"工具","path":"","pid":-1,"sort":2,"status":1,"type":2,"updated_at":"2022-07-09 16:39:46"} 
2022-07-09 16:44:49.346 [NOTI] {"bg_img":"","created_at":null,"desc":"","file_path":"","icon":"","id":132,"name":"工具","path":"","pid":-1,"sort":2,"status":1,"type":2,"updated_at":"2022-07-09 16:39:46"} 
2022-07-09 16:44:49.701 [NOTI] {"bg_img":"","created_at":null,"desc":"","file_path":"","icon":"","id":132,"name":"工具","path":"","pid":-1,"sort":2,"status":1,"type":2,"updated_at":"2022-07-09 16:39:46"} 
2022-07-09 16:44:49.868 [NOTI] {"bg_img":"","created_at":null,"desc":"","file_path":"","icon":"","id":132,"name":"工具","path":"","pid":-1,"sort":2,"status":1,"type":2,"updated_at":"2022-07-09 16:39:46"} 
2022-07-09 16:44:50.032 [NOTI] {"bg_img":"","created_at":null,"desc":"","file_path":"","icon":"","id":132,"name":"工具","path":"","pid":-1,"sort":2,"status":1,"type":2,"updated_at":"2022-07-09 16:39:46"} 
2022-07-09 16:44:50.205 [NOTI] {"bg_img":"","created_at":null,"desc":"","file_path":"","icon":"","id":132,"name":"工具","path":"","pid":-1,"sort":2,"status":1,"type":2,"updated_at":"2022-07-09 16:39:46"} 
2022-07-09 16:44:50.998 [NOTI] {"bg_img":"","created_at":null,"desc":"","file_path":"","icon":"","id":132,"name":"工具","path":"","pid":-1,"sort":2,"status":1,"type":2,"updated_at":"2022-07-09 16:39:46"} 
2022-07-09 16:44:59.968 [INFO] Server start at :http://localhost:1211/login 
2022-07-09 16:45:07.485 [NOTI] {"BgImg":"","Desc":"","FilePath":"","Icon":"","Id":"132","Name":"工具","Path":"","Pid":"-1","Sort":"2","Status":"1","Type":"2","UpdatedAt":null} 
2022-07-09 16:45:40.211 [NOTI] {"BgImg":"","Desc":"","FilePath":"","Icon":"","Id":"132","Name":"工具","Path":"","Pid":"-1","Sort":"2","Status":"1","Type":"2","UpdatedAt":null} 
2022-07-09 16:46:05.981 [INFO] Server start at :http://localhost:1211/login 
2022-07-09 17:13:01.057 [INFO] Server start at :http://localhost:1211/login 
2022-07-09 17:13:21.418 [INFO] Server start at :http://localhost:1211/login 
2022-07-09 17:15:05.210 [INFO] Server start at :http://localhost:1211/login 
2022-07-09 17:15:58.811 [INFO] Server start at :http://localhost:1211/login 
2022-07-09 17:43:42.618 [INFO] Server start at :http://localhost:1211/login 
2022-07-09 17:43:49.095 [INFO] Server start at :http://localhost:1211/login 
2022-07-09 18:41:50.141 [NOTI] {"bgImg":"","createdAt":null,"desc":"","filePath":"","icon":"1/2022/03/BYFY4d.gif","id":4,"name":"API","path":"/api/path","pid":1,"sort":1.2,"status":1,"type":1,"updatedAt":null} 
