2022-06-26 14:14:01.406 [INFO] Server start at :http://localhost:1211/login 
2022-06-26 14:52:50.579 [INFO] Server start at :http://localhost:1211/login 
2022-06-26 14:54:15.671 [INFO] Server start at :http://localhost:1211/login 
2022-06-26 14:54:38.093 [INFO] Server start at :http://localhost:1211/login 
2022-06-26 15:00:10.539 [DEBU] {40d04e558219fc163bd35e68c3811008} 查询一级菜单，子菜单最大排序为1 
2022-06-26 15:00:10.539 [DEBU] {40d04e558219fc163bd35e68c3811008} 检查二级菜单是否存在 
2022-06-26 15:00:10.539 [WARN] {40d04e558219fc163bd35e68c3811008} 菜单路径已存在,未执行插入菜单操作 
2022-06-26 15:00:13.415 [INFO] Server start at :http://localhost:1211/login 
2022-06-26 15:00:56.822 [DEBU] {1b11fb1b8d19fc162caa3740e1154540} 查询一级菜单，子菜单最大排序为1 
2022-06-26 15:00:56.822 [DEBU] {1b11fb1b8d19fc162caa3740e1154540} 检查二级菜单是否存在 
2022-06-26 15:00:56.823 [WARN] {1b11fb1b8d19fc162caa3740e1154540} 菜单路径已存在,未执行插入菜单操作 
2022-06-26 15:00:59.722 [INFO] Server start at :http://localhost:1211/login 
2022-06-26 15:01:23.328 [DEBU] {6113ef479319fc16feacef424e045790} 查询一级菜单，子菜单最大排序为1 
2022-06-26 15:01:23.328 [DEBU] {6113ef479319fc16feacef424e045790} 检查二级菜单是否存在 
2022-06-26 15:01:23.329 [WARN] {6113ef479319fc16feacef424e045790} 菜单路径已存在,未执行插入菜单操作 
2022-06-26 15:01:27.152 [INFO] Server start at :http://localhost:1211/login 
2022-06-26 15:02:37.457 [INFO] Server start at :http://localhost:1211/login 
2022-06-26 15:05:15.211 [INFO] Server start at :http://localhost:1211/login 
2022-06-26 15:11:56.519 [INFO] Server start at :http://localhost:1211/login 
2022-06-26 15:12:06.309 [INFO] Server start at :http://localhost:1211/login 
2022-06-26 15:12:43.399 [INFO] Server start at :http://localhost:1211/login 
2022-06-26 15:12:53.921 [DEBU] {b0303c12341afc16bd7bc141a92002d2} 查询一级菜单，子菜单最大排序为1 
2022-06-26 15:12:53.921 [DEBU] {b0303c12341afc16bd7bc141a92002d2} 检查二级菜单是否存在 
2022-06-26 15:12:53.921 [WARN] {b0303c12341afc16bd7bc141a92002d2} 菜单路径已存在,未执行插入菜单操作 
2022-06-26 15:12:56.895 [INFO] Server start at :http://localhost:1211/login 
2022-06-26 15:14:33.005 [INFO] Server start at :http://localhost:1211/login 
2022-06-26 15:14:56.601 [INFO] Server start at :http://localhost:1211/login 
2022-06-26 15:14:58.209 [DEBU] {eec16102511afc16867d2a36beb5dc01} 查询一级菜单，子菜单最大排序为1 
2022-06-26 15:14:58.209 [DEBU] {eec16102511afc16867d2a36beb5dc01} 检查二级菜单是否存在 
2022-06-26 15:14:58.210 [WARN] {eec16102511afc16867d2a36beb5dc01} 菜单路径已存在,未执行插入菜单操作 
2022-06-26 15:15:01.151 [INFO] Server start at :http://localhost:1211/login 
2022-06-26 15:18:29.394 [DEBU] {e953302e821afc16404656288aa93c03} 查询一级菜单，子菜单最大排序为1 
2022-06-26 15:18:29.395 [DEBU] {e953302e821afc16404656288aa93c03} 检查二级菜单是否存在 
2022-06-26 15:18:29.395 [WARN] {e953302e821afc16404656288aa93c03} 菜单路径已存在,未执行插入菜单操作 
2022-06-26 15:18:33.206 [INFO] Server start at :http://localhost:1211/login 
2022-06-26 15:19:15.022 [DEBU] {cb65cccd8c1afc165c606c29722e6f7c} 查询一级菜单，子菜单最大排序为1 
2022-06-26 15:19:15.022 [DEBU] {cb65cccd8c1afc165c606c29722e6f7c} 检查二级菜单是否存在 
2022-06-26 15:19:15.023 [WARN] {cb65cccd8c1afc165c606c29722e6f7c} 菜单路径已存在,未执行插入菜单操作 
2022-06-26 15:19:17.954 [INFO] Server start at :http://localhost:1211/login 
2022-06-26 15:27:04.141 [DEBU] {0d2b6907fa1afc16fa2aaa7b34bc288b} 查询一级菜单，子菜单最大排序为1 
2022-06-26 15:27:04.141 [DEBU] {0d2b6907fa1afc16fa2aaa7b34bc288b} 检查二级菜单是否存在 
2022-06-26 15:27:04.142 [WARN] {0d2b6907fa1afc16fa2aaa7b34bc288b} 菜单路径已存在,未执行插入菜单操作 
2022-06-26 15:30:42.762 [INFO] Server start at :http://localhost:1211/login 
2022-06-26 15:34:25.625 [INFO] Server start at :http://localhost:1211/login 
2022-06-26 15:35:02.441 [DEBU] {d8812564691bfc16cf084f631753a5bb} 查询一级菜单，子菜单最大排序为1 
2022-06-26 15:35:02.441 [DEBU] {d8812564691bfc16cf084f631753a5bb} 检查二级菜单是否存在 
2022-06-26 15:35:02.441 [WARN] {d8812564691bfc16cf084f631753a5bb} 菜单路径已存在,未执行插入菜单操作 
2022-06-26 15:35:38.279 [DEBU] {e2cd7ebc711bfc16d6084f635b50d523} 查询一级菜单，子菜单最大排序为1 
2022-06-26 15:35:38.279 [DEBU] {e2cd7ebc711bfc16d6084f635b50d523} 检查二级菜单是否存在 
2022-06-26 15:35:38.279 [WARN] {e2cd7ebc711bfc16d6084f635b50d523} 菜单路径已存在,未执行插入菜单操作 
2022-06-26 15:36:22.192 [DEBU] {8a95e1f57b1bfc16db084f63a085e868} 查询一级菜单，子菜单最大排序为1 
2022-06-26 15:36:22.193 [DEBU] {8a95e1f57b1bfc16db084f63a085e868} 检查二级菜单是否存在 
2022-06-26 15:36:22.193 [WARN] {8a95e1f57b1bfc16db084f63a085e868} 菜单路径已存在,未执行插入菜单操作 
2022-06-26 15:36:27.990 [DEBU] {ff34874f7d1bfc16e4084f6383087798} 查询一级菜单，子菜单最大排序为1 
2022-06-26 15:36:27.990 [DEBU] {ff34874f7d1bfc16e4084f6383087798} 检查二级菜单是否存在 
2022-06-26 15:36:27.990 [WARN] {ff34874f7d1bfc16e4084f6383087798} 菜单路径已存在,未执行插入菜单操作 
2022-06-26 15:37:56.805 [DEBU] {a17e54fd911bfc16f1084f63f72cdd4c} 查询一级菜单，子菜单最大排序为1 
2022-06-26 15:37:56.805 [DEBU] {a17e54fd911bfc16f1084f63f72cdd4c} 检查二级菜单是否存在 
2022-06-26 15:37:56.806 [WARN] {a17e54fd911bfc16f1084f63f72cdd4c} 菜单路径已存在,未执行插入菜单操作 
2022-06-26 15:39:44.762 [INFO] Server start at :http://localhost:1211/login 
2022-06-26 15:39:47.374 [DEBU] {90b679bbab1bfc16cbc9ef4bd81b9b19} 查询一级菜单，子菜单最大排序为1 
2022-06-26 15:39:47.374 [DEBU] {90b679bbab1bfc16cbc9ef4bd81b9b19} 检查二级菜单是否存在 
2022-06-26 15:39:47.374 [WARN] {90b679bbab1bfc16cbc9ef4bd81b9b19} 菜单路径已存在,未执行插入菜单操作 
2022-06-26 15:39:50.241 [INFO] Server start at :http://localhost:1211/login 
2022-06-26 15:41:09.306 [INFO] Server start at :http://localhost:1211/login 
2022-06-26 15:41:09.544 [DEBU] {efb82eddbe1bfc163fa142797b5ba34d} 查询一级菜单，子菜单最大排序为1 
2022-06-26 15:41:09.544 [DEBU] {efb82eddbe1bfc163fa142797b5ba34d} 检查二级菜单是否存在 
2022-06-26 15:41:09.544 [WARN] {efb82eddbe1bfc163fa142797b5ba34d} 菜单路径已存在,未执行插入菜单操作 
2022-06-26 15:41:12.418 [INFO] Server start at :http://localhost:1211/login 
2022-06-26 15:41:47.748 [INFO] Server start at :http://localhost:1211/login 
2022-06-26 15:41:49.678 [DEBU] {7fb66235c81bfc16383d3e616579265a} 查询一级菜单，子菜单最大排序为1 
2022-06-26 15:41:49.678 [DEBU] {7fb66235c81bfc16383d3e616579265a} 检查二级菜单是否存在 
2022-06-26 15:41:49.679 [WARN] {7fb66235c81bfc16383d3e616579265a} 菜单路径已存在,未执行插入菜单操作 
2022-06-26 15:41:52.739 [INFO] Server start at :http://localhost:1211/login 
2022-06-26 15:42:13.419 [INFO] Server start at :http://localhost:1211/login 
2022-06-26 15:42:17.061 [DEBU] {bf7e8b95ce1bfc1676459a45fb428fbf} 查询一级菜单，子菜单最大排序为1 
2022-06-26 15:42:17.062 [DEBU] {bf7e8b95ce1bfc1676459a45fb428fbf} 检查二级菜单是否存在 
2022-06-26 15:42:17.062 [WARN] {bf7e8b95ce1bfc1676459a45fb428fbf} 菜单路径已存在,未执行插入菜单操作 
2022-06-26 15:42:19.939 [INFO] Server start at :http://localhost:1211/login 
2022-06-26 15:43:55.556 [DEBU] {7b074384e51bfc16df304c3584b3297f} 查询一级菜单，子菜单最大排序为1 
2022-06-26 15:43:55.556 [DEBU] {7b074384e51bfc16df304c3584b3297f} 检查二级菜单是否存在 
2022-06-26 15:43:55.556 [WARN] {7b074384e51bfc16df304c3584b3297f} 菜单路径已存在,未执行插入菜单操作 
2022-06-26 15:43:57.999 [INFO] Server start at :http://localhost:1211/login 
2022-06-26 15:44:01.348 [DEBU] {07238cdde61bfc165a498f61d4743822} 查询一级菜单，子菜单最大排序为1 
2022-06-26 15:44:01.349 [DEBU] {07238cdde61bfc165a498f61d4743822} 检查二级菜单是否存在 
2022-06-26 15:44:01.349 [WARN] {07238cdde61bfc165a498f61d4743822} 菜单路径已存在,未执行插入菜单操作 
2022-06-26 15:44:04.248 [INFO] Server start at :http://localhost:1211/login 
2022-06-26 15:44:09.898 [DEBU] {3e0130dbe81bfc1668291f3f95dc4e64} 查询一级菜单，子菜单最大排序为1 
2022-06-26 15:44:09.898 [DEBU] {3e0130dbe81bfc1668291f3f95dc4e64} 检查二级菜单是否存在 
2022-06-26 15:44:09.898 [WARN] {3e0130dbe81bfc1668291f3f95dc4e64} 菜单路径已存在,未执行插入菜单操作 
2022-06-26 15:44:12.843 [INFO] Server start at :http://localhost:1211/login 
2022-06-26 15:44:36.647 [DEBU] {2ad58415ef1bfc1653a2a02b91a7883f} 查询一级菜单，子菜单最大排序为1 
2022-06-26 15:44:36.647 [DEBU] {2ad58415ef1bfc1653a2a02b91a7883f} 检查二级菜单是否存在 
2022-06-26 15:44:36.648 [WARN] {2ad58415ef1bfc1653a2a02b91a7883f} 菜单路径已存在,未执行插入菜单操作 
2022-06-26 15:44:37.984 [INFO] Server start at :http://localhost:1211/login 
2022-06-26 15:44:48.315 [DEBU] {9fb0fbccf11bfc166901320386d864da} 查询一级菜单，子菜单最大排序为1 
2022-06-26 15:44:48.315 [DEBU] {9fb0fbccf11bfc166901320386d864da} 检查二级菜单是否存在 
2022-06-26 15:44:48.315 [WARN] {9fb0fbccf11bfc166901320386d864da} 菜单路径已存在,未执行插入菜单操作 
2022-06-26 15:44:51.246 [INFO] Server start at :http://localhost:1211/login 
2022-06-26 15:45:08.994 [DEBU] {7d5e6b9df61bfc1628c0c55df5ef4878} 查询一级菜单，子菜单最大排序为1 
2022-06-26 15:45:08.994 [DEBU] {7d5e6b9df61bfc1628c0c55df5ef4878} 检查二级菜单是否存在 
2022-06-26 15:45:08.995 [WARN] {7d5e6b9df61bfc1628c0c55df5ef4878} 菜单路径已存在,未执行插入菜单操作 
2022-06-26 15:45:11.547 [INFO] Server start at :http://localhost:1211/login 
2022-06-26 15:45:13.412 [DEBU] {ef90e0a4f71bfc169c5acc2b92c7528e} 查询一级菜单，子菜单最大排序为1 
2022-06-26 15:45:13.412 [DEBU] {ef90e0a4f71bfc169c5acc2b92c7528e} 检查二级菜单是否存在 
2022-06-26 15:45:13.413 [WARN] {ef90e0a4f71bfc169c5acc2b92c7528e} 菜单路径已存在,未执行插入菜单操作 
2022-06-26 15:45:16.335 [INFO] Server start at :http://localhost:1211/login 
2022-06-26 15:46:27.234 [INFO] Server start at :http://localhost:1211/login 
2022-06-26 15:46:27.983 [DEBU] {460ea901091cfc166cf97305642c1248} 查询一级菜单，子菜单最大排序为1 
2022-06-26 15:46:27.983 [DEBU] {460ea901091cfc166cf97305642c1248} 检查二级菜单是否存在 
2022-06-26 15:46:27.983 [WARN] {460ea901091cfc166cf97305642c1248} 菜单路径已存在,未执行插入菜单操作 
2022-06-26 15:46:30.943 [INFO] Server start at :http://localhost:1211/login 
2022-06-26 15:46:53.147 [DEBU] {81049edd0e1cfc162e2c5b796758880a} 查询一级菜单，子菜单最大排序为1 
2022-06-26 15:46:53.148 [DEBU] {81049edd0e1cfc162e2c5b796758880a} 检查二级菜单是否存在 
2022-06-26 15:46:53.148 [WARN] {81049edd0e1cfc162e2c5b796758880a} 菜单路径已存在,未执行插入菜单操作 
2022-06-26 15:46:56.040 [INFO] Server start at :http://localhost:1211/login 
2022-06-26 15:47:17.858 [INFO] Server start at :http://localhost:1211/login 
2022-06-26 15:47:18.892 [DEBU] {f38e1adc141cfc16f4a0cb5d00e2dc26} 查询一级菜单，子菜单最大排序为1 
2022-06-26 15:47:18.893 [DEBU] {f38e1adc141cfc16f4a0cb5d00e2dc26} 检查二级菜单是否存在 
2022-06-26 15:47:18.893 [WARN] {f38e1adc141cfc16f4a0cb5d00e2dc26} 菜单路径已存在,未执行插入菜单操作 
2022-06-26 15:47:21.832 [INFO] Server start at :http://localhost:1211/login 
2022-06-26 15:47:35.239 [DEBU] {999a7baa181cfc160c54103129e592fe} 查询一级菜单，子菜单最大排序为1 
2022-06-26 15:47:35.240 [DEBU] {999a7baa181cfc160c54103129e592fe} 检查二级菜单是否存在 
2022-06-26 15:47:35.240 [WARN] {999a7baa181cfc160c54103129e592fe} 菜单路径已存在,未执行插入菜单操作 
2022-06-26 15:47:37.518 [INFO] Server start at :http://localhost:1211/login 
2022-06-26 15:47:38.827 [DEBU] {f4754380191cfc163971cc38081911d8} 查询一级菜单，子菜单最大排序为1 
2022-06-26 15:47:38.827 [DEBU] {f4754380191cfc163971cc38081911d8} 检查二级菜单是否存在 
2022-06-26 15:47:38.828 [WARN] {f4754380191cfc163971cc38081911d8} 菜单路径已存在,未执行插入菜单操作 
2022-06-26 15:47:41.757 [INFO] Server start at :http://localhost:1211/login 
2022-06-26 15:47:51.736 [INFO] Server start at :http://localhost:1211/login 
2022-06-26 15:47:58.624 [DEBU] {e9b9501c1e1cfc163f2a6664ba95fecd} 查询一级菜单，子菜单最大排序为1 
2022-06-26 15:47:58.624 [DEBU] {e9b9501c1e1cfc163f2a6664ba95fecd} 检查二级菜单是否存在 
2022-06-26 15:47:58.625 [WARN] {e9b9501c1e1cfc163f2a6664ba95fecd} 菜单路径已存在,未执行插入菜单操作 
2022-06-26 15:48:01.624 [INFO] Server start at :http://localhost:1211/login 
2022-06-26 15:48:25.053 [INFO] Server start at :http://localhost:1211/login 
2022-06-26 15:48:46.226 [DEBU] {2c488e31291cfc166a4b2e73ce14a8fe} 查询一级菜单，子菜单最大排序为1 
2022-06-26 15:48:46.226 [DEBU] {2c488e31291cfc166a4b2e73ce14a8fe} 检查二级菜单是否存在 
2022-06-26 15:48:46.226 [WARN] {2c488e31291cfc166a4b2e73ce14a8fe} 菜单路径已存在,未执行插入菜单操作 
2022-06-26 15:48:48.843 [INFO] Server start at :http://localhost:1211/login 
2022-06-26 15:48:55.996 [DEBU] {50c2f0772b1cfc16f0e4bd1a5b308a10} 查询一级菜单，子菜单最大排序为1 
2022-06-26 15:48:55.996 [DEBU] {50c2f0772b1cfc16f0e4bd1a5b308a10} 检查二级菜单是否存在 
2022-06-26 15:48:55.996 [WARN] {50c2f0772b1cfc16f0e4bd1a5b308a10} 菜单路径已存在,未执行插入菜单操作 
2022-06-26 15:48:58.932 [INFO] Server start at :http://localhost:1211/login 
2022-06-26 15:48:59.814 [DEBU] {92ed7c5b2c1cfc16c6ac9747460bb7bb} 查询一级菜单，子菜单最大排序为1 
2022-06-26 15:48:59.814 [DEBU] {92ed7c5b2c1cfc16c6ac9747460bb7bb} 检查二级菜单是否存在 
2022-06-26 15:48:59.814 [WARN] {92ed7c5b2c1cfc16c6ac9747460bb7bb} 菜单路径已存在,未执行插入菜单操作 
2022-06-26 15:49:02.736 [INFO] Server start at :http://localhost:1211/login 
2022-06-26 15:49:34.493 [DEBU] {9f367a6e341cfc16351de41fb1fc2957} 查询一级菜单，子菜单最大排序为1 
2022-06-26 15:49:34.493 [DEBU] {9f367a6e341cfc16351de41fb1fc2957} 检查二级菜单是否存在 
2022-06-26 15:49:34.493 [WARN] {9f367a6e341cfc16351de41fb1fc2957} 菜单路径已存在,未执行插入菜单操作 
2022-06-26 15:49:36.468 [INFO] Server start at :http://localhost:1211/login 
2022-06-26 15:49:38.523 [DEBU] {5a47c25e351cfc16e330fa1db4bce7d1} 查询一级菜单，子菜单最大排序为1 
2022-06-26 15:49:38.523 [DEBU] {5a47c25e351cfc16e330fa1db4bce7d1} 检查二级菜单是否存在 
2022-06-26 15:49:38.524 [WARN] {5a47c25e351cfc16e330fa1db4bce7d1} 菜单路径已存在,未执行插入菜单操作 
2022-06-26 15:49:41.421 [INFO] Server start at :http://localhost:1211/login 
2022-06-26 15:49:50.431 [INFO] Server start at :http://localhost:1211/login 
2022-06-26 15:49:51.229 [DEBU] {82e71e54381cfc16815915131e060be0} 查询一级菜单，子菜单最大排序为1 
2022-06-26 15:49:51.229 [DEBU] {82e71e54381cfc16815915131e060be0} 检查二级菜单是否存在 
2022-06-26 15:49:51.230 [WARN] {82e71e54381cfc16815915131e060be0} 菜单路径已存在,未执行插入菜单操作 
2022-06-26 15:49:54.209 [INFO] Server start at :http://localhost:1211/login 
2022-06-26 15:50:18.504 [INFO] Server start at :http://localhost:1211/login 
2022-06-26 15:50:19.219 [DEBU] {5e8565d83e1cfc16b0eb6d27882c7446} 查询一级菜单，子菜单最大排序为1 
2022-06-26 15:50:19.219 [DEBU] {5e8565d83e1cfc16b0eb6d27882c7446} 检查二级菜单是否存在 
2022-06-26 15:50:19.219 [WARN] {5e8565d83e1cfc16b0eb6d27882c7446} 菜单路径已存在,未执行插入菜单操作 
2022-06-26 15:50:22.149 [INFO] Server start at :http://localhost:1211/login 
2022-06-26 15:50:31.798 [DEBU] {6e1021c6411cfc16b3808c2bbc674e59} 查询一级菜单，子菜单最大排序为1 
2022-06-26 15:50:31.798 [DEBU] {6e1021c6411cfc16b3808c2bbc674e59} 检查二级菜单是否存在 
2022-06-26 15:50:31.799 [WARN] {6e1021c6411cfc16b3808c2bbc674e59} 菜单路径已存在,未执行插入菜单操作 
2022-06-26 15:50:34.732 [INFO] Server start at :http://localhost:1211/login 
2022-06-26 15:50:51.404 [INFO] Server start at :http://localhost:1211/login 
2022-06-26 15:50:54.917 [DEBU] {79ec3528471cfc169a34592ecc08f6e1} 查询一级菜单，子菜单最大排序为1 
2022-06-26 15:50:54.918 [DEBU] {79ec3528471cfc169a34592ecc08f6e1} 检查二级菜单是否存在 
2022-06-26 15:50:54.918 [WARN] {79ec3528471cfc169a34592ecc08f6e1} 菜单路径已存在,未执行插入菜单操作 
2022-06-26 15:50:57.836 [INFO] Server start at :http://localhost:1211/login 
2022-06-26 15:51:13.574 [INFO] Server start at :http://localhost:1211/login 
2022-06-26 15:51:14.099 [DEBU] {e13d829f4b1cfc16252e5a4d83685c58} 查询一级菜单，子菜单最大排序为1 
2022-06-26 15:51:14.099 [DEBU] {e13d829f4b1cfc16252e5a4d83685c58} 检查二级菜单是否存在 
2022-06-26 15:51:14.099 [WARN] {e13d829f4b1cfc16252e5a4d83685c58} 菜单路径已存在,未执行插入菜单操作 
2022-06-26 15:51:17.050 [INFO] Server start at :http://localhost:1211/login 
2022-06-26 15:51:30.742 [DEBU] {71b17a7f4f1cfc16e7786f05fdc5a6e6} 查询一级菜单，子菜单最大排序为1 
2022-06-26 15:51:30.742 [DEBU] {71b17a7f4f1cfc16e7786f05fdc5a6e6} 检查二级菜单是否存在 
2022-06-26 15:51:30.742 [WARN] {71b17a7f4f1cfc16e7786f05fdc5a6e6} 菜单路径已存在,未执行插入菜单操作 
2022-06-26 15:51:33.639 [INFO] Server start at :http://localhost:1211/login 
2022-06-26 15:52:47.791 [INFO] Server start at :http://localhost:1211/login 
2022-06-26 15:52:57.046 [DEBU] {7db2a797631cfc164e8f9a51ab04800b} 查询一级菜单，子菜单最大排序为1 
2022-06-26 15:52:57.046 [DEBU] {7db2a797631cfc164e8f9a51ab04800b} 检查二级菜单是否存在 
2022-06-26 15:52:57.046 [WARN] {7db2a797631cfc164e8f9a51ab04800b} 菜单路径已存在,未执行插入菜单操作 
2022-06-26 15:52:59.971 [INFO] Server start at :http://localhost:1211/login 
2022-06-26 15:53:23.524 [INFO] Server start at :http://localhost:1211/login 
2022-06-26 15:53:29.581 [DEBU] {d4b7082b6b1cfc169fb5544895e599ec} 查询一级菜单，子菜单最大排序为1 
2022-06-26 15:53:29.582 [DEBU] {d4b7082b6b1cfc169fb5544895e599ec} 检查二级菜单是否存在 
2022-06-26 15:53:29.582 [WARN] {d4b7082b6b1cfc169fb5544895e599ec} 菜单路径已存在,未执行插入菜单操作 
2022-06-26 15:53:32.534 [INFO] Server start at :http://localhost:1211/login 
2022-06-26 16:02:16.286 [INFO] Server start at :http://localhost:1211/login 
2022-06-26 16:06:44.604 [DEBU] {1d63fa45241dfc168a926522dafcd191} 查询一级菜单，子菜单最大排序为1 
2022-06-26 16:06:44.605 [DEBU] {1d63fa45241dfc168a926522dafcd191} 检查二级菜单是否存在 
2022-06-26 16:06:44.605 [WARN] {1d63fa45241dfc168a926522dafcd191} 菜单路径已存在,未执行插入菜单操作 
2022-06-26 16:06:48.407 [INFO] Server start at :http://localhost:1211/login 
2022-06-26 16:08:41.871 [DEBU] {3ce9cc933f1dfc167e91fb791ab63a56} 查询一级菜单，子菜单最大排序为1 
2022-06-26 16:08:41.871 [DEBU] {3ce9cc933f1dfc167e91fb791ab63a56} 检查二级菜单是否存在 
2022-06-26 16:08:41.872 [WARN] {3ce9cc933f1dfc167e91fb791ab63a56} 菜单路径已存在,未执行插入菜单操作 
2022-06-26 16:08:45.676 [INFO] Server start at :http://localhost:1211/login 
2022-06-26 16:10:04.433 [INFO] Server start at :http://localhost:1211/login 
2022-06-26 16:10:07.921 [DEBU] {99588d9c531dfc16aadd867c35d3fc16} 查询一级菜单，子菜单最大排序为1 
2022-06-26 16:10:07.921 [DEBU] {99588d9c531dfc16aadd867c35d3fc16} 检查二级菜单是否存在 
2022-06-26 16:10:07.921 [WARN] {99588d9c531dfc16aadd867c35d3fc16} 菜单路径已存在,未执行插入菜单操作 
2022-06-26 16:10:11.794 [INFO] Server start at :http://localhost:1211/login 
2022-06-26 16:10:30.487 [DEBU] {4a86a0dd581dfc166d5fc21bd96428da} 查询一级菜单，子菜单最大排序为1 
2022-06-26 16:10:30.487 [DEBU] {4a86a0dd581dfc166d5fc21bd96428da} 检查二级菜单是否存在 
2022-06-26 16:10:30.488 [WARN] {4a86a0dd581dfc166d5fc21bd96428da} 菜单路径已存在,未执行插入菜单操作 
2022-06-26 16:10:31.457 [INFO] Server start at :http://localhost:1211/login 
2022-06-26 16:10:34.362 [INFO] Server start at :http://localhost:1211/login 
2022-06-26 16:16:00.715 [DEBU] {4faef3c0a51dfc168a8ae14c6cf9ade4} 查询一级菜单，子菜单最大排序为1 
2022-06-26 16:16:00.715 [DEBU] {4faef3c0a51dfc168a8ae14c6cf9ade4} 检查二级菜单是否存在 
2022-06-26 16:16:00.716 [WARN] {4faef3c0a51dfc168a8ae14c6cf9ade4} 菜单路径已存在,未执行插入菜单操作 
2022-06-26 16:16:03.661 [INFO] Server start at :http://localhost:1211/login 
2022-06-26 16:17:17.659 [INFO] Server start at :http://localhost:1211/login 
2022-06-26 16:17:17.708 [DEBU] {746ecfadb71dfc1604eca97173fb8818} 查询一级菜单，子菜单最大排序为1 
2022-06-26 16:17:17.708 [DEBU] {746ecfadb71dfc1604eca97173fb8818} 检查二级菜单是否存在 
2022-06-26 16:17:17.709 [WARN] {746ecfadb71dfc1604eca97173fb8818} 菜单路径已存在,未执行插入菜单操作 
2022-06-26 16:17:20.608 [INFO] Server start at :http://localhost:1211/login 
2022-06-26 16:18:09.900 [DEBU] {9406eed4c31dfc160f4f8b3f0193f82a} 查询一级菜单，子菜单最大排序为1 
2022-06-26 16:18:09.900 [DEBU] {9406eed4c31dfc160f4f8b3f0193f82a} 检查二级菜单是否存在 
2022-06-26 16:18:09.901 [WARN] {9406eed4c31dfc160f4f8b3f0193f82a} 菜单路径已存在,未执行插入菜单操作 
2022-06-26 16:18:13.771 [INFO] Server start at :http://localhost:1211/login 
2022-06-26 16:19:07.215 [INFO] Server start at :http://localhost:1211/login 
2022-06-26 16:19:14.632 [INFO] Server start at :http://localhost:1211/login 
2022-06-26 16:21:08.344 [INFO] Server start at :http://localhost:1211/login 
2022-06-26 16:21:36.492 [INFO] Server start at :http://localhost:1211/login 
2022-06-26 16:21:45.889 [INFO] Server start at :http://localhost:1211/login 
2022-06-26 16:22:07.873 [INFO] Server start at :http://localhost:1211/login 
2022-06-26 16:22:23.597 [INFO] Server start at :http://localhost:1211/login 
2022-06-26 16:22:24.844 [DEBU] {8a389830ff1dfc1698816f2b2dbf3cbd} 查询一级菜单，子菜单最大排序为1 
2022-06-26 16:22:24.845 [DEBU] {8a389830ff1dfc1698816f2b2dbf3cbd} 检查二级菜单是否存在 
2022-06-26 16:22:24.845 [WARN] {8a389830ff1dfc1698816f2b2dbf3cbd} 菜单路径已存在,未执行插入菜单操作 
2022-06-26 16:22:27.740 [INFO] Server start at :http://localhost:1211/login 
2022-06-26 16:22:43.059 [DEBU] {a021426e031efc166e9a766bd1b523d4} 查询一级菜单，子菜单最大排序为1 
2022-06-26 16:22:43.059 [DEBU] {a021426e031efc166e9a766bd1b523d4} 检查二级菜单是否存在 
2022-06-26 16:22:43.059 [WARN] {a021426e031efc166e9a766bd1b523d4} 菜单路径已存在,未执行插入菜单操作 
2022-06-26 16:22:46.824 [INFO] Server start at :http://localhost:1211/login 
2022-06-26 16:23:42.970 [INFO] Server start at :http://localhost:1211/login 
2022-06-26 16:23:46.185 [INFO] Server start at :http://localhost:1211/login 
2022-06-26 16:24:10.293 [INFO] Server start at :http://localhost:1211/login 
2022-06-26 16:24:13.806 [INFO] Server start at :http://localhost:1211/login 
2022-06-26 16:24:18.090 [INFO] Server start at :http://localhost:1211/login 
2022-06-26 16:24:23.836 [INFO] Server start at :http://localhost:1211/login 
2022-06-26 16:24:27.751 [INFO] Server start at :http://localhost:1211/login 
2022-06-26 16:24:57.303 [INFO] Server start at :http://localhost:1211/login 
2022-06-26 16:25:00.272 [INFO] Server start at :http://localhost:1211/login 
2022-06-26 16:26:42.205 [INFO] Server start at :http://localhost:1211/login 
2022-06-26 16:27:27.431 [DEBU] {618c48a4451efc1663509747c4ecbd52} 查询一级菜单，子菜单最大排序为1 
2022-06-26 16:27:27.431 [DEBU] {618c48a4451efc1663509747c4ecbd52} 检查二级菜单是否存在 
2022-06-26 16:27:27.431 [WARN] {618c48a4451efc1663509747c4ecbd52} 菜单路径已存在,未执行插入菜单操作 
2022-06-26 16:27:31.279 [INFO] Server start at :http://localhost:1211/login 
2022-06-26 16:33:32.589 [DEBU] {ce9c7aa99a1efc16d34dae74b3fe5f7c} 查询一级菜单，子菜单最大排序为1 
2022-06-26 16:33:32.589 [DEBU] {ce9c7aa99a1efc16d34dae74b3fe5f7c} 检查二级菜单是否存在 
2022-06-26 16:33:32.589 [WARN] {ce9c7aa99a1efc16d34dae74b3fe5f7c} 菜单路径已存在,未执行插入菜单操作 
2022-06-26 16:33:36.481 [INFO] Server start at :http://localhost:1211/login 
2022-06-26 16:37:01.733 [INFO] Server start at :http://localhost:1211/login 
2022-06-26 16:37:13.805 [DEBU] {150aca2ace1efc16980e30256f8b290b} 查询一级菜单，子菜单最大排序为1 
2022-06-26 16:37:13.805 [DEBU] {150aca2ace1efc16980e30256f8b290b} 检查二级菜单是否存在 
2022-06-26 16:37:13.806 [WARN] {150aca2ace1efc16980e30256f8b290b} 菜单路径已存在,未执行插入菜单操作 
2022-06-26 16:37:16.731 [INFO] Server start at :http://localhost:1211/login 
2022-06-26 16:37:21.570 [DEBU] {bf25d9f9cf1efc166cc6230e896c0cd2} 查询一级菜单，子菜单最大排序为1 
2022-06-26 16:37:21.570 [DEBU] {bf25d9f9cf1efc166cc6230e896c0cd2} 检查二级菜单是否存在 
2022-06-26 16:37:21.570 [WARN] {bf25d9f9cf1efc166cc6230e896c0cd2} 菜单路径已存在,未执行插入菜单操作 
2022-06-26 16:37:24.446 [INFO] Server start at :http://localhost:1211/login 
2022-06-26 16:38:35.711 [INFO] Server start at :http://localhost:1211/login 
2022-06-26 16:38:52.215 [DEBU] {08277d14e51efc16e659353665b93e21} 查询一级菜单，子菜单最大排序为1 
2022-06-26 16:38:52.215 [DEBU] {08277d14e51efc16e659353665b93e21} 检查二级菜单是否存在 
2022-06-26 16:38:52.215 [WARN] {08277d14e51efc16e659353665b93e21} 菜单路径已存在,未执行插入菜单操作 
2022-06-26 16:38:55.116 [INFO] Server start at :http://localhost:1211/login 
2022-06-26 16:39:13.586 [DEBU] {2ff68c0eea1efc16e6ca124d1d66e1ed} 查询一级菜单，子菜单最大排序为1 
2022-06-26 16:39:13.586 [DEBU] {2ff68c0eea1efc16e6ca124d1d66e1ed} 检查二级菜单是否存在 
2022-06-26 16:39:13.587 [WARN] {2ff68c0eea1efc16e6ca124d1d66e1ed} 菜单路径已存在,未执行插入菜单操作 
2022-06-26 16:39:16.549 [INFO] Server start at :http://localhost:1211/login 
2022-06-26 16:39:48.897 [DEBU] {0b9d0d47f21efc1679c3c2750bd091e9} 查询一级菜单，子菜单最大排序为1 
2022-06-26 16:39:48.897 [DEBU] {0b9d0d47f21efc1679c3c2750bd091e9} 检查二级菜单是否存在 
2022-06-26 16:39:48.897 [WARN] {0b9d0d47f21efc1679c3c2750bd091e9} 菜单路径已存在,未执行插入菜单操作 
2022-06-26 16:39:51.808 [INFO] Server start at :http://localhost:1211/login 
2022-06-26 16:41:11.495 [INFO] Server start at :http://localhost:1211/login 
2022-06-26 16:41:12.093 [DEBU] {ffc2e2a5051ffc16eea9706149a53910} 查询一级菜单，子菜单最大排序为1 
2022-06-26 16:41:12.093 [DEBU] {ffc2e2a5051ffc16eea9706149a53910} 检查二级菜单是否存在 
2022-06-26 16:41:12.093 [WARN] {ffc2e2a5051ffc16eea9706149a53910} 菜单路径已存在,未执行插入菜单操作 
2022-06-26 16:41:15.048 [INFO] Server start at :http://localhost:1211/login 
2022-06-26 16:41:48.683 [DEBU] {c8e8022b0e1ffc16d8780d61c05ada6d} 查询一级菜单，子菜单最大排序为1 
2022-06-26 16:41:48.683 [DEBU] {c8e8022b0e1ffc16d8780d61c05ada6d} 检查二级菜单是否存在 
2022-06-26 16:41:48.684 [WARN] {c8e8022b0e1ffc16d8780d61c05ada6d} 菜单路径已存在,未执行插入菜单操作 
2022-06-26 16:41:50.106 [INFO] Server start at :http://localhost:1211/login 
2022-06-26 16:41:54.237 [DEBU] {97fe08760f1ffc16e56d00236eb70613} 查询一级菜单，子菜单最大排序为1 
2022-06-26 16:41:54.237 [DEBU] {97fe08760f1ffc16e56d00236eb70613} 检查二级菜单是否存在 
2022-06-26 16:41:54.237 [WARN] {97fe08760f1ffc16e56d00236eb70613} 菜单路径已存在,未执行插入菜单操作 
2022-06-26 16:41:57.076 [INFO] Server start at :http://localhost:1211/login 
2022-06-26 16:43:54.028 [INFO] Server start at :http://localhost:1211/login 
2022-06-26 16:45:22.303 [ERRO] {0780efe73f1ffc168071ef6a83ed3961} template: /home/holw/learn/ciel-admin/resource/template/sys/dict/index.html:67: invalid syntax 
Stack:
1.  ciel-admin/utility/utils/res.Page
    /home/holw/learn/ciel-admin/utility/utils/res/res.go:40
2.  ciel-admin/internal/controller.(*cAdmin).LoginPage
    /home/holw/learn/ciel-admin/internal/controller/s_system.go:337
3.  github.com/gogf/gf/v2/net/ghttp.(*middleware).callHandlerFunc.func1
    /home/holw/go/pkg/mod/github.com/gogf/gf/v2@v2.0.6/net/ghttp/ghttp_request_middleware.go:130
4.  github.com/gogf/gf/v2/net/ghttp.niceCallFunc
    /home/holw/go/pkg/mod/github.com/gogf/gf/v2@v2.0.6/net/ghttp/ghttp_func.go:56
5.  github.com/gogf/gf/v2/net/ghttp.(*middleware).callHandlerFunc
    /home/holw/go/pkg/mod/github.com/gogf/gf/v2@v2.0.6/net/ghttp/ghttp_request_middleware.go:128
6.  github.com/gogf/gf/v2/net/ghttp.(*middleware).Next.func1.4
    /home/holw/go/pkg/mod/github.com/gogf/gf/v2@v2.0.6/net/ghttp/ghttp_request_middleware.go:89
7.  github.com/gogf/gf/v2/net/ghttp.niceCallFunc
    /home/holw/go/pkg/mod/github.com/gogf/gf/v2@v2.0.6/net/ghttp/ghttp_func.go:56
8.  github.com/gogf/gf/v2/net/ghttp.(*middleware).Next.func1
    /home/holw/go/pkg/mod/github.com/gogf/gf/v2@v2.0.6/net/ghttp/ghttp_request_middleware.go:88
9.  github.com/gogf/gf/v2/util/gutil.TryCatch
    /home/holw/go/pkg/mod/github.com/gogf/gf/v2@v2.0.6/util/gutil/gutil.go:55
10. github.com/gogf/gf/v2/net/ghttp.(*middleware).Next
    /home/holw/go/pkg/mod/github.com/gogf/gf/v2@v2.0.6/net/ghttp/ghttp_request_middleware.go:48
11. github.com/gogf/gf/v2/net/ghttp.internalMiddlewareServerTracing
    /home/holw/go/pkg/mod/github.com/gogf/gf/v2@v2.0.6/net/ghttp/ghttp_middleware_tracing.go:78
12. github.com/gogf/gf/v2/net/ghttp.(*middleware).Next.func1.5
    /home/holw/go/pkg/mod/github.com/gogf/gf/v2@v2.0.6/net/ghttp/ghttp_request_middleware.go:95
13. github.com/gogf/gf/v2/net/ghttp.niceCallFunc
    /home/holw/go/pkg/mod/github.com/gogf/gf/v2@v2.0.6/net/ghttp/ghttp_func.go:56
14. github.com/gogf/gf/v2/net/ghttp.(*middleware).Next.func1
    /home/holw/go/pkg/mod/github.com/gogf/gf/v2@v2.0.6/net/ghttp/ghttp_request_middleware.go:94
15. github.com/gogf/gf/v2/util/gutil.TryCatch
    /home/holw/go/pkg/mod/github.com/gogf/gf/v2@v2.0.6/util/gutil/gutil.go:55
16. github.com/gogf/gf/v2/net/ghttp.(*middleware).Next
    /home/holw/go/pkg/mod/github.com/gogf/gf/v2@v2.0.6/net/ghttp/ghttp_request_middleware.go:48
17. github.com/gogf/gf/v2/net/ghttp.(*Server).ServeHTTP
    /home/holw/go/pkg/mod/github.com/gogf/gf/v2@v2.0.6/net/ghttp/ghttp_server_handler.go:121
 
2022-06-26 16:45:23.422 [ERRO] {3e10a52a401ffc168171ef6a37600092} template: /home/holw/learn/ciel-admin/resource/template/sys/dict/index.html:67: invalid syntax 
Stack:
1.  ciel-admin/utility/utils/res.Page
    /home/holw/learn/ciel-admin/utility/utils/res/res.go:40
2.  ciel-admin/internal/controller.(*cAdmin).LoginPage
    /home/holw/learn/ciel-admin/internal/controller/s_system.go:337
3.  github.com/gogf/gf/v2/net/ghttp.(*middleware).callHandlerFunc.func1
    /home/holw/go/pkg/mod/github.com/gogf/gf/v2@v2.0.6/net/ghttp/ghttp_request_middleware.go:130
4.  github.com/gogf/gf/v2/net/ghttp.niceCallFunc
    /home/holw/go/pkg/mod/github.com/gogf/gf/v2@v2.0.6/net/ghttp/ghttp_func.go:56
5.  github.com/gogf/gf/v2/net/ghttp.(*middleware).callHandlerFunc
    /home/holw/go/pkg/mod/github.com/gogf/gf/v2@v2.0.6/net/ghttp/ghttp_request_middleware.go:128
6.  github.com/gogf/gf/v2/net/ghttp.(*middleware).Next.func1.4
    /home/holw/go/pkg/mod/github.com/gogf/gf/v2@v2.0.6/net/ghttp/ghttp_request_middleware.go:89
7.  github.com/gogf/gf/v2/net/ghttp.niceCallFunc
    /home/holw/go/pkg/mod/github.com/gogf/gf/v2@v2.0.6/net/ghttp/ghttp_func.go:56
8.  github.com/gogf/gf/v2/net/ghttp.(*middleware).Next.func1
    /home/holw/go/pkg/mod/github.com/gogf/gf/v2@v2.0.6/net/ghttp/ghttp_request_middleware.go:88
9.  github.com/gogf/gf/v2/util/gutil.TryCatch
    /home/holw/go/pkg/mod/github.com/gogf/gf/v2@v2.0.6/util/gutil/gutil.go:55
10. github.com/gogf/gf/v2/net/ghttp.(*middleware).Next
    /home/holw/go/pkg/mod/github.com/gogf/gf/v2@v2.0.6/net/ghttp/ghttp_request_middleware.go:48
11. github.com/gogf/gf/v2/net/ghttp.internalMiddlewareServerTracing
    /home/holw/go/pkg/mod/github.com/gogf/gf/v2@v2.0.6/net/ghttp/ghttp_middleware_tracing.go:78
12. github.com/gogf/gf/v2/net/ghttp.(*middleware).Next.func1.5
    /home/holw/go/pkg/mod/github.com/gogf/gf/v2@v2.0.6/net/ghttp/ghttp_request_middleware.go:95
13. github.com/gogf/gf/v2/net/ghttp.niceCallFunc
    /home/holw/go/pkg/mod/github.com/gogf/gf/v2@v2.0.6/net/ghttp/ghttp_func.go:56
14. github.com/gogf/gf/v2/net/ghttp.(*middleware).Next.func1
    /home/holw/go/pkg/mod/github.com/gogf/gf/v2@v2.0.6/net/ghttp/ghttp_request_middleware.go:94
15. github.com/gogf/gf/v2/util/gutil.TryCatch
    /home/holw/go/pkg/mod/github.com/gogf/gf/v2@v2.0.6/util/gutil/gutil.go:55
16. github.com/gogf/gf/v2/net/ghttp.(*middleware).Next
    /home/holw/go/pkg/mod/github.com/gogf/gf/v2@v2.0.6/net/ghttp/ghttp_request_middleware.go:48
17. github.com/gogf/gf/v2/net/ghttp.(*Server).ServeHTTP
    /home/holw/go/pkg/mod/github.com/gogf/gf/v2@v2.0.6/net/ghttp/ghttp_server_handler.go:121
 
2022-06-26 16:46:06.341 [DEBU] {15afaa284a1ffc169171ef6a94e825d5} 查询一级菜单，子菜单最大排序为1 
2022-06-26 16:46:06.342 [DEBU] {15afaa284a1ffc169171ef6a94e825d5} 检查二级菜单是否存在 
2022-06-26 16:46:06.342 [WARN] {15afaa284a1ffc169171ef6a94e825d5} 菜单路径已存在,未执行插入菜单操作 
2022-06-26 16:46:09.265 [INFO] Server start at :http://localhost:1211/login 
2022-06-26 16:46:46.309 [DEBU] {c70fb376531ffc168992575047fffbf8} 查询一级菜单，子菜单最大排序为1 
2022-06-26 16:46:46.310 [DEBU] {c70fb376531ffc168992575047fffbf8} 检查二级菜单是否存在 
2022-06-26 16:46:46.310 [WARN] {c70fb376531ffc168992575047fffbf8} 菜单路径已存在,未执行插入菜单操作 
2022-06-26 16:46:47.176 [INFO] Server start at :http://localhost:1211/login 
2022-06-26 16:46:49.317 [INFO] Server start at :http://localhost:1211/login 
2022-06-26 16:47:04.311 [DEBU] {c9d0baa7571ffc16ff62c428a81fbf32} 查询一级菜单，子菜单最大排序为1 
2022-06-26 16:47:04.312 [DEBU] {c9d0baa7571ffc16ff62c428a81fbf32} 检查二级菜单是否存在 
2022-06-26 16:47:04.312 [WARN] {c9d0baa7571ffc16ff62c428a81fbf32} 菜单路径已存在,未执行插入菜单操作 
2022-06-26 16:47:07.282 [INFO] Server start at :http://localhost:1211/login 
2022-06-26 19:23:25.853 [INFO] Server start at :http://localhost:1211/login 
2022-06-26 20:25:25.927 [INFO] Server start at :http://localhost:1211/login 
2022-06-26 20:30:22.518 [DEBU] {d3c1342b872bfc162423c6104858bf1c} 查询一级菜单，子菜单最大排序为1 
2022-06-26 20:30:22.518 [DEBU] {d3c1342b872bfc162423c6104858bf1c} 检查二级菜单是否存在 
2022-06-26 20:30:22.518 [WARN] {d3c1342b872bfc162423c6104858bf1c} 菜单路径已存在,未执行插入菜单操作 
2022-06-26 20:31:36.747 [INFO] Server start at :http://localhost:1211/login 
2022-06-26 20:33:07.831 [INFO] Server start at :http://localhost:1211/login 
2022-06-26 20:33:32.966 [DEBU] {8859d182b32bfc1615658707ee0b6fef} 查询一级菜单，子菜单最大排序为1 
2022-06-26 20:33:32.966 [DEBU] {8859d182b32bfc1615658707ee0b6fef} 检查二级菜单是否存在 
2022-06-26 20:33:32.966 [WARN] {8859d182b32bfc1615658707ee0b6fef} 菜单路径已存在,未执行插入菜单操作 
2022-06-26 20:33:36.855 [INFO] Server start at :http://localhost:1211/login 
2022-06-26 20:33:48.520 [DEBU] {728ebf21b72bfc16bb1ea876886a220c} 查询一级菜单，子菜单最大排序为1 
2022-06-26 20:33:48.520 [DEBU] {728ebf21b72bfc16bb1ea876886a220c} 检查二级菜单是否存在 
2022-06-26 20:33:48.521 [WARN] {728ebf21b72bfc16bb1ea876886a220c} 菜单路径已存在,未执行插入菜单操作 
2022-06-26 20:33:51.478 [INFO] Server start at :http://localhost:1211/login 
2022-06-26 20:34:21.502 [DEBU] {0fe5d7cfbe2bfc166c5fb2382c533892} 查询一级菜单，子菜单最大排序为1 
2022-06-26 20:34:21.503 [DEBU] {0fe5d7cfbe2bfc166c5fb2382c533892} 检查二级菜单是否存在 
2022-06-26 20:34:21.503 [WARN] {0fe5d7cfbe2bfc166c5fb2382c533892} 菜单路径已存在,未执行插入菜单操作 
2022-06-26 20:34:24.418 [INFO] Server start at :http://localhost:1211/login 
2022-06-26 20:35:24.483 [INFO] Server start at :http://localhost:1211/login 
2022-06-26 20:35:32.145 [INFO] Server start at :http://localhost:1211/login 
2022-06-26 20:36:03.452 [INFO] Server start at :http://localhost:1211/login 
2022-06-26 20:36:06.491 [DEBU] {06786f41d72bfc16ae205232e6bd45eb} 查询一级菜单，子菜单最大排序为1 
2022-06-26 20:36:06.491 [DEBU] {06786f41d72bfc16ae205232e6bd45eb} 检查二级菜单是否存在 
2022-06-26 20:36:06.492 [WARN] {06786f41d72bfc16ae205232e6bd45eb} 菜单路径已存在,未执行插入菜单操作 
2022-06-26 20:36:09.401 [INFO] Server start at :http://localhost:1211/login 
2022-06-26 20:37:13.885 [INFO] Server start at :http://localhost:1211/login 
2022-06-26 20:37:19.538 [DEBU] {c57a6443e82bfc161d0a2914e460199a} 查询一级菜单，子菜单最大排序为1 
2022-06-26 20:37:19.538 [DEBU] {c57a6443e82bfc161d0a2914e460199a} 检查二级菜单是否存在 
2022-06-26 20:37:19.538 [WARN] {c57a6443e82bfc161d0a2914e460199a} 菜单路径已存在,未执行插入菜单操作 
2022-06-26 20:37:22.501 [INFO] Server start at :http://localhost:1211/login 
2022-06-26 20:46:22.707 [DEBU] {09c3e9ba662cfc16421316323dad63aa} 查询一级菜单，子菜单最大排序为1 
2022-06-26 20:46:22.707 [DEBU] {09c3e9ba662cfc16421316323dad63aa} 检查二级菜单是否存在 
2022-06-26 20:46:22.708 [WARN] {09c3e9ba662cfc16421316323dad63aa} 菜单路径已存在,未执行插入菜单操作 
2022-06-26 20:46:25.658 [INFO] Server start at :http://localhost:1211/login 
2022-06-26 20:49:48.265 [INFO] Server start at :http://localhost:1211/login 
2022-06-26 20:52:05.222 [INFO] Server start at :http://localhost:1211/login 
2022-06-26 20:52:37.510 [INFO] Server start at :http://localhost:1211/login 
2022-06-26 20:54:26.647 [INFO] Server start at :http://localhost:1211/login 
2022-06-26 20:54:39.202 [INFO] Server start at :http://localhost:1211/login 
2022-06-26 20:55:08.781 [INFO] Server start at :http://localhost:1211/login 
2022-06-26 20:56:29.792 [INFO] Server start at :http://localhost:1211/login 
2022-06-26 20:56:34.069 [INFO] Server start at :http://localhost:1211/login 
2022-06-26 20:58:03.786 [DEBU] {38588cf6092dfc1681ac435fb43ab729} 查询一级菜单，子菜单最大排序为1 
2022-06-26 20:58:03.786 [DEBU] {38588cf6092dfc1681ac435fb43ab729} 检查二级菜单是否存在 
2022-06-26 20:58:03.786 [WARN] {38588cf6092dfc1681ac435fb43ab729} 菜单路径已存在,未执行插入菜单操作 
2022-06-26 20:58:07.683 [INFO] Server start at :http://localhost:1211/login 
2022-06-26 20:59:46.692 [DEBU] {910b03ec212dfc164b4f1b65cd661e46} 查询一级菜单，子菜单最大排序为1 
2022-06-26 20:59:46.692 [DEBU] {910b03ec212dfc164b4f1b65cd661e46} 检查二级菜单是否存在 
2022-06-26 20:59:46.693 [WARN] {910b03ec212dfc164b4f1b65cd661e46} 菜单路径已存在,未执行插入菜单操作 
2022-06-26 20:59:50.513 [INFO] Server start at :http://localhost:1211/login 
2022-06-26 21:00:12.417 [DEBU] {b4b592e9272dfc16b4d5905117d90cdb} 查询一级菜单，子菜单最大排序为1 
2022-06-26 21:00:12.417 [DEBU] {b4b592e9272dfc16b4d5905117d90cdb} 检查二级菜单是否存在 
2022-06-26 21:00:12.417 [WARN] {b4b592e9272dfc16b4d5905117d90cdb} 菜单路径已存在,未执行插入菜单操作 
2022-06-26 21:00:15.336 [INFO] Server start at :http://localhost:1211/login 
2022-06-26 21:00:30.479 [DEBU] {36ed181e2c2dfc16f4870400b4f70c01} 查询一级菜单，子菜单最大排序为1 
2022-06-26 21:00:30.479 [DEBU] {36ed181e2c2dfc16f4870400b4f70c01} 检查二级菜单是否存在 
2022-06-26 21:00:30.480 [WARN] {36ed181e2c2dfc16f4870400b4f70c01} 菜单路径已存在,未执行插入菜单操作 
2022-06-26 21:00:33.453 [INFO] Server start at :http://localhost:1211/login 
2022-06-26 21:01:07.340 [DEBU] {562439b3342dfc16173ec63655b3f3a6} 查询一级菜单，子菜单最大排序为1 
2022-06-26 21:01:07.340 [DEBU] {562439b3342dfc16173ec63655b3f3a6} 检查二级菜单是否存在 
2022-06-26 21:01:07.340 [WARN] {562439b3342dfc16173ec63655b3f3a6} 菜单路径已存在,未执行插入菜单操作 
2022-06-26 21:01:11.269 [INFO] Server start at :http://localhost:1211/login 
2022-06-26 21:02:22.668 [DEBU] {a5f71c3d462dfc163526076f0b38936b} 查询一级菜单，子菜单最大排序为1 
2022-06-26 21:02:22.668 [DEBU] {a5f71c3d462dfc163526076f0b38936b} 检查二级菜单是否存在 
2022-06-26 21:02:22.669 [WARN] {a5f71c3d462dfc163526076f0b38936b} 菜单路径已存在,未执行插入菜单操作 
2022-06-26 21:02:26.638 [INFO] Server start at :http://localhost:1211/login 
2022-06-26 21:02:41.350 [DEBU] {ccc5a5964a2dfc16f225c8508bf02d40} 查询一级菜单，子菜单最大排序为1 
2022-06-26 21:02:41.350 [DEBU] {ccc5a5964a2dfc16f225c8508bf02d40} 检查二级菜单是否存在 
2022-06-26 21:02:41.351 [WARN] {ccc5a5964a2dfc16f225c8508bf02d40} 菜单路径已存在,未执行插入菜单操作 
2022-06-26 21:02:45.278 [INFO] Server start at :http://localhost:1211/login 
