2022-07-07 13:47:05.833 [INFO] Server start at :http://localhost:1211/login 
2022-07-07 13:51:31.491 [INFO] Server start at :http://localhost:1211/login 
2022-07-07 13:52:37.917 [INFO] Server start at :http://localhost:1211/login 
2022-07-07 13:53:09.191 [INFO] Server start at :http://localhost:1211/login 
2022-07-07 13:53:23.494 [INFO] Server start at :http://localhost:1211/login 
2022-07-07 13:54:03.597 [INFO] Server start at :http://localhost:1211/login 
2022-07-07 13:54:47.450 [INFO] Server start at :http://localhost:1211/login 
2022-07-07 13:56:10.310 [INFO] Server start at :http://localhost:1211/login 
2022-07-07 13:56:50.115 [INFO] Server start at :http://localhost:1211/login 
2022-07-07 13:57:34.033 [INFO] Server start at :http://localhost:1211/login 
2022-07-07 13:57:37.876 [INFO] Server start at :http://localhost:1211/login 
2022-07-07 13:58:06.051 [INFO] Server start at :http://localhost:1211/login 
2022-07-07 13:58:22.579 [INFO] Server start at :http://localhost:1211/login 
2022-07-07 14:00:38.121 [INFO] Server start at :http://localhost:1211/login 
2022-07-07 14:00:56.514 [INFO] Server start at :http://localhost:1211/login 
2022-07-07 14:15:47.438 [NOTI] {"bg_img":"2/2022/07/SHf1y4.webp","created_at":"2022-07-03 14:25:52","desc":"","file_path":"/sys/tool/urls.html","icon":"2/2022/07/SHf1y4.webp","id":136,"name":"站点导航","path":"/to/urls","pid":132,"sort":2.2,"status":1,"type":1,"updated_at":"2022-07-03 18:41:45"} 
2022-07-07 14:15:47.489 [NOTI] {"bg_img":"2/2022/07/SHf1y4.webp","created_at":"2022-07-03 14:25:52","desc":"","file_path":"/sys/tool/urls.html","icon":"2/2022/07/SHf1y4.webp","id":136,"name":"站点导航","path":"/to/urls","pid":132,"sort":2.2,"status":1,"type":1,"updated_at":"2022-07-03 18:41:45"} 
2022-07-07 14:15:50.512 [NOTI] 
2022-07-07 14:15:53.634 [NOTI] {"bg_img":"","created_at":"2022-07-03 14:29:23","desc":"","file_path":"/sys/tool/quotations.html","icon":"2/2022/07/lSCC0m.webp","id":137,"name":"语录","path":"/to/quotations","pid":132,"sort":2.3,"status":1,"type":1,"updated_at":"2022-07-04 20:53:03"} 
2022-07-07 14:15:53.682 [NOTI] {"bg_img":"","created_at":"2022-07-03 14:29:23","desc":"","file_path":"/sys/tool/quotations.html","icon":"2/2022/07/lSCC0m.webp","id":137,"name":"语录","path":"/to/quotations","pid":132,"sort":2.3,"status":1,"type":1,"updated_at":"2022-07-04 20:53:03"} 
2022-07-07 14:15:58.710 [NOTI] 
2022-07-07 14:15:58.713 [NOTI] {"bgImg":"2/2022/07/SHf1y4.webp","desc":"","filePath":"/sys/tool/quotations.html","icon":"2/2022/07/SHf1y4.webp","id":137,"name":"语录","path":"/to/quotations","pid":132,"sort":2.3,"status":1,"type":1,"updatedAt":null} 
2022-07-07 14:15:58.723 [NOTI] {"bg_img":"2/2022/07/SHf1y4.webp","created_at":"2022-07-03 14:29:23","desc":"","file_path":"/sys/tool/quotations.html","icon":"2/2022/07/SHf1y4.webp","id":137,"name":"语录","path":"/to/quotations","pid":132,"sort":2.3,"status":1,"type":1,"updated_at":"2022-07-07 14:15:58"} 
2022-07-07 14:15:58.773 [NOTI] {"bg_img":"2/2022/07/SHf1y4.webp","created_at":"2022-07-03 14:29:23","desc":"","file_path":"/sys/tool/quotations.html","icon":"2/2022/07/SHf1y4.webp","id":137,"name":"语录","path":"/to/quotations","pid":132,"sort":2.3,"status":1,"type":1,"updated_at":"2022-07-07 14:15:58"} 
2022-07-07 14:15:59.666 [NOTI] 
2022-07-07 14:16:23.140 [NOTI] {"bg_img":"2/2022/07/SHf1y4.webp","created_at":"2022-07-03 14:29:23","desc":"","file_path":"/sys/tool/quotations.html","icon":"2/2022/07/SHf1y4.webp","id":137,"name":"语录","path":"/to/quotations","pid":132,"sort":2.3,"status":1,"type":1,"updated_at":"2022-07-07 14:15:58"} 
2022-07-07 14:16:23.186 [NOTI] {"bg_img":"2/2022/07/SHf1y4.webp","created_at":"2022-07-03 14:29:23","desc":"","file_path":"/sys/tool/quotations.html","icon":"2/2022/07/SHf1y4.webp","id":137,"name":"语录","path":"/to/quotations","pid":132,"sort":2.3,"status":1,"type":1,"updated_at":"2022-07-07 14:15:58"} 
2022-07-07 14:16:27.430 [NOTI] 
2022-07-07 14:16:27.432 [NOTI] {"bgImg":"","desc":"","filePath":"/sys/tool/quotations.html","icon":"2/2022/07/SHf1y4.webp","id":137,"name":"语录","path":"/to/quotations","pid":132,"sort":2.3,"status":1,"type":1,"updatedAt":null} 
2022-07-07 14:16:27.446 [NOTI] {"bg_img":"","created_at":"2022-07-03 14:29:23","desc":"","file_path":"/sys/tool/quotations.html","icon":"2/2022/07/SHf1y4.webp","id":137,"name":"语录","path":"/to/quotations","pid":132,"sort":2.3,"status":1,"type":1,"updated_at":"2022-07-07 14:16:27"} 
2022-07-07 14:16:27.494 [NOTI] {"bg_img":"","created_at":"2022-07-03 14:29:23","desc":"","file_path":"/sys/tool/quotations.html","icon":"2/2022/07/SHf1y4.webp","id":137,"name":"语录","path":"/to/quotations","pid":132,"sort":2.3,"status":1,"type":1,"updated_at":"2022-07-07 14:16:27"} 
2022-07-07 14:16:31.036 [NOTI] 
2022-07-07 16:01:17.459 [INFO] Server start at :http://localhost:1211/login 
2022-07-07 16:01:41.405 [INFO] Server start at :http://localhost:1211/login 
2022-07-07 16:23:16.127 [INFO] Server start at :http://localhost:1211/login 
2022-07-07 16:25:38.545 [INFO] Server start at :http://localhost:1211/login 
2022-07-07 16:28:04.006 [INFO] Server start at :http://localhost:1211/login 
2022-07-07 16:28:14.714 [INFO] Server start at :http://localhost:1211/login 
2022-07-07 16:28:20.828 [INFO] Server start at :http://localhost:1211/login 
2022-07-07 16:28:40.147 [INFO] Server start at :http://localhost:1211/login 
2022-07-07 16:29:28.973 [ERRO] {9f99cf2ec47eff16fbbcce5cfcf06343} Error 1452: Cannot add or update a child row: a foreign key constraint fails (`ciel`.`f_node`, CONSTRAINT `f_node_ibfk_1` FOREIGN KEY (`uid`) REFERENCES `s_admin` (`id`) ON DELETE CASCADE), INSERT INTO `f_node`(`other_info`,`created_at`,`year`,`day`,`uid`,`level`,`tag`,`main_things`,`updated_at`,`id`,`month`) VALUES('','2022-07-07 16:29:28','2022',7,0,1,'','写我的后台','2022-07-07 16:29:28',0,0) 
Stack:
1.  ciel-admin/internal/service/sys.Add
    /home/holw/learn/ciel-admin/internal/service/sys/sys.go:107
2.  ciel-admin/internal/controller.cNode.Post
    /home/holw/learn/ciel-admin/internal/controller/f_node.go:84
3.  github.com/gogf/gf/v2/net/ghttp.(*middleware).callHandlerFunc.func1
    /home/holw/go/pkg/mod/github.com/gogf/gf/v2@v2.0.6/net/ghttp/ghttp_request_middleware.go:130
4.  github.com/gogf/gf/v2/net/ghttp.niceCallFunc
    /home/holw/go/pkg/mod/github.com/gogf/gf/v2@v2.0.6/net/ghttp/ghttp_func.go:56
5.  github.com/gogf/gf/v2/net/ghttp.(*middleware).callHandlerFunc
    /home/holw/go/pkg/mod/github.com/gogf/gf/v2@v2.0.6/net/ghttp/ghttp_request_middleware.go:128
6.  github.com/gogf/gf/v2/net/ghttp.(*middleware).Next.func1.4
    /home/holw/go/pkg/mod/github.com/gogf/gf/v2@v2.0.6/net/ghttp/ghttp_request_middleware.go:89
7.  github.com/gogf/gf/v2/net/ghttp.niceCallFunc
    /home/holw/go/pkg/mod/github.com/gogf/gf/v2@v2.0.6/net/ghttp/ghttp_func.go:56
8.  github.com/gogf/gf/v2/net/ghttp.(*middleware).Next.func1
    /home/holw/go/pkg/mod/github.com/gogf/gf/v2@v2.0.6/net/ghttp/ghttp_request_middleware.go:88
9.  github.com/gogf/gf/v2/util/gutil.TryCatch
    /home/holw/go/pkg/mod/github.com/gogf/gf/v2@v2.0.6/util/gutil/gutil.go:55
10. github.com/gogf/gf/v2/net/ghttp.(*middleware).Next
    /home/holw/go/pkg/mod/github.com/gogf/gf/v2@v2.0.6/net/ghttp/ghttp_request_middleware.go:48
11. ciel-admin/internal/service/sys.LockAction
    /home/holw/learn/ciel-admin/internal/service/sys/middleware.go:60
12. github.com/gogf/gf/v2/net/ghttp.(*middleware).Next.func1.1
    /home/holw/go/pkg/mod/github.com/gogf/gf/v2@v2.0.6/net/ghttp/ghttp_request_middleware.go:54
13. github.com/gogf/gf/v2/net/ghttp.niceCallFunc
    /home/holw/go/pkg/mod/github.com/gogf/gf/v2@v2.0.6/net/ghttp/ghttp_func.go:56
14. github.com/gogf/gf/v2/net/ghttp.(*middleware).Next.func1
    /home/holw/go/pkg/mod/github.com/gogf/gf/v2@v2.0.6/net/ghttp/ghttp_request_middleware.go:53
15. github.com/gogf/gf/v2/util/gutil.TryCatch
    /home/holw/go/pkg/mod/github.com/gogf/gf/v2@v2.0.6/util/gutil/gutil.go:55
16. github.com/gogf/gf/v2/net/ghttp.(*middleware).Next
    /home/holw/go/pkg/mod/github.com/gogf/gf/v2@v2.0.6/net/ghttp/ghttp_request_middleware.go:48
17. ciel-admin/internal/service/sys.AuthAdmin
    /home/holw/learn/ciel-admin/internal/service/sys/middleware.go:31
18. github.com/gogf/gf/v2/net/ghttp.(*middleware).Next.func1.1
    /home/holw/go/pkg/mod/github.com/gogf/gf/v2@v2.0.6/net/ghttp/ghttp_request_middleware.go:54
19. github.com/gogf/gf/v2/net/ghttp.niceCallFunc
    /home/holw/go/pkg/mod/github.com/gogf/gf/v2@v2.0.6/net/ghttp/ghttp_func.go:56
20. github.com/gogf/gf/v2/net/ghttp.(*middleware).Next.func1
    /home/holw/go/pkg/mod/github.com/gogf/gf/v2@v2.0.6/net/ghttp/ghttp_request_middleware.go:53
21. github.com/gogf/gf/v2/util/gutil.TryCatch
    /home/holw/go/pkg/mod/github.com/gogf/gf/v2@v2.0.6/util/gutil/gutil.go:55
22. github.com/gogf/gf/v2/net/ghttp.(*middleware).Next
    /home/holw/go/pkg/mod/github.com/gogf/gf/v2@v2.0.6/net/ghttp/ghttp_request_middleware.go:48
23. ciel-admin/internal/service/sys.MiddlewareXIcon
    /home/holw/learn/ciel-admin/internal/service/sys/middleware.go:114
24. github.com/gogf/gf/v2/net/ghttp.(*middleware).Next.func1.5
    /home/holw/go/pkg/mod/github.com/gogf/gf/v2@v2.0.6/net/ghttp/ghttp_request_middleware.go:95
25. github.com/gogf/gf/v2/net/ghttp.niceCallFunc
    /home/holw/go/pkg/mod/github.com/gogf/gf/v2@v2.0.6/net/ghttp/ghttp_func.go:56
26. github.com/gogf/gf/v2/net/ghttp.(*middleware).Next.func1
    /home/holw/go/pkg/mod/github.com/gogf/gf/v2@v2.0.6/net/ghttp/ghttp_request_middleware.go:94
27. github.com/gogf/gf/v2/util/gutil.TryCatch
    /home/holw/go/pkg/mod/github.com/gogf/gf/v2@v2.0.6/util/gutil/gutil.go:55
28. github.com/gogf/gf/v2/net/ghttp.(*middleware).Next
    /home/holw/go/pkg/mod/github.com/gogf/gf/v2@v2.0.6/net/ghttp/ghttp_request_middleware.go:48
29. github.com/gogf/gf/v2/net/ghttp.internalMiddlewareServerTracing
    /home/holw/go/pkg/mod/github.com/gogf/gf/v2@v2.0.6/net/ghttp/ghttp_middleware_tracing.go:78
30. github.com/gogf/gf/v2/net/ghttp.(*middleware).Next.func1.5
    /home/holw/go/pkg/mod/github.com/gogf/gf/v2@v2.0.6/net/ghttp/ghttp_request_middleware.go:95
31. github.com/gogf/gf/v2/net/ghttp.niceCallFunc
    /home/holw/go/pkg/mod/github.com/gogf/gf/v2@v2.0.6/net/ghttp/ghttp_func.go:56
32. github.com/gogf/gf/v2/net/ghttp.(*middleware).Next.func1
    /home/holw/go/pkg/mod/github.com/gogf/gf/v2@v2.0.6/net/ghttp/ghttp_request_middleware.go:94
33. github.com/gogf/gf/v2/util/gutil.TryCatch
    /home/holw/go/pkg/mod/github.com/gogf/gf/v2@v2.0.6/util/gutil/gutil.go:55
34. github.com/gogf/gf/v2/net/ghttp.(*middleware).Next
    /home/holw/go/pkg/mod/github.com/gogf/gf/v2@v2.0.6/net/ghttp/ghttp_request_middleware.go:48
35. github.com/gogf/gf/v2/net/ghttp.(*Server).ServeHTTP
    /home/holw/go/pkg/mod/github.com/gogf/gf/v2@v2.0.6/net/ghttp/ghttp_server_handler.go:121
 
2022-07-07 16:30:23.732 [INFO] Server start at :http://localhost:1211/login 
2022-07-07 16:30:54.098 [INFO] Server start at :http://localhost:1211/login 
2022-07-07 16:31:56.199 [INFO] Server start at :http://localhost:1211/login 
2022-07-07 16:33:14.535 [INFO] Server start at :http://localhost:1211/login 
2022-07-07 16:33:54.458 [INFO] Server start at :http://localhost:1211/login 
2022-07-07 16:34:49.534 [INFO] Server start at :http://localhost:1211/login 
2022-07-07 16:35:11.372 [INFO] Server start at :http://localhost:1211/login 
2022-07-07 16:36:57.763 [INFO] Server start at :http://localhost:1211/login 
2022-07-07 16:37:09.275 [INFO] Server start at :http://localhost:1211/login 
2022-07-07 16:37:18.037 [INFO] Server start at :http://localhost:1211/login 
2022-07-07 16:37:44.152 [INFO] Server start at :http://localhost:1211/login 
2022-07-07 19:15:06.099 [INFO] Server start at :http://localhost:1211/login 
2022-07-07 19:15:53.146 [INFO] Server start at :http://localhost:1211/login 
2022-07-07 19:16:10.592 [INFO] Server start at :http://localhost:1211/login 
2022-07-07 19:16:26.377 [INFO] Server start at :http://localhost:1211/login 
2022-07-07 19:16:57.298 [INFO] Server start at :http://localhost:1211/login 
2022-07-07 19:17:50.979 [INFO] Server start at :http://localhost:1211/login 
2022-07-07 19:19:08.027 [INFO] Server start at :http://localhost:1211/login 
2022-07-07 19:19:15.468 [INFO] Server start at :http://localhost:1211/login 
2022-07-07 19:20:55.942 [INFO] Server start at :http://localhost:1211/login 
2022-07-07 20:15:06.655 [INFO] Server start at :http://localhost:1211/login 
2022-07-07 20:19:36.461 [INFO] Server start at :http://localhost:1211/login 
2022-07-07 20:19:57.317 [INFO] Server start at :http://localhost:1211/login 
2022-07-07 20:22:06.700 [INFO] Server start at :http://localhost:1211/login 
2022-07-07 20:22:21.143 [INFO] Server start at :http://localhost:1211/login 
2022-07-07 20:22:32.418 [INFO] Server start at :http://localhost:1211/login 
2022-07-07 20:25:51.058 [INFO] Server start at :http://localhost:1211/login 
2022-07-07 20:27:35.209 [INFO] Server start at :http://localhost:1211/login 
2022-07-07 20:28:08.719 [INFO] Server start at :http://localhost:1211/login 
2022-07-07 20:30:39.286 [INFO] Server start at :http://localhost:1211/login 
2022-07-07 20:36:11.535 [INFO] Server start at :http://localhost:1211/login 
2022-07-07 20:57:08.961 [INFO] Server start at :http://localhost:1211/login 
2022-07-07 20:57:21.018 [INFO] Server start at :http://localhost:1211/login 
2022-07-07 20:57:45.847 [INFO] Server start at :http://localhost:1211/login 
2022-07-07 20:58:09.211 [INFO] Server start at :http://localhost:1211/login 
2022-07-07 20:58:24.787 [INFO] Server start at :http://localhost:1211/login 
2022-07-07 20:58:28.017 [INFO] Server start at :http://localhost:1211/login 
2022-07-07 20:58:37.925 [INFO] Server start at :http://localhost:1211/login 
2022-07-07 21:00:53.278 [INFO] Server start at :http://localhost:1211/login 
2022-07-07 21:05:12.710 [INFO] Server start at :http://localhost:1211/login 
2022-07-07 21:05:18.254 [INFO] Server start at :http://localhost:1211/login 
