2022-07-03 12:08:49.750 [INFO] Server start at :http://localhost:1211/login 
2022-07-03 12:09:09.360 [INFO] Server start at :http://localhost:1211/login 
2022-07-03 12:13:53.458 [NOTI] {"bg_img":"1/2022/03/2S41in.png","created_at":"2022-03-08 16:05:30","desc":"","icon":"1/2022/03/2S41in.png","id":30,"name":"文件","path":"/file/path","pid":1,"sort":1.6,"status":1,"type":1,"updated_at":"2022-07-02 22:37:46"} 
2022-07-03 12:13:53.507 [NOTI] {"bg_img":"1/2022/03/2S41in.png","created_at":"2022-03-08 16:05:30","desc":"","icon":"1/2022/03/2S41in.png","id":30,"name":"文件","path":"/file/path","pid":1,"sort":1.6,"status":1,"type":1,"updated_at":"2022-07-02 22:37:46"} 
2022-07-03 12:13:59.790 [NOTI] 
2022-07-03 12:16:34.958 [NOTI] {"bg_img":"","created_at":"2022-02-16 19:14:13","desc":"这里是菜单页面","icon":"1/2022/03/FdI4Yw.gif","id":2,"name":"菜单","path":"/menu/path","pid":1,"sort":1.1,"status":1,"type":1,"updated_at":"2022-07-02 23:10:02"} 
2022-07-03 12:16:35.026 [NOTI] {"bg_img":"","created_at":"2022-02-16 19:14:13","desc":"这里是菜单页面","icon":"1/2022/03/FdI4Yw.gif","id":2,"name":"菜单","path":"/menu/path","pid":1,"sort":1.1,"status":1,"type":1,"updated_at":"2022-07-02 23:10:02"} 
2022-07-03 12:16:38.679 [NOTI] 
2022-07-03 12:16:38.681 [NOTI] {"bgImg":"https://images.pexels.com/photos/325185/pexels-photo-325185.jpeg?cs=srgb\u0026dl=pexels-aleksandar-pasaric-325185.jpg\u0026fm=jpg","desc":"这里是菜单页面","icon":"1/2022/03/FdI4Yw.gif","id":2,"name":"菜单","path":"/menu/path","pid":1,"sort":1.1,"status":1,"type":1,"updatedAt":null} 
2022-07-03 12:16:38.695 [NOTI] {"bg_img":"https://images.pexels.com/photos/325185/pexels-photo-325185.jpeg?cs=srgb\u0026dl=pexels-aleksandar-pasaric-325185.jpg\u0026fm=jpg","created_at":"2022-02-16 19:14:13","desc":"这里是菜单页面","icon":"1/2022/03/FdI4Yw.gif","id":2,"name":"菜单","path":"/menu/path","pid":1,"sort":1.1,"status":1,"type":1,"updated_at":"2022-07-03 12:16:38"} 
2022-07-03 12:16:38.741 [NOTI] {"bg_img":"https://images.pexels.com/photos/325185/pexels-photo-325185.jpeg?cs=srgb\u0026dl=pexels-aleksandar-pasaric-325185.jpg\u0026fm=jpg","created_at":"2022-02-16 19:14:13","desc":"这里是菜单页面","icon":"1/2022/03/FdI4Yw.gif","id":2,"name":"菜单","path":"/menu/path","pid":1,"sort":1.1,"status":1,"type":1,"updated_at":"2022-07-03 12:16:38"} 
2022-07-03 12:16:40.388 [NOTI] 
2022-07-03 12:22:43.361 [NOTI] {"bg_img":"https://images.pexels.com/photos/325185/pexels-photo-325185.jpeg?cs=srgb\u0026dl=pexels-aleksandar-pasaric-325185.jpg\u0026fm=jpg","created_at":"2022-02-16 19:14:13","desc":"这里是菜单页面","icon":"1/2022/03/FdI4Yw.gif","id":2,"name":"菜单","path":"/menu/path","pid":1,"sort":1.1,"status":1,"type":1,"updated_at":"2022-07-03 12:16:38"} 
2022-07-03 12:22:43.402 [NOTI] {"bg_img":"https://images.pexels.com/photos/325185/pexels-photo-325185.jpeg?cs=srgb\u0026dl=pexels-aleksandar-pasaric-325185.jpg\u0026fm=jpg","created_at":"2022-02-16 19:14:13","desc":"这里是菜单页面","icon":"1/2022/03/FdI4Yw.gif","id":2,"name":"菜单","path":"/menu/path","pid":1,"sort":1.1,"status":1,"type":1,"updated_at":"2022-07-03 12:16:38"} 
2022-07-03 12:22:46.646 [NOTI] 
2022-07-03 12:22:46.648 [NOTI] {"bgImg":"https://images.pexels.com/photos/2531709/pexels-photo-2531709.jpeg?cs=srgb\u0026dl=pexels-rodrigo-souza-2531709.jpg\u0026fm=jpg","desc":"这里是菜单页面","icon":"1/2022/03/FdI4Yw.gif","id":2,"name":"菜单","path":"/menu/path","pid":1,"sort":1.1,"status":1,"type":1,"updatedAt":null} 
2022-07-03 12:22:46.657 [NOTI] {"bg_img":"https://images.pexels.com/photos/2531709/pexels-photo-2531709.jpeg?cs=srgb\u0026dl=pexels-rodrigo-souza-2531709.jpg\u0026fm=jpg","created_at":"2022-02-16 19:14:13","desc":"这里是菜单页面","icon":"1/2022/03/FdI4Yw.gif","id":2,"name":"菜单","path":"/menu/path","pid":1,"sort":1.1,"status":1,"type":1,"updated_at":"2022-07-03 12:22:46"} 
2022-07-03 12:22:46.695 [NOTI] {"bg_img":"https://images.pexels.com/photos/2531709/pexels-photo-2531709.jpeg?cs=srgb\u0026dl=pexels-rodrigo-souza-2531709.jpg\u0026fm=jpg","created_at":"2022-02-16 19:14:13","desc":"这里是菜单页面","icon":"1/2022/03/FdI4Yw.gif","id":2,"name":"菜单","path":"/menu/path","pid":1,"sort":1.1,"status":1,"type":1,"updated_at":"2022-07-03 12:22:46"} 
2022-07-03 12:22:48.103 [NOTI] 
2022-07-03 12:23:24.643 [NOTI] {"bg_img":"https://images.pexels.com/photos/2531709/pexels-photo-2531709.jpeg?cs=srgb\u0026dl=pexels-rodrigo-souza-2531709.jpg\u0026fm=jpg","created_at":"2022-02-16 19:14:13","desc":"这里是菜单页面","icon":"1/2022/03/FdI4Yw.gif","id":2,"name":"菜单","path":"/menu/path","pid":1,"sort":1.1,"status":1,"type":1,"updated_at":"2022-07-03 12:22:46"} 
2022-07-03 12:23:24.709 [NOTI] {"bg_img":"https://images.pexels.com/photos/2531709/pexels-photo-2531709.jpeg?cs=srgb\u0026dl=pexels-rodrigo-souza-2531709.jpg\u0026fm=jpg","created_at":"2022-02-16 19:14:13","desc":"这里是菜单页面","icon":"1/2022/03/FdI4Yw.gif","id":2,"name":"菜单","path":"/menu/path","pid":1,"sort":1.1,"status":1,"type":1,"updated_at":"2022-07-03 12:22:46"} 
2022-07-03 12:23:29.889 [NOTI] 
2022-07-03 12:23:29.890 [NOTI] {"bgImg":"1/2022/03/FdI4Yw.gif","desc":"这里是菜单页面","icon":"1/2022/03/FdI4Yw.gif","id":2,"name":"菜单","path":"/menu/path","pid":1,"sort":1.1,"status":1,"type":1,"updatedAt":null} 
2022-07-03 12:23:29.904 [NOTI] {"bg_img":"1/2022/03/FdI4Yw.gif","created_at":"2022-02-16 19:14:13","desc":"这里是菜单页面","icon":"1/2022/03/FdI4Yw.gif","id":2,"name":"菜单","path":"/menu/path","pid":1,"sort":1.1,"status":1,"type":1,"updated_at":"2022-07-03 12:23:29"} 
2022-07-03 12:23:29.949 [NOTI] {"bg_img":"1/2022/03/FdI4Yw.gif","created_at":"2022-02-16 19:14:13","desc":"这里是菜单页面","icon":"1/2022/03/FdI4Yw.gif","id":2,"name":"菜单","path":"/menu/path","pid":1,"sort":1.1,"status":1,"type":1,"updated_at":"2022-07-03 12:23:29"} 
2022-07-03 12:23:31.071 [NOTI] 
2022-07-03 12:24:14.827 [NOTI] {"bg_img":null,"created_at":"2022-03-04 16:57:14","desc":"","icon":"1/2022/03/IdGUqj.png","id":3,"name":"角色","path":"/role/path","pid":1,"sort":1.3,"status":1,"type":1,"updated_at":"2022-06-24 15:37:20"} 
2022-07-03 12:24:14.879 [NOTI] {"bg_img":null,"created_at":"2022-03-04 16:57:14","desc":"","icon":"1/2022/03/IdGUqj.png","id":3,"name":"角色","path":"/role/path","pid":1,"sort":1.3,"status":1,"type":1,"updated_at":"2022-06-24 15:37:20"} 
2022-07-03 12:24:17.846 [NOTI] 
2022-07-03 12:24:17.847 [NOTI] {"bgImg":"https://images.pexels.com/photos/2529973/pexels-photo-2529973.jpeg?cs=srgb\u0026dl=pexels-trace-hudson-2529973.jpg\u0026fm=jpg","desc":"","icon":"1/2022/03/IdGUqj.png","id":3,"name":"角色","path":"/role/path","pid":1,"sort":1.3,"status":1,"type":1,"updatedAt":null} 
2022-07-03 12:24:17.864 [NOTI] {"bg_img":"https://images.pexels.com/photos/2529973/pexels-photo-2529973.jpeg?cs=srgb\u0026dl=pexels-trace-hudson-2529973.jpg\u0026fm=jpg","created_at":"2022-03-04 16:57:14","desc":"","icon":"1/2022/03/IdGUqj.png","id":3,"name":"角色","path":"/role/path","pid":1,"sort":1.3,"status":1,"type":1,"updated_at":"2022-07-03 12:24:17"} 
2022-07-03 12:24:17.918 [NOTI] {"bg_img":"https://images.pexels.com/photos/2529973/pexels-photo-2529973.jpeg?cs=srgb\u0026dl=pexels-trace-hudson-2529973.jpg\u0026fm=jpg","created_at":"2022-03-04 16:57:14","desc":"","icon":"1/2022/03/IdGUqj.png","id":3,"name":"角色","path":"/role/path","pid":1,"sort":1.3,"status":1,"type":1,"updated_at":"2022-07-03 12:24:17"} 
2022-07-03 12:24:19.211 [NOTI] 
2022-07-03 12:32:27.431 [NOTI] {"bg_img":"1/2022/03/FdI4Yw.gif","created_at":"2022-02-16 19:14:13","desc":"这里是菜单页面","icon":"1/2022/03/FdI4Yw.gif","id":2,"name":"菜单","path":"/menu/path","pid":1,"sort":1.1,"status":1,"type":1,"updated_at":"2022-07-03 12:23:29"} 
2022-07-03 12:32:27.485 [NOTI] {"bg_img":"1/2022/03/FdI4Yw.gif","created_at":"2022-02-16 19:14:13","desc":"这里是菜单页面","icon":"1/2022/03/FdI4Yw.gif","id":2,"name":"菜单","path":"/menu/path","pid":1,"sort":1.1,"status":1,"type":1,"updated_at":"2022-07-03 12:23:29"} 
2022-07-03 12:32:30.034 [NOTI] 
2022-07-03 12:32:30.035 [NOTI] {"bgImg":"https://cdn.pixabay.com/photo/2016/12/07/13/34/seamless-1889474_960_720.jpg","desc":"这里是菜单页面","icon":"1/2022/03/FdI4Yw.gif","id":2,"name":"菜单","path":"/menu/path","pid":1,"sort":1.1,"status":1,"type":1,"updatedAt":null} 
2022-07-03 12:32:30.049 [NOTI] {"bg_img":"https://cdn.pixabay.com/photo/2016/12/07/13/34/seamless-1889474_960_720.jpg","created_at":"2022-02-16 19:14:13","desc":"这里是菜单页面","icon":"1/2022/03/FdI4Yw.gif","id":2,"name":"菜单","path":"/menu/path","pid":1,"sort":1.1,"status":1,"type":1,"updated_at":"2022-07-03 12:32:30"} 
2022-07-03 12:32:30.090 [NOTI] {"bg_img":"https://cdn.pixabay.com/photo/2016/12/07/13/34/seamless-1889474_960_720.jpg","created_at":"2022-02-16 19:14:13","desc":"这里是菜单页面","icon":"1/2022/03/FdI4Yw.gif","id":2,"name":"菜单","path":"/menu/path","pid":1,"sort":1.1,"status":1,"type":1,"updated_at":"2022-07-03 12:32:30"} 
2022-07-03 12:32:30.908 [NOTI] 
2022-07-03 12:34:06.676 [NOTI] {"bg_img":"https://images.pexels.com/photos/2529973/pexels-photo-2529973.jpeg?cs=srgb\u0026dl=pexels-trace-hudson-2529973.jpg\u0026fm=jpg","created_at":"2022-03-04 16:57:14","desc":"","icon":"1/2022/03/IdGUqj.png","id":3,"name":"角色","path":"/role/path","pid":1,"sort":1.3,"status":1,"type":1,"updated_at":"2022-07-03 12:24:17"} 
2022-07-03 12:34:06.761 [NOTI] {"bg_img":"https://images.pexels.com/photos/2529973/pexels-photo-2529973.jpeg?cs=srgb\u0026dl=pexels-trace-hudson-2529973.jpg\u0026fm=jpg","created_at":"2022-03-04 16:57:14","desc":"","icon":"1/2022/03/IdGUqj.png","id":3,"name":"角色","path":"/role/path","pid":1,"sort":1.3,"status":1,"type":1,"updated_at":"2022-07-03 12:24:17"} 
2022-07-03 12:34:09.583 [NOTI] 
2022-07-03 12:34:09.585 [NOTI] {"bgImg":"https://cdn.pixabay.com/photo/2018/04/04/14/36/seamless-3289971_960_720.png","desc":"","icon":"1/2022/03/IdGUqj.png","id":3,"name":"角色","path":"/role/path","pid":1,"sort":1.3,"status":1,"type":1,"updatedAt":null} 
2022-07-03 12:34:09.599 [NOTI] {"bg_img":"https://cdn.pixabay.com/photo/2018/04/04/14/36/seamless-3289971_960_720.png","created_at":"2022-03-04 16:57:14","desc":"","icon":"1/2022/03/IdGUqj.png","id":3,"name":"角色","path":"/role/path","pid":1,"sort":1.3,"status":1,"type":1,"updated_at":"2022-07-03 12:34:09"} 
2022-07-03 12:34:09.640 [NOTI] {"bg_img":"https://cdn.pixabay.com/photo/2018/04/04/14/36/seamless-3289971_960_720.png","created_at":"2022-03-04 16:57:14","desc":"","icon":"1/2022/03/IdGUqj.png","id":3,"name":"角色","path":"/role/path","pid":1,"sort":1.3,"status":1,"type":1,"updated_at":"2022-07-03 12:34:09"} 
2022-07-03 12:34:10.484 [NOTI] 
2022-07-03 12:34:22.259 [NOTI] {"bg_img":"https://cdn.pixabay.com/photo/2016/12/07/13/34/seamless-1889474_960_720.jpg","created_at":"2022-02-16 19:14:13","desc":"这里是菜单页面","icon":"1/2022/03/FdI4Yw.gif","id":2,"name":"菜单","path":"/menu/path","pid":1,"sort":1.1,"status":1,"type":1,"updated_at":"2022-07-03 12:32:30"} 
2022-07-03 12:34:22.300 [NOTI] {"bg_img":"https://cdn.pixabay.com/photo/2016/12/07/13/34/seamless-1889474_960_720.jpg","created_at":"2022-02-16 19:14:13","desc":"这里是菜单页面","icon":"1/2022/03/FdI4Yw.gif","id":2,"name":"菜单","path":"/menu/path","pid":1,"sort":1.1,"status":1,"type":1,"updated_at":"2022-07-03 12:32:30"} 
2022-07-03 12:34:23.917 [NOTI] 
2022-07-03 12:34:23.918 [NOTI] {"bgImg":"https://cdn.pixabay.com/photo/2018/04/04/14/36/seamless-3289971_960_720.png","desc":"这里是菜单页面","icon":"1/2022/03/FdI4Yw.gif","id":2,"name":"菜单","path":"/menu/path","pid":1,"sort":1.1,"status":1,"type":1,"updatedAt":null} 
2022-07-03 12:34:23.933 [NOTI] {"bg_img":"https://cdn.pixabay.com/photo/2018/04/04/14/36/seamless-3289971_960_720.png","created_at":"2022-02-16 19:14:13","desc":"这里是菜单页面","icon":"1/2022/03/FdI4Yw.gif","id":2,"name":"菜单","path":"/menu/path","pid":1,"sort":1.1,"status":1,"type":1,"updated_at":"2022-07-03 12:34:23"} 
2022-07-03 12:34:23.987 [NOTI] {"bg_img":"https://cdn.pixabay.com/photo/2018/04/04/14/36/seamless-3289971_960_720.png","created_at":"2022-02-16 19:14:13","desc":"这里是菜单页面","icon":"1/2022/03/FdI4Yw.gif","id":2,"name":"菜单","path":"/menu/path","pid":1,"sort":1.1,"status":1,"type":1,"updated_at":"2022-07-03 12:34:23"} 
2022-07-03 12:34:24.459 [NOTI] 
2022-07-03 12:41:16.276 [NOTI] {"bg_img":"1/2022/03/BYFY4d.gif","created_at":"2022-02-27 13:04:56","desc":"","icon":"1/2022/03/BYFY4d.gif","id":4,"name":"API","path":"/api/path","pid":1,"sort":1.2,"status":1,"type":1,"updated_at":"2022-07-02 22:38:13"} 
2022-07-03 12:41:16.349 [NOTI] {"bg_img":"1/2022/03/BYFY4d.gif","created_at":"2022-02-27 13:04:56","desc":"","icon":"1/2022/03/BYFY4d.gif","id":4,"name":"API","path":"/api/path","pid":1,"sort":1.2,"status":1,"type":1,"updated_at":"2022-07-02 22:38:13"} 
2022-07-03 12:41:19.739 [NOTI] 
2022-07-03 12:41:19.740 [NOTI] {"bgImg":"https://www.freepik.com/free-vector/seamless-background-with-colorful-flowers_26348126.htm#query=background%20repeat\u0026position=28\u0026from_view=keyword","desc":"","icon":"1/2022/03/BYFY4d.gif","id":4,"name":"API","path":"/api/path","pid":1,"sort":1.2,"status":1,"type":1,"updatedAt":null} 
2022-07-03 12:41:19.749 [NOTI] {"bg_img":"https://www.freepik.com/free-vector/seamless-background-with-colorful-flowers_26348126.htm#query=background%20repeat\u0026position=28\u0026from_view=keyword","created_at":"2022-02-27 13:04:56","desc":"","icon":"1/2022/03/BYFY4d.gif","id":4,"name":"API","path":"/api/path","pid":1,"sort":1.2,"status":1,"type":1,"updated_at":"2022-07-03 12:41:19"} 
2022-07-03 12:41:19.802 [NOTI] {"bg_img":"https://www.freepik.com/free-vector/seamless-background-with-colorful-flowers_26348126.htm#query=background%20repeat\u0026position=28\u0026from_view=keyword","created_at":"2022-02-27 13:04:56","desc":"","icon":"1/2022/03/BYFY4d.gif","id":4,"name":"API","path":"/api/path","pid":1,"sort":1.2,"status":1,"type":1,"updated_at":"2022-07-03 12:41:19"} 
2022-07-03 12:41:21.285 [NOTI] 
2022-07-03 12:41:39.241 [NOTI] {"bg_img":"https://www.freepik.com/free-vector/seamless-background-with-colorful-flowers_26348126.htm#query=background%20repeat\u0026position=28\u0026from_view=keyword","created_at":"2022-02-27 13:04:56","desc":"","icon":"1/2022/03/BYFY4d.gif","id":4,"name":"API","path":"/api/path","pid":1,"sort":1.2,"status":1,"type":1,"updated_at":"2022-07-03 12:41:19"} 
2022-07-03 12:41:39.307 [NOTI] {"bg_img":"https://www.freepik.com/free-vector/seamless-background-with-colorful-flowers_26348126.htm#query=background%20repeat\u0026position=28\u0026from_view=keyword","created_at":"2022-02-27 13:04:56","desc":"","icon":"1/2022/03/BYFY4d.gif","id":4,"name":"API","path":"/api/path","pid":1,"sort":1.2,"status":1,"type":1,"updated_at":"2022-07-03 12:41:19"} 
2022-07-03 12:41:41.926 [NOTI] 
2022-07-03 12:41:41.927 [NOTI] {"bgImg":"https://img.freepik.com/free-vector/seamless-background-with-colorful-flowers_1308-104353.jpg?w=826\u0026t=st=1656823287~exp=1656823887~hmac=ba45b9863b3cac803b0d0c82992d3e17dc15776f4015e5c38ad4922f8c57fc77","desc":"","icon":"1/2022/03/BYFY4d.gif","id":4,"name":"API","path":"/api/path","pid":1,"sort":1.2,"status":1,"type":1,"updatedAt":null} 
2022-07-03 12:41:41.941 [NOTI] {"bg_img":"https://img.freepik.com/free-vector/seamless-background-with-colorful-flowers_1308-104353.jpg?w=826\u0026t=st=1656823287~exp=1656823887~hmac=ba45b9863b3cac803b0d0c82992d3e17dc15776f4015e5c38ad4922f8c57fc77","created_at":"2022-02-27 13:04:56","desc":"","icon":"1/2022/03/BYFY4d.gif","id":4,"name":"API","path":"/api/path","pid":1,"sort":1.2,"status":1,"type":1,"updated_at":"2022-07-03 12:41:41"} 
2022-07-03 12:41:41.988 [NOTI] {"bg_img":"https://img.freepik.com/free-vector/seamless-background-with-colorful-flowers_1308-104353.jpg?w=826\u0026t=st=1656823287~exp=1656823887~hmac=ba45b9863b3cac803b0d0c82992d3e17dc15776f4015e5c38ad4922f8c57fc77","created_at":"2022-02-27 13:04:56","desc":"","icon":"1/2022/03/BYFY4d.gif","id":4,"name":"API","path":"/api/path","pid":1,"sort":1.2,"status":1,"type":1,"updated_at":"2022-07-03 12:41:41"} 
2022-07-03 12:41:43.334 [NOTI] 
2022-07-03 12:42:35.991 [NOTI] {"bg_img":"https://cdn.pixabay.com/photo/2018/04/04/14/36/seamless-3289971_960_720.png","created_at":"2022-02-16 19:14:13","desc":"这里是菜单页面","icon":"1/2022/03/FdI4Yw.gif","id":2,"name":"菜单","path":"/menu/path","pid":1,"sort":1.1,"status":1,"type":1,"updated_at":"2022-07-03 12:34:23"} 
2022-07-03 12:42:36.034 [NOTI] {"bg_img":"https://cdn.pixabay.com/photo/2018/04/04/14/36/seamless-3289971_960_720.png","created_at":"2022-02-16 19:14:13","desc":"这里是菜单页面","icon":"1/2022/03/FdI4Yw.gif","id":2,"name":"菜单","path":"/menu/path","pid":1,"sort":1.1,"status":1,"type":1,"updated_at":"2022-07-03 12:34:23"} 
2022-07-03 12:42:38.593 [NOTI] 
2022-07-03 12:42:38.595 [NOTI] {"bgImg":"https://img.freepik.com/free-vector/seamless-background-with-colorful-flowers_1308-104353.jpg?w=826\u0026t=st=1656823287~exp=1656823887~hmac=ba45b9863b3cac803b0d0c82992d3e17dc15776f4015e5c38ad4922f8c57fc77","desc":"这里是菜单页面","icon":"1/2022/03/FdI4Yw.gif","id":2,"name":"菜单","path":"/menu/path","pid":1,"sort":1.1,"status":1,"type":1,"updatedAt":null} 
2022-07-03 12:42:38.609 [NOTI] {"bg_img":"https://img.freepik.com/free-vector/seamless-background-with-colorful-flowers_1308-104353.jpg?w=826\u0026t=st=1656823287~exp=1656823887~hmac=ba45b9863b3cac803b0d0c82992d3e17dc15776f4015e5c38ad4922f8c57fc77","created_at":"2022-02-16 19:14:13","desc":"这里是菜单页面","icon":"1/2022/03/FdI4Yw.gif","id":2,"name":"菜单","path":"/menu/path","pid":1,"sort":1.1,"status":1,"type":1,"updated_at":"2022-07-03 12:42:38"} 
2022-07-03 12:42:38.654 [NOTI] {"bg_img":"https://img.freepik.com/free-vector/seamless-background-with-colorful-flowers_1308-104353.jpg?w=826\u0026t=st=1656823287~exp=1656823887~hmac=ba45b9863b3cac803b0d0c82992d3e17dc15776f4015e5c38ad4922f8c57fc77","created_at":"2022-02-16 19:14:13","desc":"这里是菜单页面","icon":"1/2022/03/FdI4Yw.gif","id":2,"name":"菜单","path":"/menu/path","pid":1,"sort":1.1,"status":1,"type":1,"updated_at":"2022-07-03 12:42:38"} 
2022-07-03 12:42:40.187 [NOTI] 
2022-07-03 12:43:39.576 [NOTI] {"bg_img":"https://img.freepik.com/free-vector/seamless-background-with-colorful-flowers_1308-104353.jpg?w=826\u0026t=st=1656823287~exp=1656823887~hmac=ba45b9863b3cac803b0d0c82992d3e17dc15776f4015e5c38ad4922f8c57fc77","created_at":"2022-02-16 19:14:13","desc":"这里是菜单页面","icon":"1/2022/03/FdI4Yw.gif","id":2,"name":"菜单","path":"/menu/path","pid":1,"sort":1.1,"status":1,"type":1,"updated_at":"2022-07-03 12:42:38"} 
2022-07-03 12:43:39.636 [NOTI] {"bg_img":"https://img.freepik.com/free-vector/seamless-background-with-colorful-flowers_1308-104353.jpg?w=826\u0026t=st=1656823287~exp=1656823887~hmac=ba45b9863b3cac803b0d0c82992d3e17dc15776f4015e5c38ad4922f8c57fc77","created_at":"2022-02-16 19:14:13","desc":"这里是菜单页面","icon":"1/2022/03/FdI4Yw.gif","id":2,"name":"菜单","path":"/menu/path","pid":1,"sort":1.1,"status":1,"type":1,"updated_at":"2022-07-03 12:42:38"} 
2022-07-03 12:43:41.766 [NOTI] 
2022-07-03 12:44:39.073 [NOTI] {"bg_img":"https://img.freepik.com/free-vector/seamless-background-with-colorful-flowers_1308-104353.jpg?w=826\u0026t=st=1656823287~exp=1656823887~hmac=ba45b9863b3cac803b0d0c82992d3e17dc15776f4015e5c38ad4922f8c57fc77","created_at":"2022-02-16 19:14:13","desc":"这里是菜单页面","icon":"1/2022/03/FdI4Yw.gif","id":2,"name":"菜单","path":"/menu/path","pid":1,"sort":1.1,"status":1,"type":1,"updated_at":"2022-07-03 12:42:38"} 
2022-07-03 12:44:39.112 [NOTI] {"bg_img":"https://img.freepik.com/free-vector/seamless-background-with-colorful-flowers_1308-104353.jpg?w=826\u0026t=st=1656823287~exp=1656823887~hmac=ba45b9863b3cac803b0d0c82992d3e17dc15776f4015e5c38ad4922f8c57fc77","created_at":"2022-02-16 19:14:13","desc":"这里是菜单页面","icon":"1/2022/03/FdI4Yw.gif","id":2,"name":"菜单","path":"/menu/path","pid":1,"sort":1.1,"status":1,"type":1,"updated_at":"2022-07-03 12:42:38"} 
2022-07-03 12:44:43.043 [NOTI] 
2022-07-03 12:44:43.047 [NOTI] {"bgImg":"2/2022/07/CQVqgn.webp","desc":"这里是菜单页面","icon":"1/2022/03/FdI4Yw.gif","id":2,"name":"菜单","path":"/menu/path","pid":1,"sort":1.1,"status":1,"type":1,"updatedAt":null} 
2022-07-03 12:44:43.058 [NOTI] {"bg_img":"2/2022/07/CQVqgn.webp","created_at":"2022-02-16 19:14:13","desc":"这里是菜单页面","icon":"1/2022/03/FdI4Yw.gif","id":2,"name":"菜单","path":"/menu/path","pid":1,"sort":1.1,"status":1,"type":1,"updated_at":"2022-07-03 12:44:43"} 
2022-07-03 12:44:43.117 [NOTI] {"bg_img":"2/2022/07/CQVqgn.webp","created_at":"2022-02-16 19:14:13","desc":"这里是菜单页面","icon":"1/2022/03/FdI4Yw.gif","id":2,"name":"菜单","path":"/menu/path","pid":1,"sort":1.1,"status":1,"type":1,"updated_at":"2022-07-03 12:44:43"} 
2022-07-03 12:44:43.960 [NOTI] 
2022-07-03 12:44:50.642 [NOTI] {"bg_img":"2/2022/07/CQVqgn.webp","created_at":"2022-02-16 19:14:13","desc":"这里是菜单页面","icon":"1/2022/03/FdI4Yw.gif","id":2,"name":"菜单","path":"/menu/path","pid":1,"sort":1.1,"status":1,"type":1,"updated_at":"2022-07-03 12:44:43"} 
2022-07-03 12:44:50.679 [NOTI] {"bg_img":"2/2022/07/CQVqgn.webp","created_at":"2022-02-16 19:14:13","desc":"这里是菜单页面","icon":"1/2022/03/FdI4Yw.gif","id":2,"name":"菜单","path":"/menu/path","pid":1,"sort":1.1,"status":1,"type":1,"updated_at":"2022-07-03 12:44:43"} 
2022-07-03 12:44:58.111 [NOTI] 
2022-07-03 12:44:58.112 [NOTI] {"bgImg":"2/2022/07/CQVqgn.webp","desc":"这里是菜单页面","icon":"2/2022/07/CQVqgn.webp","id":2,"name":"菜单","path":"/menu/path","pid":1,"sort":1.1,"status":1,"type":1,"updatedAt":null} 
2022-07-03 12:44:58.126 [NOTI] {"bg_img":"2/2022/07/CQVqgn.webp","created_at":"2022-02-16 19:14:13","desc":"这里是菜单页面","icon":"2/2022/07/CQVqgn.webp","id":2,"name":"菜单","path":"/menu/path","pid":1,"sort":1.1,"status":1,"type":1,"updated_at":"2022-07-03 12:44:58"} 
2022-07-03 12:44:58.166 [NOTI] {"bg_img":"2/2022/07/CQVqgn.webp","created_at":"2022-02-16 19:14:13","desc":"这里是菜单页面","icon":"2/2022/07/CQVqgn.webp","id":2,"name":"菜单","path":"/menu/path","pid":1,"sort":1.1,"status":1,"type":1,"updated_at":"2022-07-03 12:44:58"} 
2022-07-03 12:44:59.587 [NOTI] 
2022-07-03 12:45:06.225 [NOTI] {"bg_img":"2/2022/07/CQVqgn.webp","created_at":"2022-02-16 19:14:13","desc":"这里是菜单页面","icon":"2/2022/07/CQVqgn.webp","id":2,"name":"菜单","path":"/menu/path","pid":1,"sort":1.1,"status":1,"type":1,"updated_at":"2022-07-03 12:44:58"} 
2022-07-03 12:45:06.258 [NOTI] {"bg_img":"2/2022/07/CQVqgn.webp","created_at":"2022-02-16 19:14:13","desc":"这里是菜单页面","icon":"2/2022/07/CQVqgn.webp","id":2,"name":"菜单","path":"/menu/path","pid":1,"sort":1.1,"status":1,"type":1,"updated_at":"2022-07-03 12:44:58"} 
2022-07-03 12:45:10.044 [NOTI] 
2022-07-03 12:45:10.046 [NOTI] {"bgImg":"2/2022/07/CQVqgn.webp","desc":"这里是菜单页面","icon":"1/2022/03/FdI4Yw.gif","id":2,"name":"菜单","path":"/menu/path","pid":1,"sort":1.1,"status":1,"type":1,"updatedAt":null} 
2022-07-03 12:45:10.060 [NOTI] {"bg_img":"2/2022/07/CQVqgn.webp","created_at":"2022-02-16 19:14:13","desc":"这里是菜单页面","icon":"1/2022/03/FdI4Yw.gif","id":2,"name":"菜单","path":"/menu/path","pid":1,"sort":1.1,"status":1,"type":1,"updated_at":"2022-07-03 12:45:10"} 
2022-07-03 12:45:10.098 [NOTI] {"bg_img":"2/2022/07/CQVqgn.webp","created_at":"2022-02-16 19:14:13","desc":"这里是菜单页面","icon":"1/2022/03/FdI4Yw.gif","id":2,"name":"菜单","path":"/menu/path","pid":1,"sort":1.1,"status":1,"type":1,"updated_at":"2022-07-03 12:45:10"} 
2022-07-03 12:45:10.603 [NOTI] 
2022-07-03 12:46:02.930 [NOTI] {"bg_img":"https://img.freepik.com/free-vector/seamless-background-with-colorful-flowers_1308-104353.jpg?w=826\u0026t=st=1656823287~exp=1656823887~hmac=ba45b9863b3cac803b0d0c82992d3e17dc15776f4015e5c38ad4922f8c57fc77","created_at":"2022-02-27 13:04:56","desc":"","icon":"1/2022/03/BYFY4d.gif","id":4,"name":"API","path":"/api/path","pid":1,"sort":1.2,"status":1,"type":1,"updated_at":"2022-07-03 12:41:41"} 
2022-07-03 12:46:02.992 [NOTI] {"bg_img":"https://img.freepik.com/free-vector/seamless-background-with-colorful-flowers_1308-104353.jpg?w=826\u0026t=st=1656823287~exp=1656823887~hmac=ba45b9863b3cac803b0d0c82992d3e17dc15776f4015e5c38ad4922f8c57fc77","created_at":"2022-02-27 13:04:56","desc":"","icon":"1/2022/03/BYFY4d.gif","id":4,"name":"API","path":"/api/path","pid":1,"sort":1.2,"status":1,"type":1,"updated_at":"2022-07-03 12:41:41"} 
2022-07-03 12:46:05.702 [NOTI] 
2022-07-03 12:46:05.703 [NOTI] {"bgImg":"https://as1.ftcdn.net/v2/jpg/00/93/02/94/1000_F_93029448_Rxn2mxmMQWqQcOF17aFHgH24YbZdYdWq.jpg","desc":"","icon":"1/2022/03/BYFY4d.gif","id":4,"name":"API","path":"/api/path","pid":1,"sort":1.2,"status":1,"type":1,"updatedAt":null} 
2022-07-03 12:46:05.718 [NOTI] {"bg_img":"https://as1.ftcdn.net/v2/jpg/00/93/02/94/1000_F_93029448_Rxn2mxmMQWqQcOF17aFHgH24YbZdYdWq.jpg","created_at":"2022-02-27 13:04:56","desc":"","icon":"1/2022/03/BYFY4d.gif","id":4,"name":"API","path":"/api/path","pid":1,"sort":1.2,"status":1,"type":1,"updated_at":"2022-07-03 12:46:05"} 
2022-07-03 12:46:05.763 [NOTI] {"bg_img":"https://as1.ftcdn.net/v2/jpg/00/93/02/94/1000_F_93029448_Rxn2mxmMQWqQcOF17aFHgH24YbZdYdWq.jpg","created_at":"2022-02-27 13:04:56","desc":"","icon":"1/2022/03/BYFY4d.gif","id":4,"name":"API","path":"/api/path","pid":1,"sort":1.2,"status":1,"type":1,"updated_at":"2022-07-03 12:46:05"} 
2022-07-03 12:46:06.242 [NOTI] 
2022-07-03 12:49:20.373 [NOTI] {"bg_img":"https://cdn.pixabay.com/photo/2018/04/04/14/36/seamless-3289971_960_720.png","created_at":"2022-03-04 16:57:14","desc":"","icon":"1/2022/03/IdGUqj.png","id":3,"name":"角色","path":"/role/path","pid":1,"sort":1.3,"status":1,"type":1,"updated_at":"2022-07-03 12:34:09"} 
2022-07-03 12:49:20.418 [NOTI] {"bg_img":"https://cdn.pixabay.com/photo/2018/04/04/14/36/seamless-3289971_960_720.png","created_at":"2022-03-04 16:57:14","desc":"","icon":"1/2022/03/IdGUqj.png","id":3,"name":"角色","path":"/role/path","pid":1,"sort":1.3,"status":1,"type":1,"updated_at":"2022-07-03 12:34:09"} 
2022-07-03 12:49:23.630 [NOTI] 
2022-07-03 12:49:23.632 [NOTI] {"bgImg":"2/2022/07/qMBDps.png","desc":"","icon":"1/2022/03/IdGUqj.png","id":3,"name":"角色","path":"/role/path","pid":1,"sort":1.3,"status":1,"type":1,"updatedAt":null} 
2022-07-03 12:49:23.646 [NOTI] {"bg_img":"2/2022/07/qMBDps.png","created_at":"2022-03-04 16:57:14","desc":"","icon":"1/2022/03/IdGUqj.png","id":3,"name":"角色","path":"/role/path","pid":1,"sort":1.3,"status":1,"type":1,"updated_at":"2022-07-03 12:49:23"} 
2022-07-03 12:49:23.691 [NOTI] {"bg_img":"2/2022/07/qMBDps.png","created_at":"2022-03-04 16:57:14","desc":"","icon":"1/2022/03/IdGUqj.png","id":3,"name":"角色","path":"/role/path","pid":1,"sort":1.3,"status":1,"type":1,"updated_at":"2022-07-03 12:49:23"} 
2022-07-03 12:49:24.300 [NOTI] 
2022-07-03 12:50:19.710 [NOTI] {"bg_img":"https://as1.ftcdn.net/v2/jpg/00/93/02/94/1000_F_93029448_Rxn2mxmMQWqQcOF17aFHgH24YbZdYdWq.jpg","created_at":"2022-02-27 13:04:56","desc":"","icon":"1/2022/03/BYFY4d.gif","id":4,"name":"API","path":"/api/path","pid":1,"sort":1.2,"status":1,"type":1,"updated_at":"2022-07-03 12:46:05"} 
2022-07-03 12:50:19.772 [NOTI] {"bg_img":"https://as1.ftcdn.net/v2/jpg/00/93/02/94/1000_F_93029448_Rxn2mxmMQWqQcOF17aFHgH24YbZdYdWq.jpg","created_at":"2022-02-27 13:04:56","desc":"","icon":"1/2022/03/BYFY4d.gif","id":4,"name":"API","path":"/api/path","pid":1,"sort":1.2,"status":1,"type":1,"updated_at":"2022-07-03 12:46:05"} 
2022-07-03 12:50:21.793 [NOTI] 
2022-07-03 12:50:21.794 [NOTI] {"bgImg":"https://img.freepik.com/free-vector/technology-halftone-modern-background_1409-856.jpg?t=st=1656822974~exp=1656823574~hmac=46bd93ecdaa16502bd03bc8e944112f610f7ebfa10ac4aff28afa6d8e8b433f9\u0026w=1060","desc":"","icon":"1/2022/03/BYFY4d.gif","id":4,"name":"API","path":"/api/path","pid":1,"sort":1.2,"status":1,"type":1,"updatedAt":null} 
2022-07-03 12:50:21.808 [NOTI] {"bg_img":"https://img.freepik.com/free-vector/technology-halftone-modern-background_1409-856.jpg?t=st=1656822974~exp=1656823574~hmac=46bd93ecdaa16502bd03bc8e944112f610f7ebfa10ac4aff28afa6d8e8b433f9\u0026w=1060","created_at":"2022-02-27 13:04:56","desc":"","icon":"1/2022/03/BYFY4d.gif","id":4,"name":"API","path":"/api/path","pid":1,"sort":1.2,"status":1,"type":1,"updated_at":"2022-07-03 12:50:21"} 
2022-07-03 12:50:21.878 [NOTI] {"bg_img":"https://img.freepik.com/free-vector/technology-halftone-modern-background_1409-856.jpg?t=st=1656822974~exp=1656823574~hmac=46bd93ecdaa16502bd03bc8e944112f610f7ebfa10ac4aff28afa6d8e8b433f9\u0026w=1060","created_at":"2022-02-27 13:04:56","desc":"","icon":"1/2022/03/BYFY4d.gif","id":4,"name":"API","path":"/api/path","pid":1,"sort":1.2,"status":1,"type":1,"updated_at":"2022-07-03 12:50:21"} 
2022-07-03 12:50:22.344 [NOTI] 
2022-07-03 12:51:18.663 [NOTI] {"bg_img":"https://img.freepik.com/free-vector/technology-halftone-modern-background_1409-856.jpg?t=st=1656822974~exp=1656823574~hmac=46bd93ecdaa16502bd03bc8e944112f610f7ebfa10ac4aff28afa6d8e8b433f9\u0026w=1060","created_at":"2022-02-27 13:04:56","desc":"","icon":"1/2022/03/BYFY4d.gif","id":4,"name":"API","path":"/api/path","pid":1,"sort":1.2,"status":1,"type":1,"updated_at":"2022-07-03 12:50:21"} 
2022-07-03 12:51:18.703 [NOTI] {"bg_img":"https://img.freepik.com/free-vector/technology-halftone-modern-background_1409-856.jpg?t=st=1656822974~exp=1656823574~hmac=46bd93ecdaa16502bd03bc8e944112f610f7ebfa10ac4aff28afa6d8e8b433f9\u0026w=1060","created_at":"2022-02-27 13:04:56","desc":"","icon":"1/2022/03/BYFY4d.gif","id":4,"name":"API","path":"/api/path","pid":1,"sort":1.2,"status":1,"type":1,"updated_at":"2022-07-03 12:50:21"} 
2022-07-03 12:51:21.018 [NOTI] 
2022-07-03 12:51:21.019 [NOTI] {"bgImg":"https://img.freepik.com/free-vector/watercolor-ornamental-floral-pattern_23-2149299211.jpg?size=338\u0026ext=jpg\u0026ga=GA1.2.1220032224.1656822976","desc":"","icon":"1/2022/03/BYFY4d.gif","id":4,"name":"API","path":"/api/path","pid":1,"sort":1.2,"status":1,"type":1,"updatedAt":null} 
2022-07-03 12:51:21.034 [NOTI] {"bg_img":"https://img.freepik.com/free-vector/watercolor-ornamental-floral-pattern_23-2149299211.jpg?size=338\u0026ext=jpg\u0026ga=GA1.2.1220032224.1656822976","created_at":"2022-02-27 13:04:56","desc":"","icon":"1/2022/03/BYFY4d.gif","id":4,"name":"API","path":"/api/path","pid":1,"sort":1.2,"status":1,"type":1,"updated_at":"2022-07-03 12:51:21"} 
2022-07-03 12:51:21.075 [NOTI] {"bg_img":"https://img.freepik.com/free-vector/watercolor-ornamental-floral-pattern_23-2149299211.jpg?size=338\u0026ext=jpg\u0026ga=GA1.2.1220032224.1656822976","created_at":"2022-02-27 13:04:56","desc":"","icon":"1/2022/03/BYFY4d.gif","id":4,"name":"API","path":"/api/path","pid":1,"sort":1.2,"status":1,"type":1,"updated_at":"2022-07-03 12:51:21"} 
2022-07-03 12:51:21.737 [NOTI] 
2022-07-03 12:52:41.548 [NOTI] {"bg_img":"https://img.freepik.com/free-vector/watercolor-ornamental-floral-pattern_23-2149299211.jpg?size=338\u0026ext=jpg\u0026ga=GA1.2.1220032224.1656822976","created_at":"2022-02-27 13:04:56","desc":"","icon":"1/2022/03/BYFY4d.gif","id":4,"name":"API","path":"/api/path","pid":1,"sort":1.2,"status":1,"type":1,"updated_at":"2022-07-03 12:51:21"} 
2022-07-03 12:52:41.586 [NOTI] {"bg_img":"https://img.freepik.com/free-vector/watercolor-ornamental-floral-pattern_23-2149299211.jpg?size=338\u0026ext=jpg\u0026ga=GA1.2.1220032224.1656822976","created_at":"2022-02-27 13:04:56","desc":"","icon":"1/2022/03/BYFY4d.gif","id":4,"name":"API","path":"/api/path","pid":1,"sort":1.2,"status":1,"type":1,"updated_at":"2022-07-03 12:51:21"} 
2022-07-03 12:52:43.673 [NOTI] 
2022-07-03 12:52:43.675 [NOTI] {"bgImg":"https://img.freepik.com/free-vector/blue-diagonal-hand-draw-stripe-line-background_1409-1653.jpg?w=1380\u0026t=st=1656823937~exp=1656824537~hmac=4230663845b749258d8e16ea3bd269d392665898ba8892b03bc748be11912854","desc":"","icon":"1/2022/03/BYFY4d.gif","id":4,"name":"API","path":"/api/path","pid":1,"sort":1.2,"status":1,"type":1,"updatedAt":null} 
2022-07-03 12:52:43.689 [NOTI] {"bg_img":"https://img.freepik.com/free-vector/blue-diagonal-hand-draw-stripe-line-background_1409-1653.jpg?w=1380\u0026t=st=1656823937~exp=1656824537~hmac=4230663845b749258d8e16ea3bd269d392665898ba8892b03bc748be11912854","created_at":"2022-02-27 13:04:56","desc":"","icon":"1/2022/03/BYFY4d.gif","id":4,"name":"API","path":"/api/path","pid":1,"sort":1.2,"status":1,"type":1,"updated_at":"2022-07-03 12:52:43"} 
2022-07-03 12:52:43.731 [NOTI] {"bg_img":"https://img.freepik.com/free-vector/blue-diagonal-hand-draw-stripe-line-background_1409-1653.jpg?w=1380\u0026t=st=1656823937~exp=1656824537~hmac=4230663845b749258d8e16ea3bd269d392665898ba8892b03bc748be11912854","created_at":"2022-02-27 13:04:56","desc":"","icon":"1/2022/03/BYFY4d.gif","id":4,"name":"API","path":"/api/path","pid":1,"sort":1.2,"status":1,"type":1,"updated_at":"2022-07-03 12:52:43"} 
2022-07-03 12:52:44.331 [NOTI] 
2022-07-03 12:58:52.693 [INFO] Server start at :http://localhost:1211/login 
2022-07-03 12:59:32.210 [NOTI] {"bg_img":"3/2022/07/JHKAU4.gif","created_at":"2022-06-13 19:59:57","desc":"","icon":"3/2022/07/JHKAU4.gif","id":78,"name":"操作日志","path":"/operationLog/path","pid":1,"sort":1.8,"status":1,"type":1,"updated_at":"2022-07-02 22:57:25"} 
2022-07-03 12:59:32.257 [NOTI] {"bg_img":"3/2022/07/JHKAU4.gif","created_at":"2022-06-13 19:59:57","desc":"","icon":"3/2022/07/JHKAU4.gif","id":78,"name":"操作日志","path":"/operationLog/path","pid":1,"sort":1.8,"status":1,"type":1,"updated_at":"2022-07-02 22:57:25"} 
2022-07-03 12:59:36.942 [NOTI] 
2022-07-03 12:59:36.944 [NOTI] {"bgImg":"","desc":"","icon":"","id":78,"name":"操作日志","path":"/operationLog/path","pid":1,"sort":1.8,"status":1,"type":1,"updatedAt":null} 
2022-07-03 12:59:36.959 [NOTI] {"bg_img":"","created_at":"2022-06-13 19:59:57","desc":"","icon":"","id":78,"name":"操作日志","path":"/operationLog/path","pid":1,"sort":1.8,"status":1,"type":1,"updated_at":"2022-07-03 12:59:36"} 
2022-07-03 12:59:37.004 [NOTI] {"bg_img":"","created_at":"2022-06-13 19:59:57","desc":"","icon":"","id":78,"name":"操作日志","path":"/operationLog/path","pid":1,"sort":1.8,"status":1,"type":1,"updated_at":"2022-07-03 12:59:36"} 
2022-07-03 12:59:37.694 [NOTI] 
2022-07-03 13:00:28.663 [NOTI] {"bg_img":"https://img.freepik.com/free-vector/blue-diagonal-hand-draw-stripe-line-background_1409-1653.jpg?w=1380\u0026t=st=1656823937~exp=1656824537~hmac=4230663845b749258d8e16ea3bd269d392665898ba8892b03bc748be11912854","created_at":"2022-02-27 13:04:56","desc":"","icon":"1/2022/03/BYFY4d.gif","id":4,"name":"API","path":"/api/path","pid":1,"sort":1.2,"status":1,"type":1,"updated_at":"2022-07-03 12:52:43"} 
2022-07-03 13:00:28.702 [NOTI] {"bg_img":"https://img.freepik.com/free-vector/blue-diagonal-hand-draw-stripe-line-background_1409-1653.jpg?w=1380\u0026t=st=1656823937~exp=1656824537~hmac=4230663845b749258d8e16ea3bd269d392665898ba8892b03bc748be11912854","created_at":"2022-02-27 13:04:56","desc":"","icon":"1/2022/03/BYFY4d.gif","id":4,"name":"API","path":"/api/path","pid":1,"sort":1.2,"status":1,"type":1,"updated_at":"2022-07-03 12:52:43"} 
2022-07-03 13:00:33.338 [NOTI] 
2022-07-03 13:00:33.340 [NOTI] {"bgImg":"2/2022/07/lSCC0m.webp","desc":"","icon":"1/2022/03/BYFY4d.gif","id":4,"name":"API","path":"/api/path","pid":1,"sort":1.2,"status":1,"type":1,"updatedAt":null} 
2022-07-03 13:00:33.354 [NOTI] {"bg_img":"2/2022/07/lSCC0m.webp","created_at":"2022-02-27 13:04:56","desc":"","icon":"1/2022/03/BYFY4d.gif","id":4,"name":"API","path":"/api/path","pid":1,"sort":1.2,"status":1,"type":1,"updated_at":"2022-07-03 13:00:33"} 
2022-07-03 13:00:33.395 [NOTI] {"bg_img":"2/2022/07/lSCC0m.webp","created_at":"2022-02-27 13:04:56","desc":"","icon":"1/2022/03/BYFY4d.gif","id":4,"name":"API","path":"/api/path","pid":1,"sort":1.2,"status":1,"type":1,"updated_at":"2022-07-03 13:00:33"} 
2022-07-03 13:00:34.169 [NOTI] 
2022-07-03 13:02:57.141 [NOTI] {"bg_img":"1/2022/03/5Eoxb1.png","created_at":"2022-03-08 15:45:04","desc":"","icon":"1/2022/03/5Eoxb1.png","id":5,"name":"管理员","path":"/admin/path","pid":1,"sort":1.4,"status":1,"type":1,"updated_at":"2022-07-02 22:39:05"} 
2022-07-03 13:02:57.193 [NOTI] {"bg_img":"1/2022/03/5Eoxb1.png","created_at":"2022-03-08 15:45:04","desc":"","icon":"1/2022/03/5Eoxb1.png","id":5,"name":"管理员","path":"/admin/path","pid":1,"sort":1.4,"status":1,"type":1,"updated_at":"2022-07-02 22:39:05"} 
2022-07-03 13:02:59.845 [NOTI] 
2022-07-03 13:02:59.850 [NOTI] {"bgImg":"https://img.freepik.com/free-vector/hand-drawn-spring-flower-collection_23-2148429955.jpg?t=st=1656824556~exp=1656825156~hmac=9db257bf4607805d0de71a75523bf3e049571e4bf59f9582abcd48bb0a07346e\u0026w=826","desc":"","icon":"1/2022/03/5Eoxb1.png","id":5,"name":"管理员","path":"/admin/path","pid":1,"sort":1.4,"status":1,"type":1,"updatedAt":null} 
2022-07-03 13:02:59.863 [NOTI] {"bg_img":"https://img.freepik.com/free-vector/hand-drawn-spring-flower-collection_23-2148429955.jpg?t=st=1656824556~exp=1656825156~hmac=9db257bf4607805d0de71a75523bf3e049571e4bf59f9582abcd48bb0a07346e\u0026w=826","created_at":"2022-03-08 15:45:04","desc":"","icon":"1/2022/03/5Eoxb1.png","id":5,"name":"管理员","path":"/admin/path","pid":1,"sort":1.4,"status":1,"type":1,"updated_at":"2022-07-03 13:02:59"} 
2022-07-03 13:02:59.909 [NOTI] {"bg_img":"https://img.freepik.com/free-vector/hand-drawn-spring-flower-collection_23-2148429955.jpg?t=st=1656824556~exp=1656825156~hmac=9db257bf4607805d0de71a75523bf3e049571e4bf59f9582abcd48bb0a07346e\u0026w=826","created_at":"2022-03-08 15:45:04","desc":"","icon":"1/2022/03/5Eoxb1.png","id":5,"name":"管理员","path":"/admin/path","pid":1,"sort":1.4,"status":1,"type":1,"updated_at":"2022-07-03 13:02:59"} 
2022-07-03 13:03:00.424 [NOTI] 
2022-07-03 13:03:17.576 [NOTI] {"bg_img":"","created_at":"2022-06-13 19:59:57","desc":"","icon":"","id":78,"name":"操作日志","path":"/operationLog/path","pid":1,"sort":1.8,"status":1,"type":1,"updated_at":"2022-07-03 12:59:36"} 
2022-07-03 13:03:17.622 [NOTI] {"bg_img":"","created_at":"2022-06-13 19:59:57","desc":"","icon":"","id":78,"name":"操作日志","path":"/operationLog/path","pid":1,"sort":1.8,"status":1,"type":1,"updated_at":"2022-07-03 12:59:36"} 
2022-07-03 13:03:20.231 [NOTI] 
2022-07-03 13:03:20.232 [NOTI] {"bgImg":"https://img.freepik.com/free-vector/hand-drawn-spring-flower-collection_23-2148429955.jpg?t=st=1656824556~exp=1656825156~hmac=9db257bf4607805d0de71a75523bf3e049571e4bf59f9582abcd48bb0a07346e\u0026w=826","desc":"","icon":"","id":78,"name":"操作日志","path":"/operationLog/path","pid":1,"sort":1.8,"status":1,"type":1,"updatedAt":null} 
2022-07-03 13:03:20.247 [NOTI] {"bg_img":"https://img.freepik.com/free-vector/hand-drawn-spring-flower-collection_23-2148429955.jpg?t=st=1656824556~exp=1656825156~hmac=9db257bf4607805d0de71a75523bf3e049571e4bf59f9582abcd48bb0a07346e\u0026w=826","created_at":"2022-06-13 19:59:57","desc":"","icon":"","id":78,"name":"操作日志","path":"/operationLog/path","pid":1,"sort":1.8,"status":1,"type":1,"updated_at":"2022-07-03 13:03:20"} 
2022-07-03 13:03:20.282 [NOTI] {"bg_img":"https://img.freepik.com/free-vector/hand-drawn-spring-flower-collection_23-2148429955.jpg?t=st=1656824556~exp=1656825156~hmac=9db257bf4607805d0de71a75523bf3e049571e4bf59f9582abcd48bb0a07346e\u0026w=826","created_at":"2022-06-13 19:59:57","desc":"","icon":"","id":78,"name":"操作日志","path":"/operationLog/path","pid":1,"sort":1.8,"status":1,"type":1,"updated_at":"2022-07-03 13:03:20"} 
2022-07-03 13:03:20.702 [NOTI] 
2022-07-03 13:07:04.981 [NOTI] {"bg_img":"2/2022/07/lSCC0m.webp","created_at":"2022-02-27 13:04:56","desc":"","icon":"1/2022/03/BYFY4d.gif","id":4,"name":"API","path":"/api/path","pid":1,"sort":1.2,"status":1,"type":1,"updated_at":"2022-07-03 13:00:33"} 
2022-07-03 13:07:05.036 [NOTI] {"bg_img":"2/2022/07/lSCC0m.webp","created_at":"2022-02-27 13:04:56","desc":"","icon":"1/2022/03/BYFY4d.gif","id":4,"name":"API","path":"/api/path","pid":1,"sort":1.2,"status":1,"type":1,"updated_at":"2022-07-03 13:00:33"} 
2022-07-03 13:07:07.603 [NOTI] 
2022-07-03 13:07:07.605 [NOTI] {"bgImg":"https://img.freepik.com/free-vector/different-colored-icons_1214-203.jpg?t=st=1656824734~exp=1656825334~hmac=e449e9e88cca307473197c6f076e87f120553514c57b2d201041e6c397fa0def\u0026w=826","desc":"","icon":"1/2022/03/BYFY4d.gif","id":4,"name":"API","path":"/api/path","pid":1,"sort":1.2,"status":1,"type":1,"updatedAt":null} 
2022-07-03 13:07:07.619 [NOTI] {"bg_img":"https://img.freepik.com/free-vector/different-colored-icons_1214-203.jpg?t=st=1656824734~exp=1656825334~hmac=e449e9e88cca307473197c6f076e87f120553514c57b2d201041e6c397fa0def\u0026w=826","created_at":"2022-02-27 13:04:56","desc":"","icon":"1/2022/03/BYFY4d.gif","id":4,"name":"API","path":"/api/path","pid":1,"sort":1.2,"status":1,"type":1,"updated_at":"2022-07-03 13:07:07"} 
2022-07-03 13:07:07.664 [NOTI] {"bg_img":"https://img.freepik.com/free-vector/different-colored-icons_1214-203.jpg?t=st=1656824734~exp=1656825334~hmac=e449e9e88cca307473197c6f076e87f120553514c57b2d201041e6c397fa0def\u0026w=826","created_at":"2022-02-27 13:04:56","desc":"","icon":"1/2022/03/BYFY4d.gif","id":4,"name":"API","path":"/api/path","pid":1,"sort":1.2,"status":1,"type":1,"updated_at":"2022-07-03 13:07:07"} 
2022-07-03 13:07:08.081 [NOTI] 
2022-07-03 13:12:13.143 [NOTI] {"bg_img":"1/2022/03/2S41in.png","created_at":"2022-03-08 16:05:30","desc":"","icon":"1/2022/03/2S41in.png","id":30,"name":"文件","path":"/file/path","pid":1,"sort":1.6,"status":1,"type":1,"updated_at":"2022-07-02 22:37:46"} 
2022-07-03 13:12:13.182 [NOTI] {"bg_img":"1/2022/03/2S41in.png","created_at":"2022-03-08 16:05:30","desc":"","icon":"1/2022/03/2S41in.png","id":30,"name":"文件","path":"/file/path","pid":1,"sort":1.6,"status":1,"type":1,"updated_at":"2022-07-02 22:37:46"} 
2022-07-03 13:12:16.239 [NOTI] 
2022-07-03 13:12:16.241 [NOTI] {"bgImg":"","desc":"","icon":"1/2022/03/2S41in.png","id":30,"name":"文件","path":"/file/path","pid":1,"sort":1.6,"status":1,"type":1,"updatedAt":null} 
2022-07-03 13:12:16.255 [NOTI] {"bg_img":"","created_at":"2022-03-08 16:05:30","desc":"","icon":"1/2022/03/2S41in.png","id":30,"name":"文件","path":"/file/path","pid":1,"sort":1.6,"status":1,"type":1,"updated_at":"2022-07-03 13:12:16"} 
2022-07-03 13:12:16.303 [NOTI] {"bg_img":"","created_at":"2022-03-08 16:05:30","desc":"","icon":"1/2022/03/2S41in.png","id":30,"name":"文件","path":"/file/path","pid":1,"sort":1.6,"status":1,"type":1,"updated_at":"2022-07-03 13:12:16"} 
2022-07-03 13:12:17.234 [NOTI] 
2022-07-03 13:12:23.199 [NOTI] {"bg_img":"1/2022/03/5Eoxb1.png","created_at":"2022-04-01 22:41:45","desc":"","icon":"1/2022/03/5Eoxb1.png","id":59,"name":"代码生成","path":"/gen/path","pid":1,"sort":1.7,"status":1,"type":1,"updated_at":"2022-07-02 22:37:27"} 
2022-07-03 13:12:23.232 [NOTI] {"bg_img":"1/2022/03/5Eoxb1.png","created_at":"2022-04-01 22:41:45","desc":"","icon":"1/2022/03/5Eoxb1.png","id":59,"name":"代码生成","path":"/gen/path","pid":1,"sort":1.7,"status":1,"type":1,"updated_at":"2022-07-02 22:37:27"} 
2022-07-03 13:12:25.444 [NOTI] 
2022-07-03 13:12:25.447 [NOTI] {"bgImg":"","desc":"","icon":"1/2022/03/5Eoxb1.png","id":59,"name":"代码生成","path":"/gen/path","pid":1,"sort":1.7,"status":1,"type":1,"updatedAt":null} 
2022-07-03 13:12:25.461 [NOTI] {"bg_img":"","created_at":"2022-04-01 22:41:45","desc":"","icon":"1/2022/03/5Eoxb1.png","id":59,"name":"代码生成","path":"/gen/path","pid":1,"sort":1.7,"status":1,"type":1,"updated_at":"2022-07-03 13:12:25"} 
2022-07-03 13:12:25.500 [NOTI] {"bg_img":"","created_at":"2022-04-01 22:41:45","desc":"","icon":"1/2022/03/5Eoxb1.png","id":59,"name":"代码生成","path":"/gen/path","pid":1,"sort":1.7,"status":1,"type":1,"updated_at":"2022-07-03 13:12:25"} 
2022-07-03 13:12:28.360 [NOTI] 
2022-07-03 13:12:42.326 [NOTI] {"bg_img":"https://img.freepik.com/free-vector/hand-drawn-spring-flower-collection_23-2148429955.jpg?t=st=1656824556~exp=1656825156~hmac=9db257bf4607805d0de71a75523bf3e049571e4bf59f9582abcd48bb0a07346e\u0026w=826","created_at":"2022-06-13 19:59:57","desc":"","icon":"","id":78,"name":"操作日志","path":"/operationLog/path","pid":1,"sort":1.8,"status":1,"type":1,"updated_at":"2022-07-03 13:03:20"} 
2022-07-03 13:12:42.364 [NOTI] {"bg_img":"https://img.freepik.com/free-vector/hand-drawn-spring-flower-collection_23-2148429955.jpg?t=st=1656824556~exp=1656825156~hmac=9db257bf4607805d0de71a75523bf3e049571e4bf59f9582abcd48bb0a07346e\u0026w=826","created_at":"2022-06-13 19:59:57","desc":"","icon":"","id":78,"name":"操作日志","path":"/operationLog/path","pid":1,"sort":1.8,"status":1,"type":1,"updated_at":"2022-07-03 13:03:20"} 
2022-07-03 13:12:45.881 [NOTI] 
2022-07-03 13:12:45.883 [NOTI] {"bgImg":"","desc":"","icon":"","id":78,"name":"操作日志","path":"/operationLog/path","pid":1,"sort":1.8,"status":1,"type":1,"updatedAt":null} 
2022-07-03 13:12:45.897 [NOTI] {"bg_img":"","created_at":"2022-06-13 19:59:57","desc":"","icon":"","id":78,"name":"操作日志","path":"/operationLog/path","pid":1,"sort":1.8,"status":1,"type":1,"updated_at":"2022-07-03 13:12:45"} 
2022-07-03 13:12:45.936 [NOTI] {"bg_img":"","created_at":"2022-06-13 19:59:57","desc":"","icon":"","id":78,"name":"操作日志","path":"/operationLog/path","pid":1,"sort":1.8,"status":1,"type":1,"updated_at":"2022-07-03 13:12:45"} 
2022-07-03 13:12:52.083 [NOTI] 
2022-07-03 13:28:41.654 [INFO] Server start at :http://localhost:1211/login 
2022-07-03 13:36:30.461 [INFO] Server start at :http://localhost:1211/login 
2022-07-03 13:36:44.095 [INFO] Server start at :http://localhost:1211/login 
2022-07-03 13:37:36.800 [INFO] Server start at :http://localhost:1211/login 
2022-07-03 13:37:44.077 [INFO] Server start at :http://localhost:1211/login 
2022-07-03 13:37:51.391 [INFO] Server start at :http://localhost:1211/login 
2022-07-03 13:37:55.728 [INFO] Server start at :http://localhost:1211/login 
2022-07-03 13:38:22.051 [INFO] Server start at :http://localhost:1211/login 
2022-07-03 13:39:02.406 [INFO] Server start at :http://localhost:1211/login 
2022-07-03 13:39:22.878 [INFO] Server start at :http://localhost:1211/login 
2022-07-03 13:39:46.032 [INFO] Server start at :http://localhost:1211/login 
2022-07-03 13:40:20.076 [INFO] Server start at :http://localhost:1211/login 
2022-07-03 13:41:16.439 [INFO] Server start at :http://localhost:1211/login 
2022-07-03 13:43:13.281 [INFO] Server start at :http://localhost:1211/login 
2022-07-03 13:43:33.724 [INFO] Server start at :http://localhost:1211/login 
2022-07-03 13:44:00.116 [INFO] Server start at :http://localhost:1211/login 
2022-07-03 13:46:05.251 [INFO] Server start at :http://localhost:1211/login 
2022-07-03 13:46:49.620 [INFO] Server start at :http://localhost:1211/login 
2022-07-03 13:48:15.931 [INFO] Server start at :http://localhost:1211/login 
2022-07-03 13:54:00.484 [INFO] Server start at :http://localhost:1211/login 
2022-07-03 13:55:55.684 [INFO] Server start at :http://localhost:1211/login 
2022-07-03 13:56:01.981 [INFO] Server start at :http://localhost:1211/login 
2022-07-03 13:56:22.222 [INFO] Server start at :http://localhost:1211/login 
2022-07-03 13:57:08.206 [INFO] Server start at :http://localhost:1211/login 
2022-07-03 13:57:16.452 [INFO] Server start at :http://localhost:1211/login 
2022-07-03 13:58:02.167 [INFO] Server start at :http://localhost:1211/login 
2022-07-03 13:58:28.662 [INFO] Server start at :http://localhost:1211/login 
2022-07-03 13:59:17.906 [INFO] Server start at :http://localhost:1211/login 
2022-07-03 14:01:24.206 [INFO] Server start at :http://localhost:1211/login 
2022-07-03 14:04:05.922 [INFO] Server start at :http://localhost:1211/login 
2022-07-03 14:04:10.887 [INFO] Server start at :http://localhost:1211/login 
2022-07-03 14:04:37.483 [INFO] Server start at :http://localhost:1211/login 
2022-07-03 14:05:21.963 [INFO] Server start at :http://localhost:1211/login 
2022-07-03 14:06:08.186 [INFO] Server start at :http://localhost:1211/login 
2022-07-03 14:08:22.320 [INFO] Server start at :http://localhost:1211/login 
2022-07-03 14:08:33.929 [INFO] Server start at :http://localhost:1211/login 
2022-07-03 14:08:39.711 [INFO] Server start at :http://localhost:1211/login 
2022-07-03 14:10:23.424 [INFO] Server start at :http://localhost:1211/login 
2022-07-03 14:10:30.302 [INFO] Server start at :http://localhost:1211/login 
2022-07-03 14:10:57.589 [INFO] Server start at :http://localhost:1211/login 
2022-07-03 14:11:04.285 [INFO] Server start at :http://localhost:1211/login 
2022-07-03 14:12:17.259 [INFO] Server start at :http://localhost:1211/login 
2022-07-03 14:12:28.934 [INFO] Server start at :http://localhost:1211/login 
2022-07-03 14:13:01.048 [INFO] Server start at :http://localhost:1211/login 
2022-07-03 14:13:18.180 [INFO] Server start at :http://localhost:1211/login 
2022-07-03 14:14:40.976 [INFO] Server start at :http://localhost:1211/login 
2022-07-03 14:17:47.996 [INFO] Server start at :http://localhost:1211/login 
2022-07-03 14:18:17.943 [INFO] Server start at :http://localhost:1211/login 
2022-07-03 14:19:04.042 [DEBU] {3c91e307543dfe161a07ab0e8e3f434d} 查询一级菜单，子菜单最大排序为2 
2022-07-03 14:19:04.042 [DEBU] {3c91e307543dfe161a07ab0e8e3f434d} 检查二级菜单是否存在 
2022-07-03 14:19:04.052 [DEBU] {3c91e307543dfe161a07ab0e8e3f434d} 新增二级菜单,排序为2.2 
2022-07-03 14:19:29.678 [NOTI] {"bg_img":"","created_at":"2022-07-03 14:19:04","desc":"","file_path":"","icon":"https://www.gravatar.com/avatar/3877792442?d=identicon\u0026f=y","id":134,"name":"站点导航","path":"urls","pid":132,"sort":2.2,"status":1,"type":1,"updated_at":"2022-07-03 14:19:04"} 
2022-07-03 14:19:29.733 [NOTI] {"bg_img":"","created_at":"2022-07-03 14:19:04","desc":"","file_path":"","icon":"https://www.gravatar.com/avatar/3877792442?d=identicon\u0026f=y","id":134,"name":"站点导航","path":"urls","pid":132,"sort":2.2,"status":1,"type":1,"updated_at":"2022-07-03 14:19:04"} 
2022-07-03 14:19:34.502 [NOTI] 
2022-07-03 14:21:23.416 [INFO] Server start at :http://localhost:1211/login 
2022-07-03 14:21:39.219 [DEBU] {2e6cfb28783dfe16d51bf16535ba9f39} 查询一级菜单，子菜单最大排序为2 
2022-07-03 14:21:39.219 [DEBU] {2e6cfb28783dfe16d51bf16535ba9f39} 检查二级菜单是否存在 
2022-07-03 14:21:39.228 [DEBU] {2e6cfb28783dfe16d51bf16535ba9f39} 新增二级菜单,排序为2.2 
2022-07-03 14:24:33.599 [INFO] Server start at :http://localhost:1211/login 
2022-07-03 14:25:04.232 [DEBU] {6412d3aba23dfe169ea4bf7fc7270b68} 查询一级菜单，子菜单最大排序为2 
2022-07-03 14:25:40.509 [INFO] Server start at :http://localhost:1211/login 
2022-07-03 14:25:52.318 [DEBU] {1450d416b33dfe16e275692b8b2dddc8} 查询一级菜单，子菜单最大排序为2 
2022-07-03 14:25:52.318 [DEBU] {1450d416b33dfe16e275692b8b2dddc8} 检查二级菜单是否存在 
2022-07-03 14:25:52.327 [DEBU] {1450d416b33dfe16e275692b8b2dddc8} 新增二级菜单,排序为2.2 
2022-07-03 14:28:38.141 [INFO] Server start at :http://localhost:1211/login 
2022-07-03 14:29:23.919 [DEBU] {4c59525be43dfe167b6f995637605208} 查询一级菜单，子菜单最大排序为2 
2022-07-03 14:29:23.919 [DEBU] {4c59525be43dfe167b6f995637605208} 检查二级菜单是否存在 
2022-07-03 14:29:23.922 [DEBU] {4c59525be43dfe167b6f995637605208} 新增二级菜单,排序为2.3000000000000003 
2022-07-03 14:32:06.082 [INFO] Server start at :http://localhost:1211/login 
2022-07-03 17:44:32.638 [NOTI] {"bg_img":"https://www.gravatar.com/avatar/1863674066?d=robohash\u0026f=y","created_at":"2022-07-03 14:25:52","desc":"","file_path":"/sys/tool/urls.html","icon":"https://www.gravatar.com/avatar/1863674066?d=robohash\u0026f=y","id":136,"name":"站点导航","path":"/to/urls","pid":132,"sort":2.2,"status":1,"type":1,"updated_at":"2022-07-03 14:25:52"} 
2022-07-03 17:44:32.693 [NOTI] {"bg_img":"https://www.gravatar.com/avatar/1863674066?d=robohash\u0026f=y","created_at":"2022-07-03 14:25:52","desc":"","file_path":"/sys/tool/urls.html","icon":"https://www.gravatar.com/avatar/1863674066?d=robohash\u0026f=y","id":136,"name":"站点导航","path":"/to/urls","pid":132,"sort":2.2,"status":1,"type":1,"updated_at":"2022-07-03 14:25:52"} 
2022-07-03 17:44:35.351 [NOTI] 
2022-07-03 17:44:35.354 [NOTI] {"bgImg":"","desc":"","filePath":"","icon":"","id":136,"name":"站点导航","path":"/to/urls","pid":132,"sort":2.2,"status":1,"type":1,"updatedAt":null} 
2022-07-03 17:44:35.367 [NOTI] {"bg_img":"","created_at":"2022-07-03 14:25:52","desc":"","file_path":"","icon":"","id":136,"name":"站点导航","path":"/to/urls","pid":132,"sort":2.2,"status":1,"type":1,"updated_at":"2022-07-03 17:44:35"} 
2022-07-03 17:44:35.410 [NOTI] {"bg_img":"","created_at":"2022-07-03 14:25:52","desc":"","file_path":"","icon":"","id":136,"name":"站点导航","path":"/to/urls","pid":132,"sort":2.2,"status":1,"type":1,"updated_at":"2022-07-03 17:44:35"} 
2022-07-03 17:44:36.426 [NOTI] 
2022-07-03 17:44:58.253 [NOTI] 
2022-07-03 17:44:58.728 [NOTI] 
2022-07-03 18:04:34.446 [NOTI] {"bg_img":"https://img.freepik.com/free-vector/hand-drawn-spring-flower-collection_23-2148429955.jpg?t=st=1656824556~exp=1656825156~hmac=9db257bf4607805d0de71a75523bf3e049571e4bf59f9582abcd48bb0a07346e\u0026w=826","created_at":"2022-03-08 15:45:04","desc":"","file_path":null,"icon":"1/2022/03/5Eoxb1.png","id":5,"name":"管理员","path":"/admin/path","pid":1,"sort":1.4,"status":1,"type":1,"updated_at":"2022-07-03 13:02:59"} 
2022-07-03 18:04:34.498 [NOTI] {"bg_img":"https://img.freepik.com/free-vector/hand-drawn-spring-flower-collection_23-2148429955.jpg?t=st=1656824556~exp=1656825156~hmac=9db257bf4607805d0de71a75523bf3e049571e4bf59f9582abcd48bb0a07346e\u0026w=826","created_at":"2022-03-08 15:45:04","desc":"","file_path":null,"icon":"1/2022/03/5Eoxb1.png","id":5,"name":"管理员","path":"/admin/path","pid":1,"sort":1.4,"status":1,"type":1,"updated_at":"2022-07-03 13:02:59"} 
2022-07-03 18:04:38.283 [NOTI] 
2022-07-03 18:04:44.283 [NOTI] {"bg_img":"","created_at":"2022-07-03 14:25:52","desc":"","file_path":"/sys/tool/urls.html","icon":"","id":136,"name":"站点导航","path":"/to/urls","pid":132,"sort":2.2,"status":1,"type":1,"updated_at":"2022-07-03 17:44:35"} 
2022-07-03 18:04:44.334 [NOTI] {"bg_img":"","created_at":"2022-07-03 14:25:52","desc":"","file_path":"/sys/tool/urls.html","icon":"","id":136,"name":"站点导航","path":"/to/urls","pid":132,"sort":2.2,"status":1,"type":1,"updated_at":"2022-07-03 17:44:35"} 
2022-07-03 18:04:48.176 [NOTI] 
2022-07-03 18:04:48.178 [NOTI] {"bgImg":"https://img.freepik.com/free-vector/hand-drawn-spring-flower-collection_23-2148429955.jpg?t=st=1656824556~exp=1656825156~hmac=9db257bf4607805d0de71a75523bf3e049571e4bf59f9582abcd48bb0a07346e\u0026w=826","desc":"","filePath":"","icon":"","id":136,"name":"站点导航","path":"/to/urls","pid":132,"sort":2.2,"status":1,"type":1,"updatedAt":null} 
2022-07-03 18:04:48.193 [NOTI] {"bg_img":"https://img.freepik.com/free-vector/hand-drawn-spring-flower-collection_23-2148429955.jpg?t=st=1656824556~exp=1656825156~hmac=9db257bf4607805d0de71a75523bf3e049571e4bf59f9582abcd48bb0a07346e\u0026w=826","created_at":"2022-07-03 14:25:52","desc":"","file_path":"","icon":"","id":136,"name":"站点导航","path":"/to/urls","pid":132,"sort":2.2,"status":1,"type":1,"updated_at":"2022-07-03 18:04:48"} 
2022-07-03 18:04:48.242 [NOTI] {"bg_img":"https://img.freepik.com/free-vector/hand-drawn-spring-flower-collection_23-2148429955.jpg?t=st=1656824556~exp=1656825156~hmac=9db257bf4607805d0de71a75523bf3e049571e4bf59f9582abcd48bb0a07346e\u0026w=826","created_at":"2022-07-03 14:25:52","desc":"","file_path":"","icon":"","id":136,"name":"站点导航","path":"/to/urls","pid":132,"sort":2.2,"status":1,"type":1,"updated_at":"2022-07-03 18:04:48"} 
2022-07-03 18:04:49.669 [NOTI] 
2022-07-03 18:38:32.858 [NOTI] {"bg_img":"https://img.freepik.com/free-vector/hand-drawn-spring-flower-collection_23-2148429955.jpg?t=st=1656824556~exp=1656825156~hmac=9db257bf4607805d0de71a75523bf3e049571e4bf59f9582abcd48bb0a07346e\u0026w=826","created_at":"2022-03-08 15:45:04","desc":"","file_path":null,"icon":"1/2022/03/5Eoxb1.png","id":5,"name":"管理员","path":"/admin/path","pid":1,"sort":1.4,"status":1,"type":1,"updated_at":"2022-07-03 13:02:59"} 
2022-07-03 18:38:32.905 [NOTI] {"bg_img":"https://img.freepik.com/free-vector/hand-drawn-spring-flower-collection_23-2148429955.jpg?t=st=1656824556~exp=1656825156~hmac=9db257bf4607805d0de71a75523bf3e049571e4bf59f9582abcd48bb0a07346e\u0026w=826","created_at":"2022-03-08 15:45:04","desc":"","file_path":null,"icon":"1/2022/03/5Eoxb1.png","id":5,"name":"管理员","path":"/admin/path","pid":1,"sort":1.4,"status":1,"type":1,"updated_at":"2022-07-03 13:02:59"} 
2022-07-03 18:38:36.666 [NOTI] 
2022-07-03 18:38:36.670 [NOTI] {"bgImg":"2/2022/07/SHf1y4.webp","desc":"","filePath":"","icon":"1/2022/03/5Eoxb1.png","id":5,"name":"管理员","path":"/admin/path","pid":1,"sort":1.4,"status":1,"type":1,"updatedAt":null} 
2022-07-03 18:38:36.682 [NOTI] {"bg_img":"2/2022/07/SHf1y4.webp","created_at":"2022-03-08 15:45:04","desc":"","file_path":"","icon":"1/2022/03/5Eoxb1.png","id":5,"name":"管理员","path":"/admin/path","pid":1,"sort":1.4,"status":1,"type":1,"updated_at":"2022-07-03 18:38:36"} 
2022-07-03 18:38:36.722 [NOTI] {"bg_img":"2/2022/07/SHf1y4.webp","created_at":"2022-03-08 15:45:04","desc":"","file_path":"","icon":"1/2022/03/5Eoxb1.png","id":5,"name":"管理员","path":"/admin/path","pid":1,"sort":1.4,"status":1,"type":1,"updated_at":"2022-07-03 18:38:36"} 
2022-07-03 18:38:37.359 [NOTI] 
2022-07-03 18:38:39.412 [NOTI] {"bg_img":"https://img.freepik.com/free-vector/hand-drawn-spring-flower-collection_23-2148429955.jpg?t=st=1656824556~exp=1656825156~hmac=9db257bf4607805d0de71a75523bf3e049571e4bf59f9582abcd48bb0a07346e\u0026w=826","created_at":"2022-07-03 14:25:52","desc":"","file_path":"/sys/tool/urls.html","icon":"","id":136,"name":"站点导航","path":"/to/urls","pid":132,"sort":2.2,"status":1,"type":1,"updated_at":"2022-07-03 18:04:48"} 
2022-07-03 18:38:39.457 [NOTI] {"bg_img":"https://img.freepik.com/free-vector/hand-drawn-spring-flower-collection_23-2148429955.jpg?t=st=1656824556~exp=1656825156~hmac=9db257bf4607805d0de71a75523bf3e049571e4bf59f9582abcd48bb0a07346e\u0026w=826","created_at":"2022-07-03 14:25:52","desc":"","file_path":"/sys/tool/urls.html","icon":"","id":136,"name":"站点导航","path":"/to/urls","pid":132,"sort":2.2,"status":1,"type":1,"updated_at":"2022-07-03 18:04:48"} 
2022-07-03 18:38:43.176 [NOTI] 
2022-07-03 18:38:43.178 [NOTI] {"bgImg":"2/2022/07/SHf1y4.webp","desc":"","filePath":"","icon":"2/2022/07/SHf1y4.webp","id":136,"name":"站点导航","path":"/to/urls","pid":132,"sort":2.2,"status":1,"type":1,"updatedAt":null} 
2022-07-03 18:38:43.186 [NOTI] {"bg_img":"2/2022/07/SHf1y4.webp","created_at":"2022-07-03 14:25:52","desc":"","file_path":"","icon":"2/2022/07/SHf1y4.webp","id":136,"name":"站点导航","path":"/to/urls","pid":132,"sort":2.2,"status":1,"type":1,"updated_at":"2022-07-03 18:38:43"} 
2022-07-03 18:38:43.227 [NOTI] {"bg_img":"2/2022/07/SHf1y4.webp","created_at":"2022-07-03 14:25:52","desc":"","file_path":"","icon":"2/2022/07/SHf1y4.webp","id":136,"name":"站点导航","path":"/to/urls","pid":132,"sort":2.2,"status":1,"type":1,"updated_at":"2022-07-03 18:38:43"} 
2022-07-03 18:38:43.831 [NOTI] 
2022-07-03 18:40:17.972 [NOTI] {"bg_img":null,"created_at":"2022-06-29 16:58:46","desc":"","file_path":null,"icon":"","id":133,"name":"记事本","path":"/thingRecord/path","pid":132,"sort":2.1,"status":1,"type":1,"updated_at":"2022-07-02 22:16:00"} 
2022-07-03 18:40:18.015 [NOTI] {"bg_img":null,"created_at":"2022-06-29 16:58:46","desc":"","file_path":null,"icon":"","id":133,"name":"记事本","path":"/thingRecord/path","pid":132,"sort":2.1,"status":1,"type":1,"updated_at":"2022-07-02 22:16:00"} 
2022-07-03 18:40:22.657 [NOTI] 
2022-07-03 18:40:22.660 [NOTI] {"bgImg":"","desc":"","filePath":"","icon":"","id":133,"name":"记事本","path":"/thingRecord/path","pid":132,"sort":2.1,"status":1,"type":1,"updatedAt":null} 
2022-07-03 18:40:22.676 [NOTI] {"bg_img":"","created_at":"2022-06-29 16:58:46","desc":"","file_path":"","icon":"","id":133,"name":"记事本","path":"/thingRecord/path","pid":132,"sort":2.1,"status":1,"type":1,"updated_at":"2022-07-03 18:40:22"} 
2022-07-03 18:40:22.731 [NOTI] {"bg_img":"","created_at":"2022-06-29 16:58:46","desc":"","file_path":"","icon":"","id":133,"name":"记事本","path":"/thingRecord/path","pid":132,"sort":2.1,"status":1,"type":1,"updated_at":"2022-07-03 18:40:22"} 
2022-07-03 18:40:24.387 [NOTI] 
2022-07-03 18:41:13.022 [NOTI] {"bg_img":"2/2022/07/SHf1y4.webp","created_at":"2022-03-08 15:45:04","desc":"","file_path":"","icon":"1/2022/03/5Eoxb1.png","id":5,"name":"管理员","path":"/admin/path","pid":1,"sort":1.4,"status":1,"type":1,"updated_at":"2022-07-03 18:38:36"} 
2022-07-03 18:41:13.072 [NOTI] {"bg_img":"2/2022/07/SHf1y4.webp","created_at":"2022-03-08 15:45:04","desc":"","file_path":"","icon":"1/2022/03/5Eoxb1.png","id":5,"name":"管理员","path":"/admin/path","pid":1,"sort":1.4,"status":1,"type":1,"updated_at":"2022-07-03 18:38:36"} 
2022-07-03 18:41:15.956 [NOTI] 
2022-07-03 18:41:21.471 [NOTI] {"bg_img":"2/2022/07/SHf1y4.webp","created_at":"2022-07-03 14:25:52","desc":"","file_path":"/sys/tool/urls.html","icon":"2/2022/07/SHf1y4.webp","id":136,"name":"站点导航","path":"/to/urls","pid":132,"sort":2.2,"status":1,"type":1,"updated_at":"2022-07-03 18:38:43"} 
2022-07-03 18:41:21.509 [NOTI] {"bg_img":"2/2022/07/SHf1y4.webp","created_at":"2022-07-03 14:25:52","desc":"","file_path":"/sys/tool/urls.html","icon":"2/2022/07/SHf1y4.webp","id":136,"name":"站点导航","path":"/to/urls","pid":132,"sort":2.2,"status":1,"type":1,"updated_at":"2022-07-03 18:38:43"} 
2022-07-03 18:41:24.152 [NOTI] 
2022-07-03 18:41:43.271 [NOTI] {"bg_img":"2/2022/07/SHf1y4.webp","created_at":"2022-07-03 14:25:52","desc":"","file_path":"/sys/tool/urls.html","icon":"2/2022/07/SHf1y4.webp","id":136,"name":"站点导航","path":"/to/urls","pid":132,"sort":2.2,"status":1,"type":1,"updated_at":"2022-07-03 18:38:43"} 
2022-07-03 18:41:43.312 [NOTI] {"bg_img":"2/2022/07/SHf1y4.webp","created_at":"2022-07-03 14:25:52","desc":"","file_path":"/sys/tool/urls.html","icon":"2/2022/07/SHf1y4.webp","id":136,"name":"站点导航","path":"/to/urls","pid":132,"sort":2.2,"status":1,"type":1,"updated_at":"2022-07-03 18:38:43"} 
2022-07-03 18:41:45.968 [NOTI] 
2022-07-03 18:41:45.971 [NOTI] {"bgImg":"2/2022/07/SHf1y4.webp","desc":"","filePath":"/sys/tool/urls.html","icon":"2/2022/07/SHf1y4.webp","id":136,"name":"站点导航","path":"/to/urls","pid":132,"sort":2.2,"status":1,"type":1,"updatedAt":null} 
2022-07-03 18:41:45.985 [NOTI] {"bg_img":"2/2022/07/SHf1y4.webp","created_at":"2022-07-03 14:25:52","desc":"","file_path":"/sys/tool/urls.html","icon":"2/2022/07/SHf1y4.webp","id":136,"name":"站点导航","path":"/to/urls","pid":132,"sort":2.2,"status":1,"type":1,"updated_at":"2022-07-03 18:41:45"} 
2022-07-03 18:41:46.024 [NOTI] {"bg_img":"2/2022/07/SHf1y4.webp","created_at":"2022-07-03 14:25:52","desc":"","file_path":"/sys/tool/urls.html","icon":"2/2022/07/SHf1y4.webp","id":136,"name":"站点导航","path":"/to/urls","pid":132,"sort":2.2,"status":1,"type":1,"updated_at":"2022-07-03 18:41:45"} 
2022-07-03 18:41:48.256 [NOTI] 
