2022-07-06 00:09:00.589 [INFO] Server start at :http://localhost:1211/login 
2022-07-06 00:09:10.214 [NOTI] {"id":392,"year":"2022","month":7,"day":5,"uid":1,"level":1,"tag":"","mainThings":"2","otherInfo":"","createdAt":"2022-07-05 19:20:57","updatedAt":"2022-07-05 19:21:12"} 
2022-07-06 00:09:10.214 [NOTI] {"id":390,"year":"2022","month":6,"day":22,"uid":1,"level":1,"tag":"","mainThings":"It's 14:19 p.m now\r\n\r\nI'm listening to Faye Wong's song 《执迷不悔》.\r\n\r\nMy English is still very poor and I have too few vocabulary.\r\n\r\nLet's see waht's going on at work.Then move on to prefecting my backend system.","otherInfo":"","createdAt":"2022-06-17 00:00:00","updatedAt":"2022-07-05 19:16:39"} 
2022-07-06 00:09:10.214 [NOTI] {"id":384,"year":"2022","month":6,"day":21,"uid":1,"level":1,"tag":"","mainThings":"Another boring day. let's prefecting our secret base.\n\nThe day before yesterday,I told Sunnie that I was fascinated by her,I wonder if she was angry.","otherInfo":"","createdAt":"2022-06-16 00:00:00","updatedAt":"2022-06-22 14:27:05"} 
2022-07-06 00:09:10.214 [NOTI] {"id":383,"year":"2022","month":6,"day":20,"uid":1,"level":1,"tag":"","mainThings":"Did nothing today.\r\n\r\nI'm very irriteable,I don't want to do anything,I don't want to listen to music,I don't want to see v2ex,and I don't want to write code.\r\n\r\nNothing is exciting.annoying,annoying.","otherInfo":"","createdAt":"2022-06-15 00:00:00","updatedAt":"2022-07-05 19:20:09"} 
2022-07-06 00:09:10.214 [NOTI] {"id":382,"year":"2022","month":6,"day":19,"uid":1,"level":4,"tag":"","mainThings":"今天代码什么都没有写。心理能力好低～\n\n晚上又喝酒了。还对sunnie说了一些可有可无的话。","otherInfo":"","createdAt":"2022-06-16 00:00:00","updatedAt":"2022-06-20 16:02:27"} 
2022-07-06 00:09:10.214 [NOTI] {"id":381,"year":"2022","month":6,"day":18,"uid":1,"level":4,"tag":"sunnie","mainThings":"Say happy weekend for sunnie in the morning.\n\nSunnie说她今天不出门；下午一点过说她买了榴莲。\n\n\n晚上玩了3个小时左右的《异星工厂》。晚上没有去跑步。喝了啤酒。","otherInfo":"","createdAt":"2022-06-16 00:00:00","updatedAt":"2022-06-19 00:40:05"} 
2022-07-06 00:09:10.214 [NOTI] {"id":380,"year":"2022","month":6,"day":14,"uid":1,"level":4,"tag":"","mainThings":"奇迹，早上Sunnie 发来信息 Morning。问Sunnie何时去日本，她说：没钱，学习吧\n","otherInfo":"","createdAt":"2022-06-19 00:02:46","updatedAt":"2022-06-19 00:02:46"} 
2022-07-06 00:09:10.214 [NOTI] {"id":379,"year":"2022","month":6,"day":13,"uid":1,"level":3,"tag":"","mainThings":"算我买铺面 ，得一卦 无妄卦(天雷无妄）\n","otherInfo":"","createdAt":"2022-06-19 00:02:37","updatedAt":"2022-06-19 00:02:37"} 
2022-07-06 00:09:10.214 [NOTI] {"id":378,"year":"2022","month":6,"day":12,"uid":1,"level":4,"tag":"","mainThings":"今晚出去吃烧烤.吃完回宿舍，给Sunnie发没有找到什么有用的女生防身技能。（其实自己没有仔细找）\r\n","otherInfo":"","createdAt":"2022-06-19 00:02:28","updatedAt":"2022-07-05 19:16:13"} 
2022-07-06 00:09:10.215 [NOTI] {"id":377,"year":"2022","month":6,"day":11,"uid":1,"level":4,"tag":"","mainThings":"晚上跑步时，Sunnie发来讯息。她在去做核酸的路上遇见一个女孩失去了意识。\n","otherInfo":"","createdAt":"2022-06-19 00:02:19","updatedAt":"2022-06-19 00:02:19"} 
2022-07-06 00:09:30.755 [NOTI] {"id":392,"year":"2022","month":7,"day":5,"uid":1,"level":1,"tag":"","mainThings":"2","otherInfo":"","createdAt":"2022-07-05 19:20:57","updatedAt":"2022-07-05 19:21:12"} 
2022-07-06 00:09:30.755 [NOTI] {"id":390,"year":"2022","month":6,"day":22,"uid":1,"level":1,"tag":"","mainThings":"It's 14:19 p.m now\r\n\r\nI'm listening to Faye Wong's song 《执迷不悔》.\r\n\r\nMy English is still very poor and I have too few vocabulary.\r\n\r\nLet's see waht's going on at work.Then move on to prefecting my backend system.","otherInfo":"","createdAt":"2022-06-17 00:00:00","updatedAt":"2022-07-05 19:16:39"} 
2022-07-06 00:09:30.755 [NOTI] {"id":384,"year":"2022","month":6,"day":21,"uid":1,"level":1,"tag":"","mainThings":"Another boring day. let's prefecting our secret base.\n\nThe day before yesterday,I told Sunnie that I was fascinated by her,I wonder if she was angry.","otherInfo":"","createdAt":"2022-06-16 00:00:00","updatedAt":"2022-06-22 14:27:05"} 
2022-07-06 00:09:30.755 [NOTI] {"id":383,"year":"2022","month":6,"day":20,"uid":1,"level":1,"tag":"","mainThings":"Did nothing today.\r\n\r\nI'm very irriteable,I don't want to do anything,I don't want to listen to music,I don't want to see v2ex,and I don't want to write code.\r\n\r\nNothing is exciting.annoying,annoying.","otherInfo":"","createdAt":"2022-06-15 00:00:00","updatedAt":"2022-07-05 19:20:09"} 
2022-07-06 00:09:30.755 [NOTI] {"id":382,"year":"2022","month":6,"day":19,"uid":1,"level":4,"tag":"","mainThings":"今天代码什么都没有写。心理能力好低～\n\n晚上又喝酒了。还对sunnie说了一些可有可无的话。","otherInfo":"","createdAt":"2022-06-16 00:00:00","updatedAt":"2022-06-20 16:02:27"} 
2022-07-06 00:09:30.755 [NOTI] {"id":381,"year":"2022","month":6,"day":18,"uid":1,"level":4,"tag":"sunnie","mainThings":"Say happy weekend for sunnie in the morning.\n\nSunnie说她今天不出门；下午一点过说她买了榴莲。\n\n\n晚上玩了3个小时左右的《异星工厂》。晚上没有去跑步。喝了啤酒。","otherInfo":"","createdAt":"2022-06-16 00:00:00","updatedAt":"2022-06-19 00:40:05"} 
2022-07-06 00:09:30.755 [NOTI] {"id":380,"year":"2022","month":6,"day":14,"uid":1,"level":4,"tag":"","mainThings":"奇迹，早上Sunnie 发来信息 Morning。问Sunnie何时去日本，她说：没钱，学习吧\n","otherInfo":"","createdAt":"2022-06-19 00:02:46","updatedAt":"2022-06-19 00:02:46"} 
2022-07-06 00:09:30.755 [NOTI] {"id":379,"year":"2022","month":6,"day":13,"uid":1,"level":3,"tag":"","mainThings":"算我买铺面 ，得一卦 无妄卦(天雷无妄）\n","otherInfo":"","createdAt":"2022-06-19 00:02:37","updatedAt":"2022-06-19 00:02:37"} 
2022-07-06 00:09:30.755 [NOTI] {"id":378,"year":"2022","month":6,"day":12,"uid":1,"level":4,"tag":"","mainThings":"今晚出去吃烧烤.吃完回宿舍，给Sunnie发没有找到什么有用的女生防身技能。（其实自己没有仔细找）\r\n","otherInfo":"","createdAt":"2022-06-19 00:02:28","updatedAt":"2022-07-05 19:16:13"} 
2022-07-06 00:09:30.755 [NOTI] {"id":377,"year":"2022","month":6,"day":11,"uid":1,"level":4,"tag":"","mainThings":"晚上跑步时，Sunnie发来讯息。她在去做核酸的路上遇见一个女孩失去了意识。\n","otherInfo":"","createdAt":"2022-06-19 00:02:19","updatedAt":"2022-06-19 00:02:19"} 
2022-07-06 00:10:01.822 [NOTI] {"id":390,"year":"2022","month":6,"day":22,"uid":1,"level":1,"tag":"","mainThings":"It's 14:19 p.m now\r\n\r\nI'm listening to Faye Wong's song 《执迷不悔》.\r\n\r\nMy English is still very poor and I have too few vocabulary.\r\n\r\nLet's see waht's going on at work.Then move on to prefecting my backend system.","otherInfo":"","createdAt":"2022-06-17 00:00:00","updatedAt":"2022-07-05 19:16:39"} 
2022-07-06 00:10:01.822 [NOTI] {"id":384,"year":"2022","month":6,"day":21,"uid":1,"level":1,"tag":"","mainThings":"Another boring day. let's prefecting our secret base.\n\nThe day before yesterday,I told Sunnie that I was fascinated by her,I wonder if she was angry.","otherInfo":"","createdAt":"2022-06-16 00:00:00","updatedAt":"2022-06-22 14:27:05"} 
2022-07-06 00:10:01.822 [NOTI] {"id":383,"year":"2022","month":6,"day":20,"uid":1,"level":1,"tag":"","mainThings":"Did nothing today.\r\n\r\nI'm very irriteable,I don't want to do anything,I don't want to listen to music,I don't want to see v2ex,and I don't want to write code.\r\n\r\nNothing is exciting.annoying,annoying.","otherInfo":"","createdAt":"2022-06-15 00:00:00","updatedAt":"2022-07-05 19:20:09"} 
2022-07-06 00:10:01.822 [NOTI] {"id":382,"year":"2022","month":6,"day":19,"uid":1,"level":4,"tag":"","mainThings":"今天代码什么都没有写。心理能力好低～\n\n晚上又喝酒了。还对sunnie说了一些可有可无的话。","otherInfo":"","createdAt":"2022-06-16 00:00:00","updatedAt":"2022-06-20 16:02:27"} 
2022-07-06 00:10:01.822 [NOTI] {"id":381,"year":"2022","month":6,"day":18,"uid":1,"level":4,"tag":"sunnie","mainThings":"Say happy weekend for sunnie in the morning.\n\nSunnie说她今天不出门；下午一点过说她买了榴莲。\n\n\n晚上玩了3个小时左右的《异星工厂》。晚上没有去跑步。喝了啤酒。","otherInfo":"","createdAt":"2022-06-16 00:00:00","updatedAt":"2022-06-19 00:40:05"} 
2022-07-06 00:10:01.823 [NOTI] {"id":380,"year":"2022","month":6,"day":14,"uid":1,"level":4,"tag":"","mainThings":"奇迹，早上Sunnie 发来信息 Morning。问Sunnie何时去日本，她说：没钱，学习吧\n","otherInfo":"","createdAt":"2022-06-19 00:02:46","updatedAt":"2022-06-19 00:02:46"} 
2022-07-06 00:10:01.823 [NOTI] {"id":379,"year":"2022","month":6,"day":13,"uid":1,"level":3,"tag":"","mainThings":"算我买铺面 ，得一卦 无妄卦(天雷无妄）\n","otherInfo":"","createdAt":"2022-06-19 00:02:37","updatedAt":"2022-06-19 00:02:37"} 
2022-07-06 00:10:01.823 [NOTI] {"id":378,"year":"2022","month":6,"day":12,"uid":1,"level":4,"tag":"","mainThings":"今晚出去吃烧烤.吃完回宿舍，给Sunnie发没有找到什么有用的女生防身技能。（其实自己没有仔细找）\r\n","otherInfo":"","createdAt":"2022-06-19 00:02:28","updatedAt":"2022-07-05 19:16:13"} 
2022-07-06 00:10:01.823 [NOTI] {"id":377,"year":"2022","month":6,"day":11,"uid":1,"level":4,"tag":"","mainThings":"晚上跑步时，Sunnie发来讯息。她在去做核酸的路上遇见一个女孩失去了意识。\n","otherInfo":"","createdAt":"2022-06-19 00:02:19","updatedAt":"2022-06-19 00:02:19"} 
2022-07-06 00:10:01.823 [NOTI] {"id":376,"year":"2022","month":6,"day":10,"uid":1,"level":4,"tag":"","mainThings":"和Sunnie短暂聊天\n","otherInfo":"","createdAt":"2022-06-19 00:02:11","updatedAt":"2022-06-19 00:02:11"} 
2022-07-06 00:11:08.239 [NOTI] {"id":375,"year":"2022","month":6,"day":7,"uid":1,"level":4,"tag":"","mainThings":"早上9点过Sunnie找我聊天，告诉我上班好痛苦。想买咖啡。\n","otherInfo":"","createdAt":"2022-06-18 00:00:00","updatedAt":"2022-06-19 08:09:06"} 
2022-07-06 00:11:08.239 [NOTI] {"id":374,"year":"2022","month":6,"day":6,"uid":1,"level":4,"tag":"sunnie上班啦","mainThings":"Sunnie 上班啦，有了新的英文名 Morri,不知道是什么意思\n","otherInfo":"","createdAt":"2022-06-17 00:00:00","updatedAt":"2022-06-19 00:40:14"} 
2022-07-06 00:11:08.240 [NOTI] {"id":373,"year":"2022","month":6,"day":5,"uid":1,"level":4,"tag":"","mainThings":"找Sunnie聊天，说没有听懂她推荐给我的歌曲。。\n","otherInfo":"","createdAt":"2022-06-19 00:01:19","updatedAt":"2022-06-19 00:01:19"} 
2022-07-06 00:11:08.240 [NOTI] {"id":372,"year":"2022","month":6,"day":3,"uid":1,"level":4,"tag":"端午节","mainThings":"今天是端午节,向Sunnie问候～ 傍晚也和Sunnie聊了一会。\n","otherInfo":"","createdAt":"2022-06-19 00:01:05","updatedAt":"2022-06-19 00:01:05"} 
2022-07-06 00:11:08.240 [NOTI] {"id":371,"year":"2022","month":6,"day":2,"uid":1,"level":4,"tag":"","mainThings":"晚上喝了点酒回来，Sunnie居然给我推荐了她喜欢的一首歌曲《我的快乐时代》。很开心～我给Sunnie推荐了喝酒时一直听的《Take Five》。并送了Sunnie一年的网易云VIP.并邀请以后一起和啤酒。 Sunnie 网易云关注我了。\n","otherInfo":"","createdAt":"2022-06-19 00:00:54","updatedAt":"2022-06-19 00:00:54"} 
2022-07-06 00:11:08.240 [NOTI] {"id":370,"year":"2022","month":6,"day":1,"uid":1,"level":4,"tag":"","mainThings":"Sunnie 发了她新学的钢琴曲《遇见》给我。聊了聊Sunnie喜欢的男明星\n","otherInfo":"","createdAt":"2022-06-19 00:00:38","updatedAt":"2022-06-19 00:00:38"} 
2022-07-06 00:11:08.240 [NOTI] {"id":369,"year":"2022","month":5,"day":29,"uid":1,"level":4,"tag":"","mainThings":"Tell Sunnie I want to listen to the  \u003cSummer\u003e from her\n","otherInfo":"","createdAt":"2022-06-19 00:00:24","updatedAt":"2022-06-19 00:00:24"} 
2022-07-06 00:11:08.241 [NOTI] {"id":368,"year":"2022","month":5,"day":27,"uid":1,"level":4,"tag":"","mainThings":"帮Sunnie提问钢琴考级计划\n","otherInfo":"","createdAt":"2022-06-19 00:00:15","updatedAt":"2022-06-19 00:00:15"} 
2022-07-06 00:11:08.241 [NOTI] {"id":367,"year":"2022","month":5,"day":26,"uid":1,"level":4,"tag":"","mainThings":"Sunnie 告诉我她的钢琴学完了。\n","otherInfo":"","createdAt":"2022-06-19 00:00:03","updatedAt":"2022-06-19 00:00:03"} 
2022-07-06 00:11:08.241 [NOTI] {"id":366,"year":"2022","month":5,"day":21,"uid":1,"level":4,"tag":"","mainThings":"Sunnie 中午告诉我她的多邻国达到500天了\n","otherInfo":"","createdAt":"2022-06-18 23:59:53","updatedAt":"2022-06-18 23:59:53"} 
2022-07-06 00:11:34.580 [NOTI] {"id":3,"year":"1961","month":3,"day":0,"uid":1,"level":3,"tag":"","mainThings":"爷爷修铁路回来","otherInfo":"","createdAt":"1961-02-17 00:00:00","updatedAt":"2022-06-17 15:31:28"} 
2022-07-06 00:11:34.580 [NOTI] {"id":2,"year":"1959","month":10,"day":0,"uid":1,"level":3,"tag":"","mainThings":"爷爷去修铁路","otherInfo":"","createdAt":"1959-09-11 00:00:00","updatedAt":"2022-06-17 15:29:18"} 
2022-07-06 00:11:34.580 [NOTI] {"id":1,"year":"1958","month":7,"day":0,"uid":1,"level":3,"tag":"","mainThings":"爷爷读完书 14岁，成立食堂","otherInfo":"","createdAt":"1958-01-01 00:00:00","updatedAt":"2022-06-17 15:10:31"} 
2022-07-06 00:11:40.943 [NOTI] {"id":95,"year":"2021","month":1,"day":13,"uid":1,"level":4,"tag":"婆婆","mainThings":"Sunnie cames to practice guitar at night 32 今天是婆婆的忌日（婆婆走5年了）","otherInfo":"","createdAt":"2022-06-17 00:00:00","updatedAt":"2022-06-17 20:54:37"} 
2022-07-06 00:11:40.943 [NOTI] {"id":94,"year":"2021","month":1,"day":12,"uid":1,"level":4,"tag":"","mainThings":"Sunnie cames to practice guitar at night 31","otherInfo":"","createdAt":"2022-06-17 20:48:22","updatedAt":"2022-06-17 20:48:22"} 
2022-07-06 00:11:40.943 [NOTI] {"id":93,"year":"2021","month":1,"day":11,"uid":1,"level":4,"tag":"","mainThings":"Sunnie cames to practice guitar at night 30  爷爷今天去医院","otherInfo":"","createdAt":"2022-06-17 20:48:12","updatedAt":"2022-06-17 20:48:12"} 
2022-07-06 00:11:40.943 [NOTI] {"id":92,"year":"2021","month":1,"day":10,"uid":1,"level":4,"tag":"","mainThings":"Sunnie cames to practice guitar at night 29  这两天不想写程序","otherInfo":"","createdAt":"2022-06-17 20:47:56","updatedAt":"2022-06-17 20:47:56"} 
2022-07-06 00:11:40.943 [NOTI] {"id":91,"year":"2021","month":1,"day":9,"uid":1,"level":4,"tag":"","mainThings":"Sunnie cames to practice guitar at night 28","otherInfo":"","createdAt":"2022-06-17 20:47:40","updatedAt":"2022-06-17 20:47:40"} 
2022-07-06 00:11:40.943 [NOTI] {"id":90,"year":"2021","month":1,"day":8,"uid":1,"level":4,"tag":"","mainThings":"Sunnie cames to practice guitar at night 27 Grandpa called me and told me he was unwell.","otherInfo":"","createdAt":"2022-06-17 20:46:59","updatedAt":"2022-06-17 20:46:59"} 
2022-07-06 00:11:40.943 [NOTI] {"id":89,"year":"2021","month":1,"day":6,"uid":1,"level":4,"tag":"","mainThings":"Sunnie cames to practice guitar at night 26","otherInfo":"","createdAt":"2022-06-17 20:46:05","updatedAt":"2022-06-17 20:46:05"} 
2022-07-06 00:11:40.943 [NOTI] {"id":88,"year":"2021","month":1,"day":5,"uid":1,"level":4,"tag":"","mainThings":"Sunnie cames to practice guitar at night 25","otherInfo":"","createdAt":"2022-06-17 20:45:51","updatedAt":"2022-06-17 20:45:51"} 
2022-07-06 00:11:40.943 [NOTI] {"id":87,"year":"2021","month":1,"day":4,"uid":1,"level":4,"tag":"","mainThings":"Sunnie cames to practice guitar at night 24","otherInfo":"","createdAt":"2022-06-17 20:45:18","updatedAt":"2022-06-17 20:45:18"} 
2022-07-06 00:11:40.943 [NOTI] {"id":86,"year":"2021","month":1,"day":3,"uid":1,"level":4,"tag":"","mainThings":"Sunnie cames to practice guitar at night 23  爷爷生病","otherInfo":"","createdAt":"2022-06-17 00:00:00","updatedAt":"2022-06-17 20:45:36"} 
2022-07-06 00:11:59.378 [NOTI] {"id":95,"year":"2021","month":1,"day":13,"uid":1,"level":4,"tag":"婆婆","mainThings":"Sunnie cames to practice guitar at night 32 今天是婆婆的忌日（婆婆走5年了）","otherInfo":"","createdAt":"2022-06-17 00:00:00","updatedAt":"2022-06-17 20:54:37"} 
2022-07-06 00:11:59.378 [NOTI] {"id":94,"year":"2021","month":1,"day":12,"uid":1,"level":4,"tag":"","mainThings":"Sunnie cames to practice guitar at night 31","otherInfo":"","createdAt":"2022-06-17 20:48:22","updatedAt":"2022-06-17 20:48:22"} 
2022-07-06 00:11:59.379 [NOTI] {"id":93,"year":"2021","month":1,"day":11,"uid":1,"level":4,"tag":"","mainThings":"Sunnie cames to practice guitar at night 30  爷爷今天去医院","otherInfo":"","createdAt":"2022-06-17 20:48:12","updatedAt":"2022-06-17 20:48:12"} 
2022-07-06 00:11:59.379 [NOTI] {"id":92,"year":"2021","month":1,"day":10,"uid":1,"level":4,"tag":"","mainThings":"Sunnie cames to practice guitar at night 29  这两天不想写程序","otherInfo":"","createdAt":"2022-06-17 20:47:56","updatedAt":"2022-06-17 20:47:56"} 
2022-07-06 00:11:59.379 [NOTI] {"id":91,"year":"2021","month":1,"day":9,"uid":1,"level":4,"tag":"","mainThings":"Sunnie cames to practice guitar at night 28","otherInfo":"","createdAt":"2022-06-17 20:47:40","updatedAt":"2022-06-17 20:47:40"} 
2022-07-06 00:11:59.379 [NOTI] {"id":90,"year":"2021","month":1,"day":8,"uid":1,"level":4,"tag":"","mainThings":"Sunnie cames to practice guitar at night 27 Grandpa called me and told me he was unwell.","otherInfo":"","createdAt":"2022-06-17 20:46:59","updatedAt":"2022-06-17 20:46:59"} 
2022-07-06 00:11:59.379 [NOTI] {"id":89,"year":"2021","month":1,"day":6,"uid":1,"level":4,"tag":"","mainThings":"Sunnie cames to practice guitar at night 26","otherInfo":"","createdAt":"2022-06-17 20:46:05","updatedAt":"2022-06-17 20:46:05"} 
2022-07-06 00:11:59.379 [NOTI] {"id":88,"year":"2021","month":1,"day":5,"uid":1,"level":4,"tag":"","mainThings":"Sunnie cames to practice guitar at night 25","otherInfo":"","createdAt":"2022-06-17 20:45:51","updatedAt":"2022-06-17 20:45:51"} 
2022-07-06 00:11:59.379 [NOTI] {"id":87,"year":"2021","month":1,"day":4,"uid":1,"level":4,"tag":"","mainThings":"Sunnie cames to practice guitar at night 24","otherInfo":"","createdAt":"2022-06-17 20:45:18","updatedAt":"2022-06-17 20:45:18"} 
2022-07-06 00:11:59.379 [NOTI] {"id":86,"year":"2021","month":1,"day":3,"uid":1,"level":4,"tag":"","mainThings":"Sunnie cames to practice guitar at night 23  爷爷生病","otherInfo":"","createdAt":"2022-06-17 00:00:00","updatedAt":"2022-06-17 20:45:36"} 
2022-07-06 00:11:59.800 [INFO] Server start at :http://localhost:1211/login 
2022-07-06 00:12:02.597 [NOTI] {"id":3,"year":"1961","month":3,"day":0,"uid":1,"level":3,"tag":"","mainThings":"爷爷修铁路回来","otherInfo":"","createdAt":"1961-02-17 00:00:00","updatedAt":"2022-06-17 15:31:28"} 
2022-07-06 00:12:02.597 [NOTI] {"id":2,"year":"1959","month":10,"day":0,"uid":1,"level":3,"tag":"","mainThings":"爷爷去修铁路","otherInfo":"","createdAt":"1959-09-11 00:00:00","updatedAt":"2022-06-17 15:29:18"} 
2022-07-06 00:12:02.597 [NOTI] {"id":1,"year":"1958","month":7,"day":0,"uid":1,"level":3,"tag":"","mainThings":"爷爷读完书 14岁，成立食堂","otherInfo":"","createdAt":"1958-01-01 00:00:00","updatedAt":"2022-06-17 15:10:31"} 
2022-07-06 00:12:12.355 [NOTI] {"id":14,"year":"2016","month":13,"day":29,"uid":1,"level":5,"tag":"逝世","mainThings":"婆婆走了","otherInfo":"","createdAt":"2022-06-17 16:21:54","updatedAt":"2022-06-17 16:21:54"} 
2022-07-06 00:12:12.355 [NOTI] {"id":13,"year":"2016","month":10,"day":1,"uid":1,"level":3,"tag":"","mainThings":"退伍","otherInfo":"","createdAt":"2022-06-17 00:00:00","updatedAt":"2022-06-17 16:22:06"} 
2022-07-06 00:12:12.355 [NOTI] {"id":12,"year":"2003","month":11,"day":11,"uid":1,"level":4,"tag":"出生","mainThings":"弟弟出生","otherInfo":"","createdAt":"2022-06-17 16:21:00","updatedAt":"2022-06-17 16:21:00"} 
2022-07-06 00:12:12.355 [NOTI] {"id":10,"year":"1991","month":2,"day":22,"uid":1,"level":4,"tag":"出生","mainThings":"何鑫出生","otherInfo":"","createdAt":"1991-01-21 00:00:00","updatedAt":"2022-06-17 15:46:22"} 
2022-07-06 00:12:12.355 [NOTI] {"id":9,"year":"1971","month":3,"day":16,"uid":1,"level":4,"tag":"出生","mainThings":"三孃出生","otherInfo":"","createdAt":"1971-02-16 00:00:00","updatedAt":"2022-06-17 15:39:15"} 
2022-07-06 00:12:12.355 [NOTI] {"id":8,"year":"1970","month":3,"day":15,"uid":1,"level":4,"tag":"出生","mainThings":"妈妈出生","otherInfo":"","createdAt":"1970-02-15 00:00:00","updatedAt":"2022-06-17 15:39:00"} 
2022-07-06 00:12:12.355 [NOTI] {"id":7,"year":"1969","month":13,"day":0,"uid":1,"level":5,"tag":"逝世","mainThings":"祖祖(何远禄) 走了 57岁","otherInfo":"","createdAt":"1969-12-16 00:00:00","updatedAt":"2022-06-17 15:38:49"} 
2022-07-06 00:12:12.355 [NOTI] {"id":6,"year":"1967","month":13,"day":0,"uid":1,"level":4,"tag":"出生","mainThings":"大孃出生","otherInfo":"","createdAt":"1967-12-16 00:00:00","updatedAt":"2022-06-17 15:35:05"} 
2022-07-06 00:12:12.356 [NOTI] {"id":5,"year":"1967","month":9,"day":0,"uid":1,"level":4,"tag":"出生","mainThings":"爸爸出生","otherInfo":"","createdAt":"1967-08-16 00:00:00","updatedAt":"2022-06-17 15:35:57"} 
2022-07-06 00:12:12.356 [NOTI] {"id":4,"year":"1964","month":13,"day":0,"uid":1,"level":5,"tag":"","mainThings":"爷爷和奶奶结婚","otherInfo":"","createdAt":"1964-12-17 00:00:00","updatedAt":"2022-06-17 15:33:29"} 
2022-07-06 00:12:16.602 [NOTI] {"id":3,"year":"1961","month":3,"day":0,"uid":1,"level":3,"tag":"","mainThings":"爷爷修铁路回来","otherInfo":"","createdAt":"1961-02-17 00:00:00","updatedAt":"2022-06-17 15:31:28"} 
2022-07-06 00:12:16.603 [NOTI] {"id":2,"year":"1959","month":10,"day":0,"uid":1,"level":3,"tag":"","mainThings":"爷爷去修铁路","otherInfo":"","createdAt":"1959-09-11 00:00:00","updatedAt":"2022-06-17 15:29:18"} 
2022-07-06 00:12:16.603 [NOTI] {"id":1,"year":"1958","month":7,"day":0,"uid":1,"level":3,"tag":"","mainThings":"爷爷读完书 14岁，成立食堂","otherInfo":"","createdAt":"1958-01-01 00:00:00","updatedAt":"2022-06-17 15:10:31"} 
2022-07-06 00:12:25.362 [INFO] Server start at :http://localhost:1211/login 
2022-07-06 00:12:25.692 [NOTI] {"id":3,"year":"1961","month":3,"day":0,"uid":1,"level":3,"tag":"","mainThings":"爷爷修铁路回来","otherInfo":"","createdAt":"1961-02-17 00:00:00","updatedAt":"2022-06-17 15:31:28"} 
2022-07-06 00:12:25.692 [NOTI] {"id":2,"year":"1959","month":10,"day":0,"uid":1,"level":3,"tag":"","mainThings":"爷爷去修铁路","otherInfo":"","createdAt":"1959-09-11 00:00:00","updatedAt":"2022-06-17 15:29:18"} 
2022-07-06 00:12:25.692 [NOTI] {"id":1,"year":"1958","month":7,"day":0,"uid":1,"level":3,"tag":"","mainThings":"爷爷读完书 14岁，成立食堂","otherInfo":"","createdAt":"1958-01-01 00:00:00","updatedAt":"2022-06-17 15:10:31"} 
2022-07-06 00:12:29.563 [NOTI] {"id":95,"year":"2021","month":1,"day":13,"uid":1,"level":4,"tag":"婆婆","mainThings":"Sunnie cames to practice guitar at night 32 今天是婆婆的忌日（婆婆走5年了）","otherInfo":"","createdAt":"2022-06-17 00:00:00","updatedAt":"2022-06-17 20:54:37"} 
2022-07-06 00:12:29.563 [NOTI] {"id":94,"year":"2021","month":1,"day":12,"uid":1,"level":4,"tag":"","mainThings":"Sunnie cames to practice guitar at night 31","otherInfo":"","createdAt":"2022-06-17 20:48:22","updatedAt":"2022-06-17 20:48:22"} 
2022-07-06 00:12:29.564 [NOTI] {"id":93,"year":"2021","month":1,"day":11,"uid":1,"level":4,"tag":"","mainThings":"Sunnie cames to practice guitar at night 30  爷爷今天去医院","otherInfo":"","createdAt":"2022-06-17 20:48:12","updatedAt":"2022-06-17 20:48:12"} 
2022-07-06 00:12:29.564 [NOTI] {"id":92,"year":"2021","month":1,"day":10,"uid":1,"level":4,"tag":"","mainThings":"Sunnie cames to practice guitar at night 29  这两天不想写程序","otherInfo":"","createdAt":"2022-06-17 20:47:56","updatedAt":"2022-06-17 20:47:56"} 
2022-07-06 00:12:29.564 [NOTI] {"id":91,"year":"2021","month":1,"day":9,"uid":1,"level":4,"tag":"","mainThings":"Sunnie cames to practice guitar at night 28","otherInfo":"","createdAt":"2022-06-17 20:47:40","updatedAt":"2022-06-17 20:47:40"} 
2022-07-06 00:12:29.564 [NOTI] {"id":90,"year":"2021","month":1,"day":8,"uid":1,"level":4,"tag":"","mainThings":"Sunnie cames to practice guitar at night 27 Grandpa called me and told me he was unwell.","otherInfo":"","createdAt":"2022-06-17 20:46:59","updatedAt":"2022-06-17 20:46:59"} 
2022-07-06 00:12:29.564 [NOTI] {"id":89,"year":"2021","month":1,"day":6,"uid":1,"level":4,"tag":"","mainThings":"Sunnie cames to practice guitar at night 26","otherInfo":"","createdAt":"2022-06-17 20:46:05","updatedAt":"2022-06-17 20:46:05"} 
2022-07-06 00:12:29.564 [NOTI] {"id":88,"year":"2021","month":1,"day":5,"uid":1,"level":4,"tag":"","mainThings":"Sunnie cames to practice guitar at night 25","otherInfo":"","createdAt":"2022-06-17 20:45:51","updatedAt":"2022-06-17 20:45:51"} 
2022-07-06 00:12:29.564 [NOTI] {"id":87,"year":"2021","month":1,"day":4,"uid":1,"level":4,"tag":"","mainThings":"Sunnie cames to practice guitar at night 24","otherInfo":"","createdAt":"2022-06-17 20:45:18","updatedAt":"2022-06-17 20:45:18"} 
2022-07-06 00:12:29.564 [NOTI] {"id":86,"year":"2021","month":1,"day":3,"uid":1,"level":4,"tag":"","mainThings":"Sunnie cames to practice guitar at night 23  爷爷生病","otherInfo":"","createdAt":"2022-06-17 00:00:00","updatedAt":"2022-06-17 20:45:36"} 
2022-07-06 00:12:35.520 [NOTI] {"id":135,"year":"2021","month":2,"day":23,"uid":1,"level":1,"tag":"","mainThings":"学习golang、英文学习\n","otherInfo":"","createdAt":"2022-06-17 23:02:08","updatedAt":"2022-06-17 23:02:08"} 
2022-07-06 00:12:35.520 [NOTI] {"id":134,"year":"2021","month":2,"day":22,"uid":1,"level":1,"tag":"","mainThings":"学习golang、英文学习\n","otherInfo":"","createdAt":"2022-06-17 23:01:55","updatedAt":"2022-06-17 23:01:55"} 
2022-07-06 00:12:35.520 [NOTI] {"id":133,"year":"2021","month":2,"day":21,"uid":1,"level":1,"tag":"","mainThings":"初十、Mother's birthday 《斗罗大陆》完了。 There is no information for Sunnie\n","otherInfo":"","createdAt":"2022-06-17 23:01:35","updatedAt":"2022-06-17 23:01:35"} 
2022-07-06 00:12:35.521 [NOTI] {"id":132,"year":"2021","month":2,"day":20,"uid":1,"level":1,"tag":"","mainThings":"初九、There is no messages about Sunnie.\n","otherInfo":"","createdAt":"2022-06-17 23:00:50","updatedAt":"2022-06-17 23:00:50"} 
2022-07-06 00:12:35.521 [NOTI] {"id":131,"year":"2021","month":2,"day":19,"uid":1,"level":4,"tag":"","mainThings":"初八、看《斗罗大陆》，Tell Sunnie about my interview,Wali decided to work in the company.\n","otherInfo":"","createdAt":"2022-06-17 23:00:30","updatedAt":"2022-06-17 23:00:30"} 
2022-07-06 00:12:35.521 [NOTI] {"id":130,"year":"2021","month":2,"day":18,"uid":1,"level":4,"tag":"","mainThings":"初七、看《斗罗大陆》，Today I chatted with Sunnie for a long time and told Sunnie about my interview.\n","otherInfo":"","createdAt":"2022-06-17 22:59:39","updatedAt":"2022-06-17 22:59:39"} 
2022-07-06 00:12:35.521 [NOTI] {"id":129,"year":"2021","month":2,"day":17,"uid":1,"level":4,"tag":"","mainThings":"初六，看《斗罗大陆》，Today Sunnie told me that she wanted to go home\n","otherInfo":"","createdAt":"2022-06-17 22:59:20","updatedAt":"2022-06-17 22:59:20"} 
2022-07-06 00:12:35.521 [NOTI] {"id":128,"year":"2021","month":2,"day":16,"uid":1,"level":1,"tag":"","mainThings":"初五，看《斗罗大陆》\n","otherInfo":"","createdAt":"2022-06-17 22:59:09","updatedAt":"2022-06-17 22:59:09"} 
2022-07-06 00:12:35.521 [NOTI] {"id":127,"year":"2021","month":2,"day":15,"uid":1,"level":4,"tag":"","mainThings":"初四，看《斗罗大陆》，Sunnie is off today.No code was written today.\n","otherInfo":"","createdAt":"2022-06-17 22:58:51","updatedAt":"2022-06-17 22:58:51"} 
2022-07-06 00:12:35.521 [NOTI] {"id":126,"year":"2021","month":2,"day":14,"uid":1,"level":4,"tag":"","mainThings":"初三，看《斗罗大陆》，Our ticket on March 5th,Have a short time chat with Sunnie.Today my cold is better.\n","otherInfo":"","createdAt":"2022-06-17 22:58:35","updatedAt":"2022-06-17 22:58:35"} 
2022-07-06 00:12:37.699 [NOTI] {"id":145,"year":"2021","month":3,"day":5,"uid":1,"level":4,"tag":"","mainThings":"Isolation Day 3. Today is so strange(奇怪) that Sunnie actually(居然) called me at night to tune the tone of her guitar.\n","otherInfo":"","createdAt":"2022-06-17 23:11:13","updatedAt":"2022-06-17 23:11:13"} 
2022-07-06 00:12:37.699 [NOTI] {"id":144,"year":"2021","month":3,"day":4,"uid":1,"level":4,"tag":"","mainThings":"Isolation Day 2. Love is over.I fell my heart is broken when I think of Sunnie.\n","otherInfo":"","createdAt":"2022-06-17 23:11:02","updatedAt":"2022-06-17 23:11:02"} 
2022-07-06 00:12:37.699 [NOTI] {"id":143,"year":"2021","month":3,"day":3,"uid":1,"level":1,"tag":"","mainThings":"Isolation Day 1.No code was written today.I cleaned up my packages.Chat with my grandparents\n","otherInfo":"","createdAt":"2022-06-17 23:10:49","updatedAt":"2022-06-17 23:10:49"} 
2022-07-06 00:12:37.699 [NOTI] {"id":142,"year":"2021","month":3,"day":2,"uid":1,"level":4,"tag":"","mainThings":"Arrive in Cambodia at 11 pm  Sunnie asked me about my safe info\n","otherInfo":"","createdAt":"2022-06-17 23:10:32","updatedAt":"2022-06-17 23:10:32"} 
2022-07-06 00:12:37.699 [NOTI] {"id":141,"year":"2021","month":3,"day":1,"uid":1,"level":3,"tag":"","mainThings":"Leaving the Philippines today,Departing for Cambodia.transiting in Seoul,staying for a day.","otherInfo":"","createdAt":"2022-06-17 23:10:11","updatedAt":"2022-06-17 23:10:11"} 
2022-07-06 00:12:37.699 [NOTI] {"id":140,"year":"2021","month":2,"day":28,"uid":1,"level":1,"tag":"","mainThings":"Learn golang websocket,Last night in the Philippines\n","otherInfo":"","createdAt":"2022-06-17 23:04:41","updatedAt":"2022-06-17 23:04:41"} 
2022-07-06 00:12:37.699 [NOTI] {"id":139,"year":"2021","month":2,"day":27,"uid":1,"level":1,"tag":"","mainThings":"Learn golang websocket\n","otherInfo":"","createdAt":"2022-06-17 23:04:27","updatedAt":"2022-06-17 23:04:27"} 
2022-07-06 00:12:37.699 [NOTI] {"id":138,"year":"2021","month":2,"day":26,"uid":1,"level":1,"tag":"","mainThings":"Learn Golang and English\n","otherInfo":"","createdAt":"2022-06-17 23:04:08","updatedAt":"2022-06-17 23:04:08"} 
2022-07-06 00:12:37.699 [NOTI] {"id":137,"year":"2021","month":2,"day":25,"uid":1,"level":1,"tag":"","mainThings":"Learn English","otherInfo":"","createdAt":"2022-06-17 23:03:40","updatedAt":"2022-06-17 23:03:40"} 
2022-07-06 00:12:37.699 [NOTI] {"id":136,"year":"2021","month":2,"day":24,"uid":1,"level":1,"tag":"","mainThings":"买运动速干衣，裤子，袜子，内裤,学习golang,学习英文\n","otherInfo":"","createdAt":"2022-06-17 23:02:44","updatedAt":"2022-06-17 23:02:44"} 
2022-07-06 00:12:42.151 [NOTI] {"id":185,"year":"2021","month":5,"day":6,"uid":1,"level":4,"tag":"","mainThings":"帮Sunnie建议, 那次Sunnie说小新走了\n","otherInfo":"","createdAt":"2022-06-17 23:22:41","updatedAt":"2022-06-17 23:22:41"} 
2022-07-06 00:12:42.151 [NOTI] {"id":184,"year":"2021","month":5,"day":5,"uid":1,"level":4,"tag":"","mainThings":"正常上班,跑步,和Sunnie对话,\n","otherInfo":"","createdAt":"2022-06-17 23:22:29","updatedAt":"2022-06-17 23:22:29"} 
2022-07-06 00:12:42.152 [NOTI] {"id":183,"year":"2021","month":5,"day":4,"uid":1,"level":4,"tag":"","mainThings":"正常上班 今天在抖音发现一位在大街上吉他弹唱很厉害的人 叫阿看.分享给了Sunnie\n","otherInfo":"","createdAt":"2022-06-17 23:22:14","updatedAt":"2022-06-17 23:22:14"} 
2022-07-06 00:12:42.152 [NOTI] {"id":182,"year":"2021","month":5,"day":2,"uid":1,"level":1,"tag":"","mainThings":"Today,I Finished rewriting the planning station with go zero,and bush.\n","otherInfo":"","createdAt":"2022-06-17 23:22:01","updatedAt":"2022-06-17 23:22:01"} 
2022-07-06 00:12:42.152 [NOTI] {"id":181,"year":"2021","month":5,"day":1,"uid":1,"level":4,"tag":"","mainThings":"五一，吃啤酒鸡，烧烤, Send a happy May Day message to Sunnie\n","otherInfo":"","createdAt":"2022-06-17 23:21:46","updatedAt":"2022-06-17 23:21:46"} 
2022-07-06 00:12:42.152 [NOTI] {"id":180,"year":"2021","month":4,"day":29,"uid":1,"level":1,"tag":"","mainThings":"正常上班\n","otherInfo":"","createdAt":"2022-06-17 23:21:33","updatedAt":"2022-06-17 23:21:33"} 
2022-07-06 00:12:42.152 [NOTI] {"id":179,"year":"2021","month":4,"day":28,"uid":1,"level":5,"tag":"","mainThings":"今天Sunnie告诉我小新要走了，5号的机票。Sunnie很不开心。因为小新没有提前告诉她。晚上刚子叫一起去按摩，花了20美元\n","otherInfo":"","createdAt":"2022-06-17 23:21:15","updatedAt":"2022-06-17 23:21:15"} 
2022-07-06 00:12:42.152 [NOTI] {"id":178,"year":"2021","month":4,"day":25,"uid":1,"level":1,"tag":"","mainThings":"今天把项目的技术栈选好了，orm就用ent 真是太好玩了。haha，晚上去打ping pong\n","otherInfo":"","createdAt":"2022-06-17 23:20:53","updatedAt":"2022-06-17 23:20:53"} 
2022-07-06 00:12:42.152 [NOTI] {"id":177,"year":"2021","month":4,"day":24,"uid":1,"level":1,"tag":"","mainThings":"学习ent 整合到 gozero 登录功能 终于完成了注册接口\n","otherInfo":"","createdAt":"2022-06-17 23:20:36","updatedAt":"2022-06-17 23:20:36"} 
2022-07-06 00:12:42.152 [NOTI] {"id":176,"year":"2021","month":4,"day":23,"uid":1,"level":1,"tag":"","mainThings":"学习ent 整合到 gozero\n","otherInfo":"","createdAt":"2022-06-17 23:20:26","updatedAt":"2022-06-17 23:20:26"} 
2022-07-06 00:12:46.250 [NOTI] {"id":225,"year":"2021","month":7,"day":19,"uid":1,"level":4,"tag":"sunnie 回家","mainThings":"晚上和Sunnie有个愉快的聊天，Sunnie告诉我她到隔离酒店了，明天16：30的飞机。","otherInfo":"","createdAt":"2022-06-17 23:35:11","updatedAt":"2022-06-17 23:35:11"} 
2022-07-06 00:12:46.250 [NOTI] {"id":224,"year":"2021","month":7,"day":18,"uid":1,"level":4,"tag":"","mainThings":"Sunnie去检测\n","otherInfo":"","createdAt":"2022-06-17 23:34:41","updatedAt":"2022-06-17 23:34:41"} 
2022-07-06 00:12:46.251 [NOTI] {"id":223,"year":"2021","month":7,"day":17,"uid":1,"level":5,"tag":"sunnie","mainThings":"向Sunnie告白。不留下遗憾。Sunnie无动于衷吧。不管怎样我还是尽了我的全力。\n","otherInfo":"","createdAt":"2022-06-17 23:34:21","updatedAt":"2022-06-17 23:34:21"} 
2022-07-06 00:12:46.251 [NOTI] {"id":222,"year":"2021","month":7,"day":16,"uid":1,"level":1,"tag":"","mainThings":"写代码，锻炼。\n","otherInfo":"","createdAt":"2022-06-17 23:34:05","updatedAt":"2022-06-17 23:34:05"} 
2022-07-06 00:12:46.251 [NOTI] {"id":221,"year":"2021","month":7,"day":15,"uid":1,"level":1,"tag":"","mainThings":"写代码，锻炼。\n","otherInfo":"","createdAt":"2022-06-17 23:33:56","updatedAt":"2022-06-17 23:33:56"} 
2022-07-06 00:12:46.251 [NOTI] {"id":220,"year":"2021","month":7,"day":14,"uid":1,"level":1,"tag":"","mainThings":"写代码，锻炼。\n","otherInfo":"","createdAt":"2022-06-17 23:33:42","updatedAt":"2022-06-17 23:33:42"} 
2022-07-06 00:12:46.251 [NOTI] {"id":219,"year":"2021","month":7,"day":13,"uid":1,"level":4,"tag":"sunnie","mainThings":"跑步30分钟，我125斤了,找Sunnie聊天.Sunnie18号去检测.Sunnie说她最近常熬夜.\n","otherInfo":"","createdAt":"2022-06-17 23:33:32","updatedAt":"2022-06-17 23:33:32"} 
2022-07-06 00:12:46.251 [NOTI] {"id":218,"year":"2021","month":7,"day":11,"uid":1,"level":2,"tag":"","mainThings":"写代码的一天,和妈妈打电话(聊了2个小时).\n","otherInfo":"","createdAt":"2022-06-17 23:32:46","updatedAt":"2022-06-17 23:32:46"} 
2022-07-06 00:12:46.251 [NOTI] {"id":217,"year":"2021","month":7,"day":10,"uid":1,"level":1,"tag":"","mainThings":"写代码的一天,锻炼,弹吉他.\n","otherInfo":"","createdAt":"2022-06-17 23:32:36","updatedAt":"2022-06-17 23:32:36"} 
2022-07-06 00:12:46.251 [NOTI] {"id":216,"year":"2021","month":7,"day":9,"uid":1,"level":2,"tag":"","mainThings":"算一卦,关于我和Sunni(遁卦),Sunni.duolinguo目标已经改700很久了.中午给妈妈打电话,但妈妈很忙.,小项目,用户,钱包模块.\n","otherInfo":"","createdAt":"2022-06-17 23:31:12","updatedAt":"2022-06-17 23:31:12"} 
2022-07-06 00:12:50.552 [NOTI] {"id":390,"year":"2022","month":6,"day":22,"uid":1,"level":1,"tag":"","mainThings":"It's 14:19 p.m now\r\n\r\nI'm listening to Faye Wong's song 《执迷不悔》.\r\n\r\nMy English is still very poor and I have too few vocabulary.\r\n\r\nLet's see waht's going on at work.Then move on to prefecting my backend system.","otherInfo":"","createdAt":"2022-06-17 00:00:00","updatedAt":"2022-07-05 19:16:39"} 
2022-07-06 00:12:50.552 [NOTI] {"id":384,"year":"2022","month":6,"day":21,"uid":1,"level":1,"tag":"","mainThings":"Another boring day. let's prefecting our secret base.\n\nThe day before yesterday,I told Sunnie that I was fascinated by her,I wonder if she was angry.","otherInfo":"","createdAt":"2022-06-16 00:00:00","updatedAt":"2022-06-22 14:27:05"} 
2022-07-06 00:12:50.552 [NOTI] {"id":383,"year":"2022","month":6,"day":20,"uid":1,"level":1,"tag":"","mainThings":"Did nothing today.\r\n\r\nI'm very irriteable,I don't want to do anything,I don't want to listen to music,I don't want to see v2ex,and I don't want to write code.\r\n\r\nNothing is exciting.annoying,annoying.","otherInfo":"","createdAt":"2022-06-15 00:00:00","updatedAt":"2022-07-05 19:20:09"} 
2022-07-06 00:12:50.552 [NOTI] {"id":382,"year":"2022","month":6,"day":19,"uid":1,"level":4,"tag":"","mainThings":"今天代码什么都没有写。心理能力好低～\n\n晚上又喝酒了。还对sunnie说了一些可有可无的话。","otherInfo":"","createdAt":"2022-06-16 00:00:00","updatedAt":"2022-06-20 16:02:27"} 
2022-07-06 00:12:50.552 [NOTI] {"id":381,"year":"2022","month":6,"day":18,"uid":1,"level":4,"tag":"sunnie","mainThings":"Say happy weekend for sunnie in the morning.\n\nSunnie说她今天不出门；下午一点过说她买了榴莲。\n\n\n晚上玩了3个小时左右的《异星工厂》。晚上没有去跑步。喝了啤酒。","otherInfo":"","createdAt":"2022-06-16 00:00:00","updatedAt":"2022-06-19 00:40:05"} 
2022-07-06 00:12:50.552 [NOTI] {"id":380,"year":"2022","month":6,"day":14,"uid":1,"level":4,"tag":"","mainThings":"奇迹，早上Sunnie 发来信息 Morning。问Sunnie何时去日本，她说：没钱，学习吧\n","otherInfo":"","createdAt":"2022-06-19 00:02:46","updatedAt":"2022-06-19 00:02:46"} 
2022-07-06 00:12:50.553 [NOTI] {"id":379,"year":"2022","month":6,"day":13,"uid":1,"level":3,"tag":"","mainThings":"算我买铺面 ，得一卦 无妄卦(天雷无妄）\n","otherInfo":"","createdAt":"2022-06-19 00:02:37","updatedAt":"2022-06-19 00:02:37"} 
2022-07-06 00:12:50.553 [NOTI] {"id":378,"year":"2022","month":6,"day":12,"uid":1,"level":4,"tag":"","mainThings":"今晚出去吃烧烤.吃完回宿舍，给Sunnie发没有找到什么有用的女生防身技能。（其实自己没有仔细找）\r\n","otherInfo":"","createdAt":"2022-06-19 00:02:28","updatedAt":"2022-07-05 19:16:13"} 
2022-07-06 00:12:50.553 [NOTI] {"id":377,"year":"2022","month":6,"day":11,"uid":1,"level":4,"tag":"","mainThings":"晚上跑步时，Sunnie发来讯息。她在去做核酸的路上遇见一个女孩失去了意识。\n","otherInfo":"","createdAt":"2022-06-19 00:02:19","updatedAt":"2022-06-19 00:02:19"} 
2022-07-06 00:12:50.553 [NOTI] {"id":376,"year":"2022","month":6,"day":10,"uid":1,"level":4,"tag":"","mainThings":"和Sunnie短暂聊天\n","otherInfo":"","createdAt":"2022-06-19 00:02:11","updatedAt":"2022-06-19 00:02:11"} 
2022-07-06 00:13:13.162 [NOTI] {"id":3,"year":"1961","month":3,"day":0,"uid":1,"level":3,"tag":"","mainThings":"爷爷修铁路回来","otherInfo":"","createdAt":"1961-02-17 00:00:00","updatedAt":"2022-06-17 15:31:28"} 
2022-07-06 00:13:13.162 [NOTI] {"id":2,"year":"1959","month":10,"day":0,"uid":1,"level":3,"tag":"","mainThings":"爷爷去修铁路","otherInfo":"","createdAt":"1959-09-11 00:00:00","updatedAt":"2022-06-17 15:29:18"} 
2022-07-06 00:13:13.162 [NOTI] {"id":1,"year":"1958","month":7,"day":0,"uid":1,"level":3,"tag":"","mainThings":"爷爷读完书 14岁，成立食堂","otherInfo":"","createdAt":"1958-01-01 00:00:00","updatedAt":"2022-06-17 15:10:31"} 
2022-07-06 00:13:17.660 [NOTI] {"id":95,"year":"2021","month":1,"day":13,"uid":1,"level":4,"tag":"婆婆","mainThings":"Sunnie cames to practice guitar at night 32 今天是婆婆的忌日（婆婆走5年了）","otherInfo":"","createdAt":"2022-06-17 00:00:00","updatedAt":"2022-06-17 20:54:37"} 
2022-07-06 00:13:17.660 [NOTI] {"id":94,"year":"2021","month":1,"day":12,"uid":1,"level":4,"tag":"","mainThings":"Sunnie cames to practice guitar at night 31","otherInfo":"","createdAt":"2022-06-17 20:48:22","updatedAt":"2022-06-17 20:48:22"} 
2022-07-06 00:13:17.660 [NOTI] {"id":93,"year":"2021","month":1,"day":11,"uid":1,"level":4,"tag":"","mainThings":"Sunnie cames to practice guitar at night 30  爷爷今天去医院","otherInfo":"","createdAt":"2022-06-17 20:48:12","updatedAt":"2022-06-17 20:48:12"} 
2022-07-06 00:13:17.660 [NOTI] {"id":92,"year":"2021","month":1,"day":10,"uid":1,"level":4,"tag":"","mainThings":"Sunnie cames to practice guitar at night 29  这两天不想写程序","otherInfo":"","createdAt":"2022-06-17 20:47:56","updatedAt":"2022-06-17 20:47:56"} 
2022-07-06 00:13:17.660 [NOTI] {"id":91,"year":"2021","month":1,"day":9,"uid":1,"level":4,"tag":"","mainThings":"Sunnie cames to practice guitar at night 28","otherInfo":"","createdAt":"2022-06-17 20:47:40","updatedAt":"2022-06-17 20:47:40"} 
2022-07-06 00:13:17.660 [NOTI] {"id":90,"year":"2021","month":1,"day":8,"uid":1,"level":4,"tag":"","mainThings":"Sunnie cames to practice guitar at night 27 Grandpa called me and told me he was unwell.","otherInfo":"","createdAt":"2022-06-17 20:46:59","updatedAt":"2022-06-17 20:46:59"} 
2022-07-06 00:13:17.660 [NOTI] {"id":89,"year":"2021","month":1,"day":6,"uid":1,"level":4,"tag":"","mainThings":"Sunnie cames to practice guitar at night 26","otherInfo":"","createdAt":"2022-06-17 20:46:05","updatedAt":"2022-06-17 20:46:05"} 
2022-07-06 00:13:17.660 [NOTI] {"id":88,"year":"2021","month":1,"day":5,"uid":1,"level":4,"tag":"","mainThings":"Sunnie cames to practice guitar at night 25","otherInfo":"","createdAt":"2022-06-17 20:45:51","updatedAt":"2022-06-17 20:45:51"} 
2022-07-06 00:13:17.660 [NOTI] {"id":87,"year":"2021","month":1,"day":4,"uid":1,"level":4,"tag":"","mainThings":"Sunnie cames to practice guitar at night 24","otherInfo":"","createdAt":"2022-06-17 20:45:18","updatedAt":"2022-06-17 20:45:18"} 
2022-07-06 00:13:17.660 [NOTI] {"id":86,"year":"2021","month":1,"day":3,"uid":1,"level":4,"tag":"","mainThings":"Sunnie cames to practice guitar at night 23  爷爷生病","otherInfo":"","createdAt":"2022-06-17 00:00:00","updatedAt":"2022-06-17 20:45:36"} 
2022-07-06 00:13:20.588 [NOTI] {"id":390,"year":"2022","month":6,"day":22,"uid":1,"level":1,"tag":"","mainThings":"It's 14:19 p.m now\r\n\r\nI'm listening to Faye Wong's song 《执迷不悔》.\r\n\r\nMy English is still very poor and I have too few vocabulary.\r\n\r\nLet's see waht's going on at work.Then move on to prefecting my backend system.","otherInfo":"","createdAt":"2022-06-17 00:00:00","updatedAt":"2022-07-05 19:16:39"} 
2022-07-06 00:13:20.588 [NOTI] {"id":384,"year":"2022","month":6,"day":21,"uid":1,"level":1,"tag":"","mainThings":"Another boring day. let's prefecting our secret base.\n\nThe day before yesterday,I told Sunnie that I was fascinated by her,I wonder if she was angry.","otherInfo":"","createdAt":"2022-06-16 00:00:00","updatedAt":"2022-06-22 14:27:05"} 
2022-07-06 00:13:20.589 [NOTI] {"id":383,"year":"2022","month":6,"day":20,"uid":1,"level":1,"tag":"","mainThings":"Did nothing today.\r\n\r\nI'm very irriteable,I don't want to do anything,I don't want to listen to music,I don't want to see v2ex,and I don't want to write code.\r\n\r\nNothing is exciting.annoying,annoying.","otherInfo":"","createdAt":"2022-06-15 00:00:00","updatedAt":"2022-07-05 19:20:09"} 
2022-07-06 00:13:20.589 [NOTI] {"id":382,"year":"2022","month":6,"day":19,"uid":1,"level":4,"tag":"","mainThings":"今天代码什么都没有写。心理能力好低～\n\n晚上又喝酒了。还对sunnie说了一些可有可无的话。","otherInfo":"","createdAt":"2022-06-16 00:00:00","updatedAt":"2022-06-20 16:02:27"} 
2022-07-06 00:13:20.589 [NOTI] {"id":381,"year":"2022","month":6,"day":18,"uid":1,"level":4,"tag":"sunnie","mainThings":"Say happy weekend for sunnie in the morning.\n\nSunnie说她今天不出门；下午一点过说她买了榴莲。\n\n\n晚上玩了3个小时左右的《异星工厂》。晚上没有去跑步。喝了啤酒。","otherInfo":"","createdAt":"2022-06-16 00:00:00","updatedAt":"2022-06-19 00:40:05"} 
2022-07-06 00:13:20.589 [NOTI] {"id":380,"year":"2022","month":6,"day":14,"uid":1,"level":4,"tag":"","mainThings":"奇迹，早上Sunnie 发来信息 Morning。问Sunnie何时去日本，她说：没钱，学习吧\n","otherInfo":"","createdAt":"2022-06-19 00:02:46","updatedAt":"2022-06-19 00:02:46"} 
2022-07-06 00:13:20.589 [NOTI] {"id":379,"year":"2022","month":6,"day":13,"uid":1,"level":3,"tag":"","mainThings":"算我买铺面 ，得一卦 无妄卦(天雷无妄）\n","otherInfo":"","createdAt":"2022-06-19 00:02:37","updatedAt":"2022-06-19 00:02:37"} 
2022-07-06 00:13:20.589 [NOTI] {"id":378,"year":"2022","month":6,"day":12,"uid":1,"level":4,"tag":"","mainThings":"今晚出去吃烧烤.吃完回宿舍，给Sunnie发没有找到什么有用的女生防身技能。（其实自己没有仔细找）\r\n","otherInfo":"","createdAt":"2022-06-19 00:02:28","updatedAt":"2022-07-05 19:16:13"} 
2022-07-06 00:13:20.589 [NOTI] {"id":377,"year":"2022","month":6,"day":11,"uid":1,"level":4,"tag":"","mainThings":"晚上跑步时，Sunnie发来讯息。她在去做核酸的路上遇见一个女孩失去了意识。\n","otherInfo":"","createdAt":"2022-06-19 00:02:19","updatedAt":"2022-06-19 00:02:19"} 
2022-07-06 00:13:20.590 [NOTI] {"id":376,"year":"2022","month":6,"day":10,"uid":1,"level":4,"tag":"","mainThings":"和Sunnie短暂聊天\n","otherInfo":"","createdAt":"2022-06-19 00:02:11","updatedAt":"2022-06-19 00:02:11"} 
2022-07-06 00:13:52.356 [NOTI] {"id":3,"year":"1961","month":3,"day":0,"uid":1,"level":3,"tag":"","mainThings":"爷爷修铁路回来","otherInfo":"","createdAt":"1961-02-17 00:00:00","updatedAt":"2022-06-17 15:31:28"} 
2022-07-06 00:13:52.356 [NOTI] {"id":2,"year":"1959","month":10,"day":0,"uid":1,"level":3,"tag":"","mainThings":"爷爷去修铁路","otherInfo":"","createdAt":"1959-09-11 00:00:00","updatedAt":"2022-06-17 15:29:18"} 
2022-07-06 00:13:52.357 [NOTI] {"id":1,"year":"1958","month":7,"day":0,"uid":1,"level":3,"tag":"","mainThings":"爷爷读完书 14岁，成立食堂","otherInfo":"","createdAt":"1958-01-01 00:00:00","updatedAt":"2022-06-17 15:10:31"} 
2022-07-06 00:14:03.219 [NOTI] {"id":14,"year":"2016","month":13,"day":29,"uid":1,"level":5,"tag":"逝世","mainThings":"婆婆走了","otherInfo":"","createdAt":"2022-06-17 16:21:54","updatedAt":"2022-06-17 16:21:54"} 
2022-07-06 00:14:03.219 [NOTI] {"id":13,"year":"2016","month":10,"day":1,"uid":1,"level":3,"tag":"","mainThings":"退伍","otherInfo":"","createdAt":"2022-06-17 00:00:00","updatedAt":"2022-06-17 16:22:06"} 
2022-07-06 00:14:03.219 [NOTI] {"id":12,"year":"2003","month":11,"day":11,"uid":1,"level":4,"tag":"出生","mainThings":"弟弟出生","otherInfo":"","createdAt":"2022-06-17 16:21:00","updatedAt":"2022-06-17 16:21:00"} 
2022-07-06 00:14:03.219 [NOTI] {"id":10,"year":"1991","month":2,"day":22,"uid":1,"level":4,"tag":"出生","mainThings":"何鑫出生","otherInfo":"","createdAt":"1991-01-21 00:00:00","updatedAt":"2022-06-17 15:46:22"} 
2022-07-06 00:14:03.220 [NOTI] {"id":9,"year":"1971","month":3,"day":16,"uid":1,"level":4,"tag":"出生","mainThings":"三孃出生","otherInfo":"","createdAt":"1971-02-16 00:00:00","updatedAt":"2022-06-17 15:39:15"} 
2022-07-06 00:14:03.220 [NOTI] {"id":8,"year":"1970","month":3,"day":15,"uid":1,"level":4,"tag":"出生","mainThings":"妈妈出生","otherInfo":"","createdAt":"1970-02-15 00:00:00","updatedAt":"2022-06-17 15:39:00"} 
2022-07-06 00:14:03.220 [NOTI] {"id":7,"year":"1969","month":13,"day":0,"uid":1,"level":5,"tag":"逝世","mainThings":"祖祖(何远禄) 走了 57岁","otherInfo":"","createdAt":"1969-12-16 00:00:00","updatedAt":"2022-06-17 15:38:49"} 
2022-07-06 00:14:03.220 [NOTI] {"id":6,"year":"1967","month":13,"day":0,"uid":1,"level":4,"tag":"出生","mainThings":"大孃出生","otherInfo":"","createdAt":"1967-12-16 00:00:00","updatedAt":"2022-06-17 15:35:05"} 
2022-07-06 00:14:03.220 [NOTI] {"id":5,"year":"1967","month":9,"day":0,"uid":1,"level":4,"tag":"出生","mainThings":"爸爸出生","otherInfo":"","createdAt":"1967-08-16 00:00:00","updatedAt":"2022-06-17 15:35:57"} 
2022-07-06 00:14:03.220 [NOTI] {"id":4,"year":"1964","month":13,"day":0,"uid":1,"level":5,"tag":"","mainThings":"爷爷和奶奶结婚","otherInfo":"","createdAt":"1964-12-17 00:00:00","updatedAt":"2022-06-17 15:33:29"} 
2022-07-06 00:14:19.084 [NOTI] {"id":390,"year":"2022","month":6,"day":22,"uid":1,"level":1,"tag":"","mainThings":"It's 14:19 p.m now\r\n\r\nI'm listening to Faye Wong's song 《执迷不悔》.\r\n\r\nMy English is still very poor and I have too few vocabulary.\r\n\r\nLet's see waht's going on at work.Then move on to prefecting my backend system.","otherInfo":"","createdAt":"2022-06-17 00:00:00","updatedAt":"2022-07-05 19:16:39"} 
2022-07-06 00:14:19.084 [NOTI] {"id":384,"year":"2022","month":6,"day":21,"uid":1,"level":1,"tag":"","mainThings":"Another boring day. let's prefecting our secret base.\n\nThe day before yesterday,I told Sunnie that I was fascinated by her,I wonder if she was angry.","otherInfo":"","createdAt":"2022-06-16 00:00:00","updatedAt":"2022-06-22 14:27:05"} 
2022-07-06 00:14:19.084 [NOTI] {"id":383,"year":"2022","month":6,"day":20,"uid":1,"level":1,"tag":"","mainThings":"Did nothing today.\r\n\r\nI'm very irriteable,I don't want to do anything,I don't want to listen to music,I don't want to see v2ex,and I don't want to write code.\r\n\r\nNothing is exciting.annoying,annoying.","otherInfo":"","createdAt":"2022-06-15 00:00:00","updatedAt":"2022-07-05 19:20:09"} 
2022-07-06 00:14:19.084 [NOTI] {"id":382,"year":"2022","month":6,"day":19,"uid":1,"level":4,"tag":"","mainThings":"今天代码什么都没有写。心理能力好低～\n\n晚上又喝酒了。还对sunnie说了一些可有可无的话。","otherInfo":"","createdAt":"2022-06-16 00:00:00","updatedAt":"2022-06-20 16:02:27"} 
2022-07-06 00:14:19.084 [NOTI] {"id":381,"year":"2022","month":6,"day":18,"uid":1,"level":4,"tag":"sunnie","mainThings":"Say happy weekend for sunnie in the morning.\n\nSunnie说她今天不出门；下午一点过说她买了榴莲。\n\n\n晚上玩了3个小时左右的《异星工厂》。晚上没有去跑步。喝了啤酒。","otherInfo":"","createdAt":"2022-06-16 00:00:00","updatedAt":"2022-06-19 00:40:05"} 
2022-07-06 00:14:19.084 [NOTI] {"id":380,"year":"2022","month":6,"day":14,"uid":1,"level":4,"tag":"","mainThings":"奇迹，早上Sunnie 发来信息 Morning。问Sunnie何时去日本，她说：没钱，学习吧\n","otherInfo":"","createdAt":"2022-06-19 00:02:46","updatedAt":"2022-06-19 00:02:46"} 
2022-07-06 00:14:19.085 [NOTI] {"id":379,"year":"2022","month":6,"day":13,"uid":1,"level":3,"tag":"","mainThings":"算我买铺面 ，得一卦 无妄卦(天雷无妄）\n","otherInfo":"","createdAt":"2022-06-19 00:02:37","updatedAt":"2022-06-19 00:02:37"} 
2022-07-06 00:14:19.085 [NOTI] {"id":378,"year":"2022","month":6,"day":12,"uid":1,"level":4,"tag":"","mainThings":"今晚出去吃烧烤.吃完回宿舍，给Sunnie发没有找到什么有用的女生防身技能。（其实自己没有仔细找）\r\n","otherInfo":"","createdAt":"2022-06-19 00:02:28","updatedAt":"2022-07-05 19:16:13"} 
2022-07-06 00:14:19.085 [NOTI] {"id":377,"year":"2022","month":6,"day":11,"uid":1,"level":4,"tag":"","mainThings":"晚上跑步时，Sunnie发来讯息。她在去做核酸的路上遇见一个女孩失去了意识。\n","otherInfo":"","createdAt":"2022-06-19 00:02:19","updatedAt":"2022-06-19 00:02:19"} 
2022-07-06 00:14:19.085 [NOTI] {"id":376,"year":"2022","month":6,"day":10,"uid":1,"level":4,"tag":"","mainThings":"和Sunnie短暂聊天\n","otherInfo":"","createdAt":"2022-06-19 00:02:11","updatedAt":"2022-06-19 00:02:11"} 
2022-07-06 00:14:49.129 [INFO] Server start at :http://localhost:1211/login 
2022-07-06 00:15:30.250 [INFO] Server start at :http://localhost:1211/login 
2022-07-06 00:16:05.577 [INFO] Server start at :http://localhost:1211/login 
2022-07-06 00:16:17.429 [INFO] Server start at :http://localhost:1211/login 
2022-07-06 00:22:26.076 [INFO] Server start at :http://localhost:1211/login 
2022-07-06 00:22:51.217 [INFO] Server start at :http://localhost:1211/login 
2022-07-06 00:23:54.619 [INFO] Server start at :http://localhost:1211/login 
2022-07-06 00:24:07.044 [INFO] Server start at :http://localhost:1211/login 
2022-07-06 00:25:45.341 [INFO] Server start at :http://localhost:1211/login 
2022-07-06 00:26:09.286 [INFO] Server start at :http://localhost:1211/login 
2022-07-06 00:26:23.635 [INFO] Server start at :http://localhost:1211/login 
2022-07-06 00:31:51.697 [INFO] Server start at :http://localhost:1211/login 
2022-07-06 15:03:41.603 [INFO] Server start at :http://localhost:1211/login 
2022-07-06 15:06:37.435 [INFO] Server start at :http://localhost:1211/login 
2022-07-06 15:08:09.924 [INFO] Server start at :http://localhost:1211/login 
2022-07-06 15:08:20.253 [INFO] Server start at :http://localhost:1211/login 
2022-07-06 15:08:45.069 [INFO] Server start at :http://localhost:1211/login 
2022-07-06 15:09:11.815 [INFO] Server start at :http://localhost:1211/login 
2022-07-06 15:09:47.799 [INFO] Server start at :http://localhost:1211/login 
2022-07-06 15:10:33.746 [INFO] Server start at :http://localhost:1211/login 
2022-07-06 15:11:58.730 [INFO] Server start at :http://localhost:1211/login 
2022-07-06 15:12:17.346 [INFO] Server start at :http://localhost:1211/login 
2022-07-06 15:12:34.954 [INFO] Server start at :http://localhost:1211/login 
2022-07-06 15:13:07.910 [INFO] Server start at :http://localhost:1211/login 
2022-07-06 15:13:59.028 [INFO] Server start at :http://localhost:1211/login 
2022-07-06 15:14:15.624 [INFO] Server start at :http://localhost:1211/login 
2022-07-06 15:15:56.721 [INFO] Server start at :http://localhost:1211/login 
2022-07-06 15:17:11.826 [INFO] Server start at :http://localhost:1211/login 
2022-07-06 15:17:46.105 [INFO] Server start at :http://localhost:1211/login 
2022-07-06 15:18:42.354 [INFO] Server start at :http://localhost:1211/login 
2022-07-06 15:18:57.700 [INFO] Server start at :http://localhost:1211/login 
2022-07-06 15:24:02.588 [INFO] Server start at :http://localhost:1211/login 
2022-07-06 15:36:54.538 [INFO] Server start at :http://localhost:1211/login 
2022-07-06 15:36:58.287 [INFO] Server start at :http://localhost:1211/login 
2022-07-06 15:37:02.546 [INFO] Server start at :http://localhost:1211/login 
2022-07-06 15:51:31.007 [INFO] Server start at :http://localhost:1211/login 
2022-07-06 15:51:37.582 [INFO] Server start at :http://localhost:1211/login 
2022-07-06 16:04:32.550 [INFO] Server start at :http://localhost:1211/login 
2022-07-06 16:04:48.031 [INFO] Server start at :http://localhost:1211/login 
2022-07-06 16:05:01.291 [INFO] Server start at :http://localhost:1211/login 
2022-07-06 16:16:11.209 [INFO] Server start at :http://localhost:1211/login 
2022-07-06 16:16:27.152 [INFO] Server start at :http://localhost:1211/login 
2022-07-06 16:17:52.082 [INFO] Server start at :http://localhost:1211/login 
2022-07-06 16:18:46.948 [INFO] Server start at :http://localhost:1211/login 
2022-07-06 16:18:51.399 [INFO] Server start at :http://localhost:1211/login 
2022-07-06 16:24:02.359 [INFO] Server start at :http://localhost:1211/login 
2022-07-06 16:50:59.234 [INFO] Server start at :http://localhost:1211/login 
2022-07-06 16:51:11.502 [INFO] Server start at :http://localhost:1211/login 
2022-07-06 16:52:02.092 [INFO] Server start at :http://localhost:1211/login 
2022-07-06 19:49:24.082 [INFO] Server start at :http://localhost:1211/login 
2022-07-06 19:49:41.444 [INFO] Server start at :http://localhost:1211/login 
2022-07-06 19:50:27.801 [INFO] Server start at :http://localhost:1211/login 
2022-07-06 19:50:35.107 [INFO] Server start at :http://localhost:1211/login 
2022-07-06 19:50:46.494 [INFO] Server start at :http://localhost:1211/login 
2022-07-06 19:51:54.985 [INFO] Server start at :http://localhost:1211/login 
2022-07-06 19:52:21.558 [INFO] Server start at :http://localhost:1211/login 
2022-07-06 19:52:41.446 [INFO] Server start at :http://localhost:1211/login 
2022-07-06 19:52:55.841 [INFO] Server start at :http://localhost:1211/login 
2022-07-06 20:08:08.749 [INFO] Server start at :http://localhost:1211/login 
2022-07-06 20:08:13.434 [NOTI] document 
2022-07-06 20:08:13.554 [NOTI] image 
2022-07-06 20:08:15.642 [NOTI] document 
2022-07-06 20:08:15.710 [NOTI] image 
2022-07-06 20:08:17.331 [NOTI] document 
2022-07-06 20:08:17.400 [NOTI] image 
2022-07-06 20:08:23.807 [NOTI] image 
2022-07-06 20:08:53.382 [NOTI] document 
2022-07-06 20:08:53.382 [INFO] Server start at :http://localhost:1211/login 
2022-07-06 20:08:55.226 [NOTI] image 
2022-07-06 20:09:16.489 [NOTI] document 
2022-07-06 20:09:17.466 [NOTI] image 
2022-07-06 20:10:08.138 [INFO] Server start at :http://localhost:1211/login 
2022-07-06 20:10:10.356 [NOTI] 2 
2022-07-06 20:10:14.193 [NOTI] document 
2022-07-06 20:10:14.342 [NOTI] 2 
2022-07-06 20:10:21.603 [NOTI] image 
2022-07-06 20:11:05.870 [NOTI] 2 
2022-07-06 20:11:05.870 [NOTI] document 
2022-07-06 20:11:05.944 [NOTI] 2 
2022-07-06 20:11:05.944 [NOTI] image 
2022-07-06 20:11:07.315 [NOTI] 2 
2022-07-06 20:11:07.315 [NOTI] document 
2022-07-06 20:11:07.388 [NOTI] 2 
2022-07-06 20:11:07.389 [NOTI] image 
2022-07-06 20:11:07.920 [NOTI] 2 
2022-07-06 20:11:07.920 [NOTI] document 
2022-07-06 20:11:07.981 [NOTI] 2 
2022-07-06 20:11:07.982 [NOTI] image 
2022-07-06 20:11:08.735 [NOTI] 2 
2022-07-06 20:11:08.735 [NOTI] document 
2022-07-06 20:11:08.793 [NOTI] 2 
2022-07-06 20:11:08.793 [NOTI] image 
2022-07-06 20:11:21.410 [NOTI] 2 
2022-07-06 20:11:21.410 [NOTI] document 
2022-07-06 20:11:21.469 [NOTI] 2 
2022-07-06 20:11:21.469 [NOTI] image 
2022-07-06 20:11:22.448 [NOTI] 2 
2022-07-06 20:11:22.448 [NOTI] document 
2022-07-06 20:11:22.506 [NOTI] 2 
2022-07-06 20:11:22.506 [NOTI] image 
2022-07-06 20:11:23.319 [NOTI] 2 
2022-07-06 20:11:23.319 [NOTI] document 
2022-07-06 20:11:23.380 [NOTI] 2 
2022-07-06 20:11:23.380 [NOTI] image 
2022-07-06 20:11:24.601 [NOTI] 2 
2022-07-06 20:11:24.601 [NOTI] document 
2022-07-06 20:11:24.663 [NOTI] 2 
2022-07-06 20:11:24.663 [NOTI] image 
2022-07-06 20:11:29.885 [NOTI] 2 
2022-07-06 20:11:29.885 [NOTI] document 
2022-07-06 20:11:29.944 [NOTI] 2 
2022-07-06 20:11:29.944 [NOTI] image 
2022-07-06 20:11:59.264 [NOTI] 2 
2022-07-06 20:11:59.264 [NOTI] document 
2022-07-06 20:11:59.330 [NOTI] 2 
2022-07-06 20:11:59.330 [NOTI] image 
2022-07-06 20:12:03.751 [NOTI] 2 
2022-07-06 20:12:03.751 [NOTI] document 
2022-07-06 20:12:03.813 [NOTI] 2 
2022-07-06 20:12:03.813 [NOTI] image 
2022-07-06 20:12:11.037 [NOTI] 2 
2022-07-06 20:12:11.037 [NOTI] document 
2022-07-06 20:12:11.100 [NOTI] 2 
2022-07-06 20:12:11.100 [NOTI] image 
2022-07-06 20:12:13.498 [NOTI] 2 
2022-07-06 20:12:13.498 [NOTI] document 
2022-07-06 20:12:13.553 [NOTI] 2 
2022-07-06 20:12:13.554 [NOTI] image 
2022-07-06 20:12:15.306 [NOTI] 2 
2022-07-06 20:12:15.306 [NOTI] document 
2022-07-06 20:12:15.367 [NOTI] 2 
2022-07-06 20:12:15.367 [NOTI] image 
2022-07-06 20:12:16.885 [NOTI] 2 
2022-07-06 20:12:16.885 [NOTI] document 
2022-07-06 20:12:16.938 [NOTI] 2 
2022-07-06 20:12:16.938 [NOTI] image 
2022-07-06 20:12:17.825 [NOTI] 2 
2022-07-06 20:12:17.825 [NOTI] document 
2022-07-06 20:12:17.884 [NOTI] 2 
2022-07-06 20:12:17.884 [NOTI] image 
2022-07-06 20:12:43.425 [NOTI] 2 
2022-07-06 20:12:43.425 [NOTI] document 
2022-07-06 20:12:43.493 [NOTI] 2 
2022-07-06 20:12:43.493 [NOTI] image 
2022-07-06 20:14:01.976 [NOTI] document 
2022-07-06 20:14:02.817 [INFO] Server start at :http://localhost:1211/login 
2022-07-06 20:14:09.742 [NOTI] document 
2022-07-06 20:14:14.528 [NOTI] document 
2022-07-06 20:14:38.149 [INFO] Server start at :http://localhost:1211/login 
2022-07-06 20:14:38.567 [NOTI] document 
2022-07-06 20:14:38.670 [NOTI] image 
2022-07-06 20:14:47.003 [NOTI] image 
2022-07-06 20:14:53.080 [NOTI] document 
2022-07-06 20:14:53.141 [NOTI] image 
2022-07-06 20:15:58.532 [NOTI] document 
2022-07-06 20:15:58.654 [NOTI] image 
2022-07-06 20:15:59.497 [NOTI] document 
2022-07-06 20:15:59.558 [NOTI] image 
2022-07-06 20:16:00.172 [NOTI] document 
2022-07-06 20:16:00.232 [NOTI] image 
2022-07-06 20:16:02.470 [NOTI] image 
2022-07-06 20:16:04.545 [NOTI] document 
2022-07-06 20:16:04.620 [NOTI] image 
2022-07-06 20:16:05.563 [NOTI] document 
2022-07-06 20:16:05.624 [NOTI] image 
2022-07-06 20:16:06.153 [NOTI] document 
2022-07-06 20:16:06.215 [NOTI] image 
2022-07-06 20:16:23.548 [NOTI] document 
2022-07-06 20:16:23.650 [NOTI] image 
2022-07-06 20:16:24.188 [INFO] Server start at :http://localhost:1211/login 
2022-07-06 20:16:25.897 [NOTI] document 
2022-07-06 20:16:25.953 [NOTI] image 
2022-07-06 20:16:34.677 [NOTI] document 
2022-07-06 20:16:34.744 [NOTI] image 
2022-07-06 20:16:37.512 [NOTI] document 
2022-07-06 20:16:37.565 [NOTI] image 
2022-07-06 20:16:44.271 [INFO] Server start at :http://localhost:1211/login 
2022-07-06 20:16:46.063 [NOTI] document 
2022-07-06 20:16:46.166 [NOTI] image 
2022-07-06 20:16:47.683 [NOTI] document 
2022-07-06 20:16:47.737 [NOTI] image 
2022-07-06 20:16:55.049 [NOTI] document 
2022-07-06 20:16:55.112 [NOTI] image 
2022-07-06 20:17:02.713 [NOTI] document 
2022-07-06 20:17:02.787 [NOTI] image 
2022-07-06 20:17:04.012 [NOTI] document 
2022-07-06 20:17:10.164 [NOTI] document 
2022-07-06 20:17:10.220 [NOTI] image 
2022-07-06 20:17:16.248 [NOTI] document 
2022-07-06 20:17:16.302 [NOTI] image 
2022-07-06 20:17:20.318 [NOTI] document 
2022-07-06 20:17:20.374 [NOTI] image 
2022-07-06 20:17:23.521 [NOTI] document 
2022-07-06 20:17:23.576 [NOTI] image 
2022-07-06 20:17:44.301 [NOTI] document 
2022-07-06 20:17:44.359 [NOTI] image 
2022-07-06 20:18:00.143 [NOTI] document 
2022-07-06 20:18:00.202 [NOTI] image 
2022-07-06 20:18:02.653 [NOTI] document 
2022-07-06 20:18:02.710 [NOTI] image 
2022-07-06 20:18:17.253 [NOTI] document 
2022-07-06 20:18:17.307 [NOTI] image 
2022-07-06 20:18:19.401 [NOTI] document 
2022-07-06 20:18:19.457 [NOTI] image 
2022-07-06 20:18:24.131 [NOTI] document 
2022-07-06 20:18:24.185 [NOTI] image 
2022-07-06 20:18:28.744 [NOTI] document 
2022-07-06 20:18:28.793 [NOTI] image 
2022-07-06 20:18:30.464 [NOTI] document 
2022-07-06 20:18:30.516 [NOTI] image 
2022-07-06 20:19:13.565 [NOTI] document 
2022-07-06 20:19:13.631 [NOTI] image 
2022-07-06 20:20:44.400 [NOTI] document 
2022-07-06 20:20:44.457 [NOTI] image 
2022-07-06 20:20:47.128 [NOTI] document 
2022-07-06 20:20:47.204 [NOTI] image 
2022-07-06 20:20:51.106 [NOTI] document 
2022-07-06 20:20:51.157 [NOTI] image 
2022-07-06 20:20:54.775 [NOTI] document 
2022-07-06 20:20:54.835 [NOTI] image 
2022-07-06 20:20:55.674 [NOTI] document 
2022-07-06 20:20:55.748 [NOTI] image 
2022-07-06 20:21:16.409 [INFO] Server start at :http://localhost:1211/login 
2022-07-06 20:22:47.069 [INFO] Server start at :http://localhost:1211/login 
2022-07-06 20:24:35.511 [INFO] Server start at :http://localhost:1211/login 
